#
# There is insufficient memory for the Java Runtime Environment to continue.
# Native memory allocation (malloc) failed to allocate 1066416 bytes. Error detail: Chunk::new
# Possible reasons:
#   The system is out of physical RAM or swap space
#   This process is running with CompressedOops enabled, and the Java Heap may be blocking the growth of the native heap
# Possible solutions:
#   Reduce memory load on the system
#   Increase physical memory or swap space
#   Check if swap backing store is full
#   Decrease Java heap size (-Xmx/-Xms)
#   Decrease number of Java threads
#   Decrease Java thread stack sizes (-Xss)
#   Set larger code cache with -XX:ReservedCodeCacheSize=
#   JVM is running with Unscaled Compressed Oops mode in which the Java heap is
#     placed in the first 4GB address space. The Java Heap base address is the
#     maximum limit for the native heap growth. Please use -XX:HeapBaseMinAddress
#     to set the Java Heap base and to place the Java Heap above 4GB virtual address.
# This output file may be truncated or incomplete.
#
#  Out of Memory Error (arena.cpp:191), pid=11908, tid=7048
#
# JRE version: OpenJDK Runtime Environment Temurin-17.0.11+9 (17.0.11+9) (build 17.0.11+9)
# Java VM: OpenJDK 64-Bit Server VM Temurin-17.0.11+9 (17.0.11+9, mixed mode, tiered, compressed oops, compressed class ptrs, parallel gc, windows-amd64)
# No core dump will be written. Minidumps are not enabled by default on client versions of Windows
#

---------------  S U M M A R Y ------------

Command Line: --add-modules=ALL-SYSTEM --add-opens=java.base/java.util=ALL-UNNAMED --add-opens=java.base/java.lang=ALL-UNNAMED --add-opens=java.base/sun.nio.fs=ALL-UNNAMED -Declipse.application=org.eclipse.jdt.ls.core.id1 -Dosgi.bundles.defaultStartLevel=4 -Declipse.product=org.eclipse.jdt.ls.core.product -Djava.import.generatesMetadataFilesAtProjectRoot=false -DDetectVMInstallationsJob.disabled=true -Dfile.encoding=utf8 -XX:+UseParallelGC -XX:GCTimeRatio=4 -XX:AdaptiveSizePolicyWeight=90 -Dsun.zip.disableMemoryMapping=true -Xmx1G -Xms100m -Xlog:disable -javaagent:c:\Users\rifaa\.vscode\extensions\redhat.java-1.32.0-win32-x64\lombok\lombok-1.18.33.jar -XX:+HeapDumpOnOutOfMemoryError -XX:HeapDumpPath=c:\Users\rifaa\AppData\Roaming\Code\User\workspaceStorage\eff9e2248ba5da2af1d37f4b9032435e\redhat.java -Daether.dependencyCollector.impl=bf c:\Users\rifaa\.vscode\extensions\redhat.java-1.32.0-win32-x64\server\plugins\org.eclipse.equinox.launcher_1.6.900.v20240613-2009.jar -configuration c:\Users\rifaa\AppData\Roaming\Code\User\globalStorage\redhat.java\1.32.0\config_win -data c:\Users\rifaa\AppData\Roaming\Code\User\workspaceStorage\eff9e2248ba5da2af1d37f4b9032435e\redhat.java\jdt_ws --pipe=\\.\pipe\lsp-c28cb1fc965d403b23260ff6c6a88aa2-sock

Host: Intel(R) Core(TM) i3-1005G1 CPU @ 1.20GHz, 4 cores, 3G,  Windows 11 , 64 bit Build 22621 (10.0.22621.3672)
Time: Sun Jul  7 12:43:26 2024 SE Asia Standard Time elapsed time: 14.303061 seconds (0d 0h 0m 14s)

---------------  T H R E A D  ---------------

Current thread (0x000001383abe7ab0):  JavaThread "C2 CompilerThread0" daemon [_thread_in_native, id=7048, stack(0x00000014df100000,0x00000014df200000)]


Current CompileTask:
C2:  14303 5845   !   4       org.eclipse.osgi.internal.loader.classpath.ClasspathManager::findLocalClass (210 bytes)

Stack: [0x00000014df100000,0x00000014df200000]
Native frames: (J=compiled Java code, j=interpreted, Vv=VM code, C=native code)
V  [jvm.dll+0x67d429]
V  [jvm.dll+0x834b7a]
V  [jvm.dll+0x83663e]
V  [jvm.dll+0x836ca3]
V  [jvm.dll+0x247dbf]
V  [jvm.dll+0xac534]
V  [jvm.dll+0xacb7c]
V  [jvm.dll+0x2af2cf]
V  [jvm.dll+0x5848b7]
V  [jvm.dll+0x222d82]
V  [jvm.dll+0x22317f]
V  [jvm.dll+0x21c2a0]
V  [jvm.dll+0x2197a1]
V  [jvm.dll+0x1a534d]
V  [jvm.dll+0x2295cd]
V  [jvm.dll+0x22779c]
V  [jvm.dll+0x7e9d07]
V  [jvm.dll+0x7e410a]
V  [jvm.dll+0x67c315]
C  [ucrtbase.dll+0x29333]
C  [KERNEL32.DLL+0x1257d]
C  [ntdll.dll+0x5af28]


---------------  P R O C E S S  ---------------

Threads class SMR info:
_java_thread_list=0x0000013843594b60, length=33, elements={
0x0000013824e17ae0, 0x000001383abb1030, 0x000001383abb3b20, 0x000001383abe0f20,
0x000001383abe17f0, 0x000001383abe22c0, 0x000001383abe2d90, 0x000001383abe7ab0,
0x000001383abfb690, 0x000001383abfe360, 0x0000013824e7a3f0, 0x000001383ffd7500,
0x0000013840939830, 0x0000013840787e70, 0x0000013840788350, 0x000001384104e850,
0x00000138406b0190, 0x000001384138b2e0, 0x000001384138add0, 0x000001384138bd00,
0x000001384138c720, 0x0000013841389990, 0x000001384138c210, 0x0000013841389480,
0x000001384138a3b0, 0x000001384138a8c0, 0x0000013841e0e5b0, 0x0000013841e0eac0,
0x0000013841e0efd0, 0x0000013841e10410, 0x0000013841e0f4e0, 0x0000013841e10920,
0x0000013841e11340
}

Java Threads: ( => current thread )
  0x0000013824e17ae0 JavaThread "main" [_thread_blocked, id=20964, stack(0x00000014de800000,0x00000014de900000)]
  0x000001383abb1030 JavaThread "Reference Handler" daemon [_thread_blocked, id=5884, stack(0x00000014deb00000,0x00000014dec00000)]
  0x000001383abb3b20 JavaThread "Finalizer" daemon [_thread_blocked, id=17060, stack(0x00000014dec00000,0x00000014ded00000)]
  0x000001383abe0f20 JavaThread "Signal Dispatcher" daemon [_thread_blocked, id=11184, stack(0x00000014ded00000,0x00000014dee00000)]
  0x000001383abe17f0 JavaThread "Attach Listener" daemon [_thread_blocked, id=14112, stack(0x00000014dee00000,0x00000014def00000)]
  0x000001383abe22c0 JavaThread "Service Thread" daemon [_thread_blocked, id=18252, stack(0x00000014def00000,0x00000014df000000)]
  0x000001383abe2d90 JavaThread "Monitor Deflation Thread" daemon [_thread_blocked, id=22200, stack(0x00000014df000000,0x00000014df100000)]
=>0x000001383abe7ab0 JavaThread "C2 CompilerThread0" daemon [_thread_in_native, id=7048, stack(0x00000014df100000,0x00000014df200000)]
  0x000001383abfb690 JavaThread "C1 CompilerThread0" daemon [_thread_in_native, id=17336, stack(0x00000014df200000,0x00000014df300000)]
  0x000001383abfe360 JavaThread "Sweeper thread" daemon [_thread_blocked, id=23280, stack(0x00000014df300000,0x00000014df400000)]
  0x0000013824e7a3f0 JavaThread "Common-Cleaner" daemon [_thread_blocked, id=21756, stack(0x00000014df400000,0x00000014df500000)]
  0x000001383ffd7500 JavaThread "Notification Thread" daemon [_thread_blocked, id=22596, stack(0x00000014df500000,0x00000014df600000)]
  0x0000013840939830 JavaThread "Active Thread: Equinox Container: f8831d8f-af87-4736-8299-1cd95ab71bf5" [_thread_blocked, id=3908, stack(0x00000014dfa00000,0x00000014dfb00000)]
  0x0000013840787e70 JavaThread "Framework Event Dispatcher: Equinox Container: f8831d8f-af87-4736-8299-1cd95ab71bf5" daemon [_thread_blocked, id=9608, stack(0x00000014dfb00000,0x00000014dfc00000)]
  0x0000013840788350 JavaThread "Start Level: Equinox Container: f8831d8f-af87-4736-8299-1cd95ab71bf5" daemon [_thread_blocked, id=19536, stack(0x00000014dfc00000,0x00000014dfd00000)]
  0x000001384104e850 JavaThread "Bundle File Closer" daemon [_thread_blocked, id=22804, stack(0x00000014dfd00000,0x00000014dfe00000)]
  0x00000138406b0190 JavaThread "SCR Component Actor" daemon [_thread_blocked, id=21212, stack(0x00000014dfe00000,0x00000014dff00000)]
  0x000001384138b2e0 JavaThread "Worker-JM" [_thread_blocked, id=5272, stack(0x00000014e0000000,0x00000014e0100000)]
  0x000001384138add0 JavaThread "Worker-0: Repository registry initialization" [_thread_in_vm, id=1316, stack(0x00000014e0100000,0x00000014e0200000)]
  0x000001384138bd00 JavaThread "Worker-1" [_thread_blocked, id=21372, stack(0x00000014e0200000,0x00000014e0300000)]
  0x000001384138c720 JavaThread "Worker-2: Processing Java changes since last activation" [_thread_in_native, id=11024, stack(0x00000014e0300000,0x00000014e0400000)]
  0x0000013841389990 JavaThread "Java indexing" daemon [_thread_blocked, id=20844, stack(0x00000014e0400000,0x00000014e0500000)]
  0x000001384138c210 JavaThread "Worker-3" [_thread_blocked, id=20736, stack(0x00000014e0500000,0x00000014e0600000)]
  0x0000013841389480 JavaThread "Worker-4" [_thread_blocked, id=5896, stack(0x00000014e0600000,0x00000014e0700000)]
  0x000001384138a3b0 JavaThread "JNA Cleaner" daemon [_thread_blocked, id=17192, stack(0x00000014e0700000,0x00000014e0800000)]
  0x000001384138a8c0 JavaThread "Thread-2" daemon [_thread_in_native, id=8632, stack(0x00000014e0800000,0x00000014e0900000)]
  0x0000013841e0e5b0 JavaThread "Thread-3" daemon [_thread_in_native, id=20584, stack(0x00000014e0900000,0x00000014e0a00000)]
  0x0000013841e0eac0 JavaThread "Thread-4" daemon [_thread_in_native, id=12068, stack(0x00000014e0a00000,0x00000014e0b00000)]
  0x0000013841e0efd0 JavaThread "Thread-5" daemon [_thread_in_native, id=8684, stack(0x00000014e0b00000,0x00000014e0c00000)]
  0x0000013841e10410 JavaThread "Thread-6" daemon [_thread_in_native, id=7600, stack(0x00000014e0c00000,0x00000014e0d00000)]
  0x0000013841e0f4e0 JavaThread "pool-2-thread-1" [_thread_blocked, id=9984, stack(0x00000014e0d00000,0x00000014e0e00000)]
  0x0000013841e10920 JavaThread "WorkspaceEventsHandler" [_thread_blocked, id=18880, stack(0x00000014dff00000,0x00000014e0000000)]
  0x0000013841e11340 JavaThread "pool-1-thread-1" [_thread_in_native, id=20540, stack(0x00000014e0e00000,0x00000014e0f00000)]

Other Threads:
  0x0000013824e9e280 VMThread "VM Thread" [stack: 0x00000014dea00000,0x00000014deb00000] [id=23312]
  0x000001383ffd79e0 WatcherThread [stack: 0x00000014df600000,0x00000014df700000] [id=12964]
  0x0000013824e2c640 GCTaskThread "GC Thread#0" [stack: 0x00000014de900000,0x00000014dea00000] [id=15048]
  0x00000138402b74a0 GCTaskThread "GC Thread#1" [stack: 0x00000014df700000,0x00000014df800000] [id=12476]
  0x0000013840888620 GCTaskThread "GC Thread#2" [stack: 0x00000014df800000,0x00000014df900000] [id=10760]
  0x000001384088f170 GCTaskThread "GC Thread#3" [stack: 0x00000014df900000,0x00000014dfa00000] [id=6624]

Threads with active compile tasks:
C2 CompilerThread0    14342 5845   !   4       org.eclipse.osgi.internal.loader.classpath.ClasspathManager::findLocalClass (210 bytes)

VM state: not at safepoint (normal execution)

VM Mutex/Monitor currently owned by a thread: None

Heap address: 0x00000000c0000000, size: 1024 MB, Compressed Oops mode: 32-bit

CDS archive(s) not mapped
Compressed class space mapped at: 0x0000000100000000-0x0000000140000000, reserved size: 1073741824
Narrow klass base: 0x0000000000000000, Narrow klass shift: 3, Narrow klass range: 0x140000000

GC Precious Log:
 CPUs: 4 total, 4 available
 Memory: 3902M
 Large Page Support: Disabled
 NUMA Support: Disabled
 Compressed Oops: Enabled (32-bit)
 Alignments: Space 512K, Generation 512K, Heap 2M
 Heap Min Capacity: 100M
 Heap Initial Capacity: 100M
 Heap Max Capacity: 1G
 Pre-touch: Disabled
 Parallel Workers: 4

Heap:
 PSYoungGen      total 22016K, used 12756K [0x00000000eab00000, 0x00000000ec880000, 0x0000000100000000)
  eden space 19968K, 53% used [0x00000000eab00000,0x00000000eb57af50,0x00000000ebe80000)
  from space 2048K, 98% used [0x00000000ec280000,0x00000000ec47a448,0x00000000ec480000)
  to   space 4096K, 0% used [0x00000000ebe80000,0x00000000ebe80000,0x00000000ec280000)
 ParOldGen       total 68608K, used 21618K [0x00000000c0000000, 0x00000000c4300000, 0x00000000eab00000)
  object space 68608K, 31% used [0x00000000c0000000,0x00000000c151c968,0x00000000c4300000)
 Metaspace       used 52768K, committed 53696K, reserved 1114112K
  class space    used 5696K, committed 6080K, reserved 1048576K

Card table byte_map: [0x0000013838470000,0x0000013838680000] _byte_map_base: 0x0000013837e70000

Marking Bits: (ParMarkBitMap*) 0x00007ffa07ccd820
 Begin Bits: [0x00000138387e0000, 0x00000138397e0000)
 End Bits:   [0x00000138397e0000, 0x000001383a7e0000)

Polling page: 0x0000013824ec0000

Metaspace:

Usage:
  Non-class:     45.97 MB used.
      Class:      5.56 MB used.
       Both:     51.53 MB used.

Virtual space:
  Non-class space:       64.00 MB reserved,      46.50 MB ( 73%) committed,  1 nodes.
      Class space:        1.00 GB reserved,       5.94 MB ( <1%) committed,  1 nodes.
             Both:        1.06 GB reserved,      52.44 MB (  5%) committed. 

Chunk freelists:
   Non-Class:  1.38 MB
       Class:  10.01 MB
        Both:  11.39 MB

MaxMetaspaceSize: unlimited
CompressedClassSpaceSize: 1.00 GB
Initial GC threshold: 21.00 MB
Current GC threshold: 58.38 MB
CDS: off
MetaspaceReclaimPolicy: balanced
 - commit_granule_bytes: 65536.
 - commit_granule_words: 8192.
 - virtual_space_node_default_size: 8388608.
 - enlarge_chunks_in_place: 1.
 - new_chunks_are_fully_committed: 0.
 - uncommit_free_chunks: 1.
 - use_allocation_guard: 0.
 - handle_deallocations: 1.


Internal statistics:

num_allocs_failed_limit: 6.
num_arena_births: 730.
num_arena_deaths: 14.
num_vsnodes_births: 2.
num_vsnodes_deaths: 0.
num_space_committed: 839.
num_space_uncommitted: 0.
num_chunks_returned_to_freelist: 20.
num_chunks_taken_from_freelist: 2830.
num_chunk_merges: 11.
num_chunk_splits: 1710.
num_chunks_enlarged: 931.
num_inconsistent_stats: 0.

CodeHeap 'non-profiled nmethods': size=120000Kb used=2496Kb max_used=2496Kb free=117503Kb
 bounds [0x0000013830d60000, 0x0000013830ff0000, 0x0000013838290000]
CodeHeap 'profiled nmethods': size=120000Kb used=10754Kb max_used=10990Kb free=109245Kb
 bounds [0x0000013829290000, 0x0000013829d50000, 0x00000138307c0000]
CodeHeap 'non-nmethods': size=5760Kb used=1321Kb max_used=1368Kb free=4438Kb
 bounds [0x00000138307c0000, 0x0000013830a30000, 0x0000013830d60000]
 total_blobs=5865 nmethods=5224 adapters=555
 compilation: enabled
              stopped_count=0, restarted_count=0
 full_count=0

Compilation events (20 events):
Event: 14.231 Thread 0x000001383abfb690 5984       1       com.google.common.collect.SingletonImmutableSet::size (2 bytes)
Event: 14.231 Thread 0x000001383abfb690 nmethod 5984 0x0000013830f2aa90 code [0x0000013830f2ac20, 0x0000013830f2acf8]
Event: 14.233 Thread 0x000001383abfb690 5985       3       com.google.inject.internal.InjectorJitBindingData::banKeyInParent (27 bytes)
Event: 14.234 Thread 0x000001383abfb690 nmethod 5985 0x0000013829c5a710 code [0x0000013829c5a960, 0x0000013829c5b368]
Event: 14.234 Thread 0x000001383abfb690 5986       3       org.eclipse.sisu.bean.BeanPropertyField::getName (8 bytes)
Event: 14.234 Thread 0x000001383abfb690 nmethod 5986 0x0000013829c5a390 code [0x0000013829c5a520, 0x0000013829c5a658]
Event: 14.236 Thread 0x000001383abfb690 5987       3       com.google.inject.internal.Scoping::scope (47 bytes)
Event: 14.237 Thread 0x000001383abfb690 nmethod 5987 0x0000013829c58f10 code [0x0000013829c59180, 0x0000013829c59ec8]
Event: 14.239 Thread 0x000001383abfb690 5988   !   3       jdk.proxy1.$Proxy0::value (29 bytes)
Event: 14.240 Thread 0x000001383abfb690 nmethod 5988 0x0000013829c58790 code [0x0000013829c58960, 0x0000013829c58d38]
Event: 14.241 Thread 0x000001383abfb690 5989       3       org.eclipse.osgi.internal.util.Tokenizer::getString (7 bytes)
Event: 14.241 Thread 0x000001383abfb690 nmethod 5989 0x0000013829c58410 code [0x0000013829c585c0, 0x0000013829c58708]
Event: 14.252 Thread 0x000001383abfb690 5990       3       java.nio.file.Files::readAttributes (11 bytes)
Event: 14.253 Thread 0x000001383abfb690 nmethod 5990 0x0000013829c57e10 code [0x0000013829c57fc0, 0x0000013829c58238]
Event: 14.270 Thread 0x000001383abfb690 5991       3       java.util.ArrayDeque::<init> (14 bytes)
Event: 14.271 Thread 0x000001383abfb690 nmethod 5991 0x0000013829c57910 code [0x0000013829c57ac0, 0x0000013829c57d38]
Event: 14.285 Thread 0x000001383abfb690 5992       3       com.google.common.collect.AbstractMapBasedMultimap$WrappedCollection::size (14 bytes)
Event: 14.285 Thread 0x000001383abfb690 nmethod 5992 0x0000013829c57410 code [0x0000013829c575c0, 0x0000013829c57838]
Event: 14.296 Thread 0x000001383abfb690 5993       3       com.google.common.collect.LinkedHashMultimap$ValueEntry::getSuccessorInValueSet (11 bytes)
Event: 14.297 Thread 0x000001383abfb690 nmethod 5993 0x0000013829c56e10 code [0x0000013829c56fc0, 0x0000013829c57328]

GC Heap History (20 events):
Event: 8.786 GC heap before
{Heap before GC invocations=11 (full 1):
 PSYoungGen      total 26624K, used 26473K [0x00000000eab00000, 0x00000000ec900000, 0x0000000100000000)
  eden space 23552K, 100% used [0x00000000eab00000,0x00000000ec200000,0x00000000ec200000)
  from space 3072K, 95% used [0x00000000ec300000,0x00000000ec5da630,0x00000000ec600000)
  to   space 3072K, 0% used [0x00000000ec600000,0x00000000ec600000,0x00000000ec900000)
 ParOldGen       total 68608K, used 12156K [0x00000000c0000000, 0x00000000c4300000, 0x00000000eab00000)
  object space 68608K, 17% used [0x00000000c0000000,0x00000000c0bdf370,0x00000000c4300000)
 Metaspace       used 34414K, committed 35264K, reserved 1114112K
  class space    used 3404K, committed 3712K, reserved 1048576K
}
Event: 8.790 GC heap after
{Heap after GC invocations=11 (full 1):
 PSYoungGen      total 26112K, used 2801K [0x00000000eab00000, 0x00000000ec900000, 0x0000000100000000)
  eden space 23040K, 0% used [0x00000000eab00000,0x00000000eab00000,0x00000000ec180000)
  from space 3072K, 91% used [0x00000000ec600000,0x00000000ec8bc578,0x00000000ec900000)
  to   space 3072K, 0% used [0x00000000ec300000,0x00000000ec300000,0x00000000ec600000)
 ParOldGen       total 68608K, used 14042K [0x00000000c0000000, 0x00000000c4300000, 0x00000000eab00000)
  object space 68608K, 20% used [0x00000000c0000000,0x00000000c0db6860,0x00000000c4300000)
 Metaspace       used 34414K, committed 35264K, reserved 1114112K
  class space    used 3404K, committed 3712K, reserved 1048576K
}
Event: 8.912 GC heap before
{Heap before GC invocations=12 (full 1):
 PSYoungGen      total 26112K, used 8694K [0x00000000eab00000, 0x00000000ec900000, 0x0000000100000000)
  eden space 23040K, 25% used [0x00000000eab00000,0x00000000eb0c1390,0x00000000ec180000)
  from space 3072K, 91% used [0x00000000ec600000,0x00000000ec8bc578,0x00000000ec900000)
  to   space 3072K, 0% used [0x00000000ec300000,0x00000000ec300000,0x00000000ec600000)
 ParOldGen       total 68608K, used 14042K [0x00000000c0000000, 0x00000000c4300000, 0x00000000eab00000)
  object space 68608K, 20% used [0x00000000c0000000,0x00000000c0db6860,0x00000000c4300000)
 Metaspace       used 35009K, committed 35840K, reserved 1114112K
  class space    used 3485K, committed 3840K, reserved 1048576K
}
Event: 8.914 GC heap after
{Heap after GC invocations=12 (full 1):
 PSYoungGen      total 23552K, used 192K [0x00000000eab00000, 0x00000000ec680000, 0x0000000100000000)
  eden space 23040K, 0% used [0x00000000eab00000,0x00000000eab00000,0x00000000ec180000)
  from space 512K, 37% used [0x00000000ec300000,0x00000000ec330000,0x00000000ec380000)
  to   space 1536K, 0% used [0x00000000ec500000,0x00000000ec500000,0x00000000ec680000)
 ParOldGen       total 68608K, used 16274K [0x00000000c0000000, 0x00000000c4300000, 0x00000000eab00000)
  object space 68608K, 23% used [0x00000000c0000000,0x00000000c0fe4b18,0x00000000c4300000)
 Metaspace       used 35009K, committed 35840K, reserved 1114112K
  class space    used 3485K, committed 3840K, reserved 1048576K
}
Event: 8.914 GC heap before
{Heap before GC invocations=13 (full 2):
 PSYoungGen      total 23552K, used 192K [0x00000000eab00000, 0x00000000ec680000, 0x0000000100000000)
  eden space 23040K, 0% used [0x00000000eab00000,0x00000000eab00000,0x00000000ec180000)
  from space 512K, 37% used [0x00000000ec300000,0x00000000ec330000,0x00000000ec380000)
  to   space 1536K, 0% used [0x00000000ec500000,0x00000000ec500000,0x00000000ec680000)
 ParOldGen       total 68608K, used 16274K [0x00000000c0000000, 0x00000000c4300000, 0x00000000eab00000)
  object space 68608K, 23% used [0x00000000c0000000,0x00000000c0fe4b18,0x00000000c4300000)
 Metaspace       used 35009K, committed 35840K, reserved 1114112K
  class space    used 3485K, committed 3840K, reserved 1048576K
}
Event: 8.949 GC heap after
{Heap after GC invocations=13 (full 2):
 PSYoungGen      total 23552K, used 0K [0x00000000eab00000, 0x00000000ec680000, 0x0000000100000000)
  eden space 23040K, 0% used [0x00000000eab00000,0x00000000eab00000,0x00000000ec180000)
  from space 512K, 0% used [0x00000000ec300000,0x00000000ec300000,0x00000000ec380000)
  to   space 1536K, 0% used [0x00000000ec500000,0x00000000ec500000,0x00000000ec680000)
 ParOldGen       total 68608K, used 15052K [0x00000000c0000000, 0x00000000c4300000, 0x00000000eab00000)
  object space 68608K, 21% used [0x00000000c0000000,0x00000000c0eb30f0,0x00000000c4300000)
 Metaspace       used 35009K, committed 35840K, reserved 1114112K
  class space    used 3485K, committed 3840K, reserved 1048576K
}
Event: 9.296 GC heap before
{Heap before GC invocations=14 (full 2):
 PSYoungGen      total 23552K, used 23040K [0x00000000eab00000, 0x00000000ec680000, 0x0000000100000000)
  eden space 23040K, 100% used [0x00000000eab00000,0x00000000ec180000,0x00000000ec180000)
  from space 512K, 0% used [0x00000000ec300000,0x00000000ec300000,0x00000000ec380000)
  to   space 1536K, 0% used [0x00000000ec500000,0x00000000ec500000,0x00000000ec680000)
 ParOldGen       total 68608K, used 15052K [0x00000000c0000000, 0x00000000c4300000, 0x00000000eab00000)
  object space 68608K, 21% used [0x00000000c0000000,0x00000000c0eb30f0,0x00000000c4300000)
 Metaspace       used 38067K, committed 38912K, reserved 1114112K
  class space    used 3847K, committed 4224K, reserved 1048576K
}
Event: 9.297 GC heap after
{Heap after GC invocations=14 (full 2):
 PSYoungGen      total 24064K, used 1507K [0x00000000eab00000, 0x00000000ec680000, 0x0000000100000000)
  eden space 22528K, 0% used [0x00000000eab00000,0x00000000eab00000,0x00000000ec100000)
  from space 1536K, 98% used [0x00000000ec500000,0x00000000ec678ca0,0x00000000ec680000)
  to   space 2048K, 0% used [0x00000000ec280000,0x00000000ec280000,0x00000000ec480000)
 ParOldGen       total 68608K, used 15068K [0x00000000c0000000, 0x00000000c4300000, 0x00000000eab00000)
  object space 68608K, 21% used [0x00000000c0000000,0x00000000c0eb70f0,0x00000000c4300000)
 Metaspace       used 38067K, committed 38912K, reserved 1114112K
  class space    used 3847K, committed 4224K, reserved 1048576K
}
Event: 9.635 GC heap before
{Heap before GC invocations=15 (full 2):
 PSYoungGen      total 24064K, used 24035K [0x00000000eab00000, 0x00000000ec680000, 0x0000000100000000)
  eden space 22528K, 100% used [0x00000000eab00000,0x00000000ec100000,0x00000000ec100000)
  from space 1536K, 98% used [0x00000000ec500000,0x00000000ec678ca0,0x00000000ec680000)
  to   space 2048K, 0% used [0x00000000ec280000,0x00000000ec280000,0x00000000ec480000)
 ParOldGen       total 68608K, used 15068K [0x00000000c0000000, 0x00000000c4300000, 0x00000000eab00000)
  object space 68608K, 21% used [0x00000000c0000000,0x00000000c0eb70f0,0x00000000c4300000)
 Metaspace       used 40131K, committed 41024K, reserved 1114112K
  class space    used 4104K, committed 4480K, reserved 1048576K
}
Event: 9.639 GC heap after
{Heap after GC invocations=15 (full 2):
 PSYoungGen      total 23040K, used 810K [0x00000000eab00000, 0x00000000ec580000, 0x0000000100000000)
  eden space 22016K, 0% used [0x00000000eab00000,0x00000000eab00000,0x00000000ec080000)
  from space 1024K, 79% used [0x00000000ec280000,0x00000000ec34a890,0x00000000ec380000)
  to   space 1536K, 0% used [0x00000000ec400000,0x00000000ec400000,0x00000000ec580000)
 ParOldGen       total 68608K, used 16453K [0x00000000c0000000, 0x00000000c4300000, 0x00000000eab00000)
  object space 68608K, 23% used [0x00000000c0000000,0x00000000c10117f8,0x00000000c4300000)
 Metaspace       used 40131K, committed 41024K, reserved 1114112K
  class space    used 4104K, committed 4480K, reserved 1048576K
}
Event: 10.654 GC heap before
{Heap before GC invocations=16 (full 2):
 PSYoungGen      total 23040K, used 22826K [0x00000000eab00000, 0x00000000ec580000, 0x0000000100000000)
  eden space 22016K, 100% used [0x00000000eab00000,0x00000000ec080000,0x00000000ec080000)
  from space 1024K, 79% used [0x00000000ec280000,0x00000000ec34a890,0x00000000ec380000)
  to   space 1536K, 0% used [0x00000000ec400000,0x00000000ec400000,0x00000000ec580000)
 ParOldGen       total 68608K, used 16453K [0x00000000c0000000, 0x00000000c4300000, 0x00000000eab00000)
  object space 68608K, 23% used [0x00000000c0000000,0x00000000c10117f8,0x00000000c4300000)
 Metaspace       used 42156K, committed 43072K, reserved 1114112K
  class space    used 4356K, committed 4736K, reserved 1048576K
}
Event: 10.656 GC heap after
{Heap after GC invocations=16 (full 2):
 PSYoungGen      total 23040K, used 920K [0x00000000eab00000, 0x00000000ec500000, 0x0000000100000000)
  eden space 22016K, 0% used [0x00000000eab00000,0x00000000eab00000,0x00000000ec080000)
  from space 1024K, 89% used [0x00000000ec400000,0x00000000ec4e61e8,0x00000000ec500000)
  to   space 1024K, 0% used [0x00000000ec280000,0x00000000ec280000,0x00000000ec380000)
 ParOldGen       total 68608K, used 17078K [0x00000000c0000000, 0x00000000c4300000, 0x00000000eab00000)
  object space 68608K, 24% used [0x00000000c0000000,0x00000000c10adaa8,0x00000000c4300000)
 Metaspace       used 42156K, committed 43072K, reserved 1114112K
  class space    used 4356K, committed 4736K, reserved 1048576K
}
Event: 11.225 GC heap before
{Heap before GC invocations=17 (full 2):
 PSYoungGen      total 23040K, used 22936K [0x00000000eab00000, 0x00000000ec500000, 0x0000000100000000)
  eden space 22016K, 100% used [0x00000000eab00000,0x00000000ec080000,0x00000000ec080000)
  from space 1024K, 89% used [0x00000000ec400000,0x00000000ec4e61e8,0x00000000ec500000)
  to   space 1024K, 0% used [0x00000000ec280000,0x00000000ec280000,0x00000000ec380000)
 ParOldGen       total 68608K, used 17078K [0x00000000c0000000, 0x00000000c4300000, 0x00000000eab00000)
  object space 68608K, 24% used [0x00000000c0000000,0x00000000c10adaa8,0x00000000c4300000)
 Metaspace       used 45117K, committed 46080K, reserved 1114112K
  class space    used 4726K, committed 5120K, reserved 1048576K
}
Event: 11.228 GC heap after
{Heap after GC invocations=17 (full 2):
 PSYoungGen      total 23040K, used 896K [0x00000000eab00000, 0x00000000ec480000, 0x0000000100000000)
  eden space 22016K, 0% used [0x00000000eab00000,0x00000000eab00000,0x00000000ec080000)
  from space 1024K, 87% used [0x00000000ec280000,0x00000000ec360000,0x00000000ec380000)
  to   space 1024K, 0% used [0x00000000ec380000,0x00000000ec380000,0x00000000ec480000)
 ParOldGen       total 68608K, used 17979K [0x00000000c0000000, 0x00000000c4300000, 0x00000000eab00000)
  object space 68608K, 26% used [0x00000000c0000000,0x00000000c118ec30,0x00000000c4300000)
 Metaspace       used 45117K, committed 46080K, reserved 1114112K
  class space    used 4726K, committed 5120K, reserved 1048576K
}
Event: 11.964 GC heap before
{Heap before GC invocations=18 (full 2):
 PSYoungGen      total 23040K, used 22912K [0x00000000eab00000, 0x00000000ec480000, 0x0000000100000000)
  eden space 22016K, 100% used [0x00000000eab00000,0x00000000ec080000,0x00000000ec080000)
  from space 1024K, 87% used [0x00000000ec280000,0x00000000ec360000,0x00000000ec380000)
  to   space 1024K, 0% used [0x00000000ec380000,0x00000000ec380000,0x00000000ec480000)
 ParOldGen       total 68608K, used 17979K [0x00000000c0000000, 0x00000000c4300000, 0x00000000eab00000)
  object space 68608K, 26% used [0x00000000c0000000,0x00000000c118ec30,0x00000000c4300000)
 Metaspace       used 48018K, committed 49024K, reserved 1114112K
  class space    used 5074K, committed 5504K, reserved 1048576K
}
Event: 11.966 GC heap after
{Heap after GC invocations=18 (full 2):
 PSYoungGen      total 23040K, used 1018K [0x00000000eab00000, 0x00000000ec580000, 0x0000000100000000)
  eden space 22016K, 0% used [0x00000000eab00000,0x00000000eab00000,0x00000000ec080000)
  from space 1024K, 99% used [0x00000000ec380000,0x00000000ec47e8a8,0x00000000ec480000)
  to   space 2560K, 0% used [0x00000000ec080000,0x00000000ec080000,0x00000000ec300000)
 ParOldGen       total 68608K, used 19215K [0x00000000c0000000, 0x00000000c4300000, 0x00000000eab00000)
  object space 68608K, 28% used [0x00000000c0000000,0x00000000c12c3d78,0x00000000c4300000)
 Metaspace       used 48018K, committed 49024K, reserved 1114112K
  class space    used 5074K, committed 5504K, reserved 1048576K
}
Event: 13.314 GC heap before
{Heap before GC invocations=19 (full 2):
 PSYoungGen      total 23040K, used 23034K [0x00000000eab00000, 0x00000000ec580000, 0x0000000100000000)
  eden space 22016K, 100% used [0x00000000eab00000,0x00000000ec080000,0x00000000ec080000)
  from space 1024K, 99% used [0x00000000ec380000,0x00000000ec47e8a8,0x00000000ec480000)
  to   space 2560K, 0% used [0x00000000ec080000,0x00000000ec080000,0x00000000ec300000)
 ParOldGen       total 68608K, used 19215K [0x00000000c0000000, 0x00000000c4300000, 0x00000000eab00000)
  object space 68608K, 28% used [0x00000000c0000000,0x00000000c12c3d78,0x00000000c4300000)
 Metaspace       used 50331K, committed 51328K, reserved 1114112K
  class space    used 5388K, committed 5824K, reserved 1048576K
}
Event: 13.317 GC heap after
{Heap after GC invocations=19 (full 2):
 PSYoungGen      total 23552K, used 1440K [0x00000000eab00000, 0x00000000ec480000, 0x0000000100000000)
  eden space 22016K, 0% used [0x00000000eab00000,0x00000000eab00000,0x00000000ec080000)
  from space 1536K, 93% used [0x00000000ec080000,0x00000000ec1e8000,0x00000000ec200000)
  to   space 2048K, 0% used [0x00000000ec280000,0x00000000ec280000,0x00000000ec480000)
 ParOldGen       total 68608K, used 20206K [0x00000000c0000000, 0x00000000c4300000, 0x00000000eab00000)
  object space 68608K, 29% used [0x00000000c0000000,0x00000000c13bbb30,0x00000000c4300000)
 Metaspace       used 50331K, committed 51328K, reserved 1114112K
  class space    used 5388K, committed 5824K, reserved 1048576K
}
Event: 13.914 GC heap before
{Heap before GC invocations=20 (full 2):
 PSYoungGen      total 23552K, used 23456K [0x00000000eab00000, 0x00000000ec480000, 0x0000000100000000)
  eden space 22016K, 100% used [0x00000000eab00000,0x00000000ec080000,0x00000000ec080000)
  from space 1536K, 93% used [0x00000000ec080000,0x00000000ec1e8000,0x00000000ec200000)
  to   space 2048K, 0% used [0x00000000ec280000,0x00000000ec280000,0x00000000ec480000)
 ParOldGen       total 68608K, used 20206K [0x00000000c0000000, 0x00000000c4300000, 0x00000000eab00000)
  object space 68608K, 29% used [0x00000000c0000000,0x00000000c13bbb30,0x00000000c4300000)
 Metaspace       used 51718K, committed 52672K, reserved 1114112K
  class space    used 5567K, committed 5952K, reserved 1048576K
}
Event: 13.917 GC heap after
{Heap after GC invocations=20 (full 2):
 PSYoungGen      total 22016K, used 2025K [0x00000000eab00000, 0x00000000ec880000, 0x0000000100000000)
  eden space 19968K, 0% used [0x00000000eab00000,0x00000000eab00000,0x00000000ebe80000)
  from space 2048K, 98% used [0x00000000ec280000,0x00000000ec47a448,0x00000000ec480000)
  to   space 4096K, 0% used [0x00000000ebe80000,0x00000000ebe80000,0x00000000ec280000)
 ParOldGen       total 68608K, used 21618K [0x00000000c0000000, 0x00000000c4300000, 0x00000000eab00000)
  object space 68608K, 31% used [0x00000000c0000000,0x00000000c151c968,0x00000000c4300000)
 Metaspace       used 51718K, committed 52672K, reserved 1114112K
  class space    used 5567K, committed 5952K, reserved 1048576K
}

Dll operation events (10 events):
Event: 0.023 Loaded shared library c:\Users\rifaa\.vscode\extensions\redhat.java-1.32.0-win32-x64\jre\17.0.11-win32-x86_64\bin\java.dll
Event: 0.380 Loaded shared library c:\Users\rifaa\.vscode\extensions\redhat.java-1.32.0-win32-x64\jre\17.0.11-win32-x86_64\bin\zip.dll
Event: 0.385 Loaded shared library C:\Users\rifaa\.vscode\extensions\redhat.java-1.32.0-win32-x64\jre\17.0.11-win32-x86_64\bin\instrument.dll
Event: 0.419 Loaded shared library C:\Users\rifaa\.vscode\extensions\redhat.java-1.32.0-win32-x64\jre\17.0.11-win32-x86_64\bin\net.dll
Event: 0.422 Loaded shared library C:\Users\rifaa\.vscode\extensions\redhat.java-1.32.0-win32-x64\jre\17.0.11-win32-x86_64\bin\nio.dll
Event: 0.436 Loaded shared library C:\Users\rifaa\.vscode\extensions\redhat.java-1.32.0-win32-x64\jre\17.0.11-win32-x86_64\bin\zip.dll
Event: 0.506 Loaded shared library C:\Users\rifaa\.vscode\extensions\redhat.java-1.32.0-win32-x64\jre\17.0.11-win32-x86_64\bin\jimage.dll
Event: 0.664 Loaded shared library c:\Users\rifaa\.vscode\extensions\redhat.java-1.32.0-win32-x64\jre\17.0.11-win32-x86_64\bin\verify.dll
Event: 3.030 Loaded shared library C:\Users\rifaa\AppData\Roaming\Code\User\globalStorage\redhat.java\1.32.0\config_win\org.eclipse.equinox.launcher\org.eclipse.equinox.launcher.win32.win32.x86_64_1.2.1100.v20240613-2013\eclipse_11903.dll
Event: 11.212 Loaded shared library C:\Users\rifaa\AppData\Local\Temp\jna-108510575\jna854364782955030002.dll

Deoptimization events (20 events):
Event: 14.037 Thread 0x000001384138add0 DEOPT PACKING pc=0x0000013830e6adec sp=0x00000014e01fea30
Event: 14.037 Thread 0x000001384138add0 DEOPT UNPACKING pc=0x0000013830819ea3 sp=0x00000014e01fe938 mode 2
Event: 14.037 Thread 0x000001384138add0 Uncommon trap: trap_request=0xffffffde fr.pc=0x0000013830e6adec relative=0x00000000000003ac
Event: 14.037 Thread 0x000001384138add0 Uncommon trap: reason=class_check action=maybe_recompile pc=0x0000013830e6adec method=java.util.HashMap.removeNode(ILjava/lang/Object;Ljava/lang/Object;ZZ)Ljava/util/HashMap$Node; @ 283 c2
Event: 14.037 Thread 0x000001384138add0 DEOPT PACKING pc=0x0000013830e6adec sp=0x00000014e01fea30
Event: 14.037 Thread 0x000001384138add0 DEOPT UNPACKING pc=0x0000013830819ea3 sp=0x00000014e01fe938 mode 2
Event: 14.037 Thread 0x000001384138add0 Uncommon trap: trap_request=0xffffffde fr.pc=0x0000013830ec8c44 relative=0x0000000000000304
Event: 14.037 Thread 0x000001384138add0 Uncommon trap: reason=class_check action=maybe_recompile pc=0x0000013830ec8c44 method=java.util.HashMap.removeNode(ILjava/lang/Object;Ljava/lang/Object;ZZ)Ljava/util/HashMap$Node; @ 283 c2
Event: 14.037 Thread 0x000001384138add0 DEOPT PACKING pc=0x0000013830ec8c44 sp=0x00000014e01fe990
Event: 14.037 Thread 0x000001384138add0 DEOPT UNPACKING pc=0x0000013830819ea3 sp=0x00000014e01fe938 mode 2
Event: 14.144 Thread 0x000001384138add0 Uncommon trap: trap_request=0x000000e1 fr.pc=0x0000013830f45764 relative=0x00000000000000c4
Event: 14.144 Thread 0x000001384138add0 Uncommon trap: reason=unloaded action=reinterpret pc=0x0000013830f45764 method=org.codehaus.plexus.util.xml.pull.MXParser.more()C @ 22 c2
Event: 14.144 Thread 0x000001384138add0 DEOPT PACKING pc=0x0000013830f45764 sp=0x00000014e01fef60
Event: 14.144 Thread 0x000001384138add0 DEOPT UNPACKING pc=0x0000013830819ea3 sp=0x00000014e01fef00 mode 2
Event: 14.152 Thread 0x0000013841e11340 Uncommon trap: trap_request=0xffffff45 fr.pc=0x0000013830e19fe8 relative=0x00000000000000e8
Event: 14.152 Thread 0x0000013841e11340 Uncommon trap: reason=unstable_if action=reinterpret pc=0x0000013830e19fe8 method=jdk.internal.org.objectweb.asm.ByteVector.putShort(I)Ljdk/internal/org/objectweb/asm/ByteVector; @ 13 c2
Event: 14.152 Thread 0x0000013841e11340 DEOPT PACKING pc=0x0000013830e19fe8 sp=0x00000014e0efc2b0
Event: 14.153 Thread 0x0000013841e11340 DEOPT UNPACKING pc=0x0000013830819ea3 sp=0x00000014e0efc238 mode 2
Event: 14.192 Thread 0x0000013841e11340 DEOPT PACKING pc=0x0000013829470b58 sp=0x00000014e0efe290
Event: 14.192 Thread 0x0000013841e11340 DEOPT UNPACKING pc=0x000001383081a9e3 sp=0x00000014e0efd798 mode 0

Classes unloaded (7 events):
Event: 5.325 Thread 0x0000013824e9e280 Unloading class 0x000000010024a400 'java/lang/invoke/LambdaForm$MH+0x000000010024a400'
Event: 5.325 Thread 0x0000013824e9e280 Unloading class 0x000000010024a000 'java/lang/invoke/LambdaForm$MH+0x000000010024a000'
Event: 5.325 Thread 0x0000013824e9e280 Unloading class 0x0000000100249c00 'java/lang/invoke/LambdaForm$MH+0x0000000100249c00'
Event: 5.325 Thread 0x0000013824e9e280 Unloading class 0x0000000100249800 'java/lang/invoke/LambdaForm$MH+0x0000000100249800'
Event: 5.325 Thread 0x0000013824e9e280 Unloading class 0x0000000100249400 'java/lang/invoke/LambdaForm$BMH+0x0000000100249400'
Event: 5.325 Thread 0x0000013824e9e280 Unloading class 0x0000000100249000 'java/lang/invoke/LambdaForm$DMH+0x0000000100249000'
Event: 5.325 Thread 0x0000013824e9e280 Unloading class 0x0000000100244400 'java/lang/invoke/LambdaForm$DMH+0x0000000100244400'

Classes redefined (0 events):
No events

Internal exceptions (20 events):
Event: 11.275 Thread 0x0000013840788350 Exception <a 'java/io/FileNotFoundException'{0x00000000eadcee58}> (0x00000000eadcee58) 
thrown [s\src\hotspot\share\prims\jni.cpp, line 516]
Event: 11.286 Thread 0x0000013840788350 Exception <a 'java/io/FileNotFoundException'{0x00000000eae92ac8}> (0x00000000eae92ac8) 
thrown [s\src\hotspot\share\prims\jni.cpp, line 516]
Event: 11.297 Thread 0x0000013840788350 Exception <a 'java/lang/UnsatisfiedLinkError'{0x00000000eaf5c070}: The specified procedure could not be found.
> (0x00000000eaf5c070) 
thrown [s\src\hotspot\share\prims\jni.cpp, line 535]
Event: 11.421 Thread 0x0000013824e17ae0 Exception <a 'java/lang/NoSuchMethodError'{0x00000000eb5af520}: 'java.lang.Object java.lang.invoke.DirectMethodHandle$Holder.invokeStatic(java.lang.Object, java.lang.Object, long, java.lang.Object)'> (0x00000000eb5af520) 
thrown [s\src\hotspot\share\interpreter\linkResolver.cpp, line 759]
Event: 11.422 Thread 0x0000013824e17ae0 Exception <a 'java/lang/NoSuchMethodError'{0x00000000eb5b3918}: 'java.lang.Object java.lang.invoke.DirectMethodHandle$Holder.invokeStaticInit(java.lang.Object, java.lang.Object, long, java.lang.Object)'> (0x00000000eb5b3918) 
thrown [s\src\hotspot\share\interpreter\linkResolver.cpp, line 759]
Event: 11.423 Thread 0x0000013824e17ae0 Exception <a 'java/lang/NoSuchMethodError'{0x00000000eb5bb1e8}: 'java.lang.Object java.lang.invoke.DirectMethodHandle$Holder.newInvokeSpecial(java.lang.Object, java.lang.Object, long)'> (0x00000000eb5bb1e8) 
thrown [s\src\hotspot\share\interpreter\linkResolver.cpp, line 759]
Event: 11.706 Thread 0x0000013824e17ae0 Exception <a 'java/lang/NoSuchMethodError'{0x00000000ebb5d8b0}: 'void java.lang.invoke.DirectMethodHandle$Holder.invokeStatic(java.lang.Object, java.lang.Object, java.lang.Object, java.lang.Object)'> (0x00000000ebb5d8b0) 
thrown [s\src\hotspot\share\interpreter\linkResolver.cpp, line 759]
Event: 11.786 Thread 0x000001384138add0 Exception <a 'java/lang/ExceptionInInitializerError'{0x00000000ebdd2998}> (0x00000000ebdd2998) 
thrown [s\src\hotspot\share\oops\instanceKlass.cpp, line 1218]
Event: 11.975 Thread 0x000001384138add0 Implicit null exception at 0x0000013830e6d930 to 0x0000013830e6daec
Event: 11.975 Thread 0x000001384138add0 Implicit null exception at 0x0000013830dea909 to 0x0000013830debb28
Event: 11.990 Thread 0x000001384138add0 Exception <a 'java/lang/NoSuchMethodError'{0x00000000eab38f78}: 'java.lang.Object java.lang.invoke.Invokers$Holder.invokeExact_MT(java.lang.Object, int, java.lang.Object)'> (0x00000000eab38f78) 
thrown [s\src\hotspot\share\interpreter\linkResolver.cpp, line 759]
Event: 12.054 Thread 0x000001384138add0 Exception <a 'java/lang/NoSuchMethodError'{0x00000000eac73980}: 'int java.lang.invoke.DirectMethodHandle$Holder.invokeSpecial(java.lang.Object, java.lang.Object, java.lang.Object, java.lang.Object)'> (0x00000000eac73980) 
thrown [s\src\hotspot\share\interpreter\linkResolver.cpp, line 759]
Event: 12.474 Thread 0x0000013824e17ae0 Exception <a 'java/lang/NoSuchMethodError'{0x00000000eb89e398}: 'void java.lang.invoke.DirectMethodHandle$Holder.invokeSpecial(java.lang.Object, java.lang.Object, java.lang.Object, java.lang.Object, java.lang.Object, java.lang.Object)'> (0x00000000eb89e398) 
thrown [s\src\hotspot\share\interpreter\linkResolver.cpp, line 759]
Event: 12.475 Thread 0x0000013824e17ae0 Exception <a 'java/lang/IncompatibleClassChangeError'{0x00000000eb8a7e10}: Found class java.lang.Object, but interface was expected> (0x00000000eb8a7e10) 
thrown [s\src\hotspot\share\interpreter\linkResolver.cpp, line 826]
Event: 13.931 Thread 0x0000013824e17ae0 Implicit null exception at 0x0000013830e8828c to 0x0000013830e882bc
Event: 14.039 Thread 0x0000013841e11340 Exception <a 'java/io/FileNotFoundException'{0x00000000eae1e270}> (0x00000000eae1e270) 
thrown [s\src\hotspot\share\prims\jni.cpp, line 516]
Event: 14.078 Thread 0x000001384138add0 Exception <a 'java/lang/NoClassDefFoundError'{0x00000000eb035450}: com/google/inject/servlet/ServletModuleTargetVisitor> (0x00000000eb035450) 
thrown [s\src\hotspot\share\classfile\systemDictionary.cpp, line 245]
Event: 14.140 Thread 0x0000013841e11340 Exception <a 'java/lang/NoSuchMethodError'{0x00000000eb185af8}: 'java.lang.Object java.lang.invoke.DirectMethodHandle$Holder.invokeStatic(java.lang.Object, int, java.lang.Object, java.lang.Object)'> (0x00000000eb185af8) 
thrown [s\src\hotspot\share\interpreter\linkResolver.cpp, line 759]
Event: 14.141 Thread 0x0000013841e11340 Exception <a 'java/lang/NoSuchMethodError'{0x00000000eb189630}: 'java.lang.Object java.lang.invoke.DelegatingMethodHandle$Holder.delegate(java.lang.Object, int, java.lang.Object, java.lang.Object)'> (0x00000000eb189630) 
thrown [s\src\hotspot\share\interpreter\linkResolver.cpp, line 759]
Event: 14.153 Thread 0x0000013841e11340 Exception <a 'java/lang/NoSuchMethodError'{0x00000000eb1f61e0}: 'int java.lang.invoke.Invokers$Holder.linkToTargetMethod(java.lang.Object, java.lang.Object, java.lang.Object)'> (0x00000000eb1f61e0) 
thrown [s\src\hotspot\share\interpreter\linkResolver.cpp, line 759]

VM Operations (20 events):
Event: 11.484 Executing VM operation: HandshakeAllThreads
Event: 11.519 Executing VM operation: HandshakeAllThreads done
Event: 11.647 Executing VM operation: HandshakeAllThreads
Event: 11.662 Executing VM operation: HandshakeAllThreads done
Event: 11.964 Executing VM operation: ParallelGCFailedAllocation
Event: 11.967 Executing VM operation: ParallelGCFailedAllocation done
Event: 11.975 Executing VM operation: HandshakeAllThreads
Event: 11.975 Executing VM operation: HandshakeAllThreads done
Event: 12.201 Executing VM operation: HandshakeAllThreads
Event: 12.201 Executing VM operation: HandshakeAllThreads done
Event: 13.201 Executing VM operation: Cleanup
Event: 13.203 Executing VM operation: Cleanup done
Event: 13.300 Executing VM operation: ParallelGCFailedAllocation
Event: 13.319 Executing VM operation: ParallelGCFailedAllocation done
Event: 13.914 Executing VM operation: ParallelGCFailedAllocation
Event: 13.922 Executing VM operation: ParallelGCFailedAllocation done
Event: 13.972 Executing VM operation: HandshakeAllThreads
Event: 14.021 Executing VM operation: HandshakeAllThreads done
Event: 14.127 Executing VM operation: HandshakeAllThreads
Event: 14.127 Executing VM operation: HandshakeAllThreads done

Events (20 events):
Event: 13.854 loading class java/time/Clock$SystemClock
Event: 13.854 loading class java/time/Clock$SystemClock done
Event: 13.907 loading class java/nio/channels/spi/AbstractInterruptibleChannel$1
Event: 13.907 loading class sun/nio/ch/Interruptible
Event: 13.907 loading class sun/nio/ch/Interruptible done
Event: 13.907 loading class java/nio/channels/spi/AbstractInterruptibleChannel$1 done
Event: 14.033 loading class sun/nio/ch/WindowsAsynchronousFileChannelImpl$WriteTask
Event: 14.033 loading class sun/nio/ch/WindowsAsynchronousFileChannelImpl$WriteTask done
Event: 14.121 loading class java/util/AbstractList$RandomAccessSubList
Event: 14.121 loading class java/util/AbstractList$SubList
Event: 14.122 loading class java/util/AbstractList$SubList done
Event: 14.124 loading class java/util/AbstractList$RandomAccessSubList done
Event: 14.124 loading class java/util/AbstractList$ListItr
Event: 14.125 loading class java/util/AbstractList$ListItr done
Event: 14.134 loading class java/lang/ProcessEnvironment$CheckedKeySet
Event: 14.134 loading class java/lang/ProcessEnvironment$CheckedKeySet done
Event: 14.136 loading class java/util/AbstractList$SubList$1
Event: 14.137 loading class java/util/AbstractList$SubList$1 done
Event: 14.142 loading class java/lang/invoke/MethodHandleImpl$CountingWrapper
Event: 14.142 loading class java/lang/invoke/MethodHandleImpl$CountingWrapper done


Dynamic libraries:
0x00007ff6e3c30000 - 0x00007ff6e3c3e000 	c:\Users\rifaa\.vscode\extensions\redhat.java-1.32.0-win32-x64\jre\17.0.11-win32-x86_64\bin\java.exe
0x00007ffaa6a50000 - 0x00007ffaa6c67000 	C:\WINDOWS\SYSTEM32\ntdll.dll
0x00007ffaa55e0000 - 0x00007ffaa56a4000 	C:\WINDOWS\System32\KERNEL32.DLL
0x00007ffaa4100000 - 0x00007ffaa44ac000 	C:\WINDOWS\System32\KERNELBASE.dll
0x00007ffaa3fe0000 - 0x00007ffaa40f1000 	C:\WINDOWS\System32\ucrtbase.dll
0x00007ffa7c290000 - 0x00007ffa7c2a7000 	c:\Users\rifaa\.vscode\extensions\redhat.java-1.32.0-win32-x64\jre\17.0.11-win32-x86_64\bin\jli.dll
0x00007ffaa56b0000 - 0x00007ffaa585e000 	C:\WINDOWS\System32\USER32.dll
0x00007ffaa3ef0000 - 0x00007ffaa3f16000 	C:\WINDOWS\System32\win32u.dll
0x00007ffaa58f0000 - 0x00007ffaa5919000 	C:\WINDOWS\System32\GDI32.dll
0x00007ffaa44e0000 - 0x00007ffaa45f9000 	C:\WINDOWS\System32\gdi32full.dll
0x00007ffaa46f0000 - 0x00007ffaa478a000 	C:\WINDOWS\System32\msvcp_win.dll
0x00007ffa71cb0000 - 0x00007ffa71ccb000 	c:\Users\rifaa\.vscode\extensions\redhat.java-1.32.0-win32-x64\jre\17.0.11-win32-x86_64\bin\VCRUNTIME140.dll
0x00007ffa8b5c0000 - 0x00007ffa8b853000 	C:\WINDOWS\WinSxS\amd64_microsoft.windows.common-controls_6595b64144ccf1df_6.0.22621.3672_none_2713b9d173822955\COMCTL32.dll
0x00007ffaa5ac0000 - 0x00007ffaa5b67000 	C:\WINDOWS\System32\msvcrt.dll
0x00007ffaa55a0000 - 0x00007ffaa55d1000 	C:\WINDOWS\System32\IMM32.DLL
0x00007ffaa0190000 - 0x00007ffaa019c000 	c:\Users\rifaa\.vscode\extensions\redhat.java-1.32.0-win32-x64\jre\17.0.11-win32-x86_64\bin\vcruntime140_1.dll
0x00007ffa27bc0000 - 0x00007ffa27c4d000 	c:\Users\rifaa\.vscode\extensions\redhat.java-1.32.0-win32-x64\jre\17.0.11-win32-x86_64\bin\msvcp140.dll
0x00007ffa07130000 - 0x00007ffa07d92000 	c:\Users\rifaa\.vscode\extensions\redhat.java-1.32.0-win32-x64\jre\17.0.11-win32-x86_64\bin\server\jvm.dll
0x00007ffaa4cd0000 - 0x00007ffaa4d82000 	C:\WINDOWS\System32\ADVAPI32.dll
0x00007ffaa4b70000 - 0x00007ffaa4c1a000 	C:\WINDOWS\System32\sechost.dll
0x00007ffaa44b0000 - 0x00007ffaa44d8000 	C:\WINDOWS\System32\bcrypt.dll
0x00007ffaa5920000 - 0x00007ffaa5a35000 	C:\WINDOWS\System32\RPCRT4.dll
0x00007ffaa3c40000 - 0x00007ffaa3c8d000 	C:\WINDOWS\SYSTEM32\POWRPROF.dll
0x00007ffaa02d0000 - 0x00007ffaa02d9000 	C:\WINDOWS\SYSTEM32\WSOCK32.dll
0x00007ffaa5370000 - 0x00007ffaa53e1000 	C:\WINDOWS\System32\WS2_32.dll
0x00007ffa9f890000 - 0x00007ffa9f8c4000 	C:\WINDOWS\SYSTEM32\WINMM.dll
0x00007ffa9cf90000 - 0x00007ffa9cf9a000 	C:\WINDOWS\SYSTEM32\VERSION.dll
0x00007ffaa3c20000 - 0x00007ffaa3c33000 	C:\WINDOWS\SYSTEM32\UMPDC.dll
0x00007ffaa2db0000 - 0x00007ffaa2dc8000 	C:\WINDOWS\SYSTEM32\kernel.appcore.dll
0x00007ffa8c610000 - 0x00007ffa8c61a000 	c:\Users\rifaa\.vscode\extensions\redhat.java-1.32.0-win32-x64\jre\17.0.11-win32-x86_64\bin\jimage.dll
0x00007ffaa16f0000 - 0x00007ffaa1922000 	C:\WINDOWS\SYSTEM32\DBGHELP.DLL
0x00007ffaa4fe0000 - 0x00007ffaa5368000 	C:\WINDOWS\System32\combase.dll
0x00007ffaa4d90000 - 0x00007ffaa4e67000 	C:\WINDOWS\System32\OLEAUT32.dll
0x00007ffa8a1b0000 - 0x00007ffa8a1e2000 	C:\WINDOWS\SYSTEM32\dbgcore.DLL
0x00007ffaa4600000 - 0x00007ffaa467b000 	C:\WINDOWS\System32\bcryptPrimitives.dll
0x00007ffa8c600000 - 0x00007ffa8c60e000 	c:\Users\rifaa\.vscode\extensions\redhat.java-1.32.0-win32-x64\jre\17.0.11-win32-x86_64\bin\instrument.dll
0x00007ffa57270000 - 0x00007ffa57295000 	c:\Users\rifaa\.vscode\extensions\redhat.java-1.32.0-win32-x64\jre\17.0.11-win32-x86_64\bin\java.dll
0x00007ffa4f8a0000 - 0x00007ffa4f8b8000 	c:\Users\rifaa\.vscode\extensions\redhat.java-1.32.0-win32-x64\jre\17.0.11-win32-x86_64\bin\zip.dll
0x00007ffaa5bc0000 - 0x00007ffaa641c000 	C:\WINDOWS\System32\SHELL32.dll
0x00007ffaa1cd0000 - 0x00007ffaa25c7000 	C:\WINDOWS\SYSTEM32\windows.storage.dll
0x00007ffaa1b90000 - 0x00007ffaa1ccf000 	C:\WINDOWS\SYSTEM32\wintypes.dll
0x00007ffaa47c0000 - 0x00007ffaa48b4000 	C:\WINDOWS\System32\SHCORE.dll
0x00007ffaa5870000 - 0x00007ffaa58ce000 	C:\WINDOWS\System32\shlwapi.dll
0x00007ffaa3cb0000 - 0x00007ffaa3cd1000 	C:\WINDOWS\SYSTEM32\profapi.dll
0x00007ffa4f0f0000 - 0x00007ffa4f109000 	C:\Users\rifaa\.vscode\extensions\redhat.java-1.32.0-win32-x64\jre\17.0.11-win32-x86_64\bin\net.dll
0x00007ffaa05c0000 - 0x00007ffaa06f6000 	C:\WINDOWS\SYSTEM32\WINHTTP.dll
0x00007ffaa3220000 - 0x00007ffaa3289000 	C:\WINDOWS\system32\mswsock.dll
0x00007ffa49a50000 - 0x00007ffa49a66000 	C:\Users\rifaa\.vscode\extensions\redhat.java-1.32.0-win32-x64\jre\17.0.11-win32-x86_64\bin\nio.dll
0x00007ffa7e190000 - 0x00007ffa7e1a0000 	c:\Users\rifaa\.vscode\extensions\redhat.java-1.32.0-win32-x64\jre\17.0.11-win32-x86_64\bin\verify.dll
0x00007ffa459c0000 - 0x00007ffa45a04000 	C:\Users\rifaa\AppData\Roaming\Code\User\globalStorage\redhat.java\1.32.0\config_win\org.eclipse.equinox.launcher\org.eclipse.equinox.launcher.win32.win32.x86_64_1.2.1100.v20240613-2013\eclipse_11903.dll
0x00007ffaa53f0000 - 0x00007ffaa5595000 	C:\WINDOWS\System32\ole32.dll
0x00007ffaa3490000 - 0x00007ffaa34ab000 	C:\WINDOWS\SYSTEM32\CRYPTSP.dll
0x00007ffaa2d10000 - 0x00007ffaa2d45000 	C:\WINDOWS\system32\rsaenh.dll
0x00007ffaa3320000 - 0x00007ffaa3348000 	C:\WINDOWS\SYSTEM32\USERENV.dll
0x00007ffaa3480000 - 0x00007ffaa348c000 	C:\WINDOWS\SYSTEM32\CRYPTBASE.dll
0x00007ffaa2870000 - 0x00007ffaa289d000 	C:\WINDOWS\SYSTEM32\IPHLPAPI.DLL
0x00007ffaa47b0000 - 0x00007ffaa47b9000 	C:\WINDOWS\System32\NSI.dll
0x00007ffaa07b0000 - 0x00007ffaa07c9000 	C:\WINDOWS\SYSTEM32\dhcpcsvc6.DLL
0x00007ffaa0790000 - 0x00007ffaa07af000 	C:\WINDOWS\SYSTEM32\dhcpcsvc.DLL
0x00007ffaa28f0000 - 0x00007ffaa29e8000 	C:\WINDOWS\SYSTEM32\DNSAPI.dll
0x00007ffa65710000 - 0x00007ffa65755000 	C:\Users\rifaa\AppData\Local\Temp\jna-108510575\jna854364782955030002.dll
0x00007ffaa4fd0000 - 0x00007ffaa4fd8000 	C:\WINDOWS\System32\PSAPI.DLL

dbghelp: loaded successfully - version: 4.0.5 - missing functions: none
symbol engine: initialized successfully - sym options: 0x614 - pdb path: .;c:\Users\rifaa\.vscode\extensions\redhat.java-1.32.0-win32-x64\jre\17.0.11-win32-x86_64\bin;C:\WINDOWS\SYSTEM32;C:\WINDOWS\WinSxS\amd64_microsoft.windows.common-controls_6595b64144ccf1df_6.0.22621.3672_none_2713b9d173822955;c:\Users\rifaa\.vscode\extensions\redhat.java-1.32.0-win32-x64\jre\17.0.11-win32-x86_64\bin\server;C:\Users\rifaa\AppData\Roaming\Code\User\globalStorage\redhat.java\1.32.0\config_win\org.eclipse.equinox.launcher\org.eclipse.equinox.launcher.win32.win32.x86_64_1.2.1100.v20240613-2013;C:\Users\rifaa\AppData\Local\Temp\jna-108510575

VM Arguments:
jvm_args: --add-modules=ALL-SYSTEM --add-opens=java.base/java.util=ALL-UNNAMED --add-opens=java.base/java.lang=ALL-UNNAMED --add-opens=java.base/sun.nio.fs=ALL-UNNAMED -Declipse.application=org.eclipse.jdt.ls.core.id1 -Dosgi.bundles.defaultStartLevel=4 -Declipse.product=org.eclipse.jdt.ls.core.product -Djava.import.generatesMetadataFilesAtProjectRoot=false -DDetectVMInstallationsJob.disabled=true -Dfile.encoding=utf8 -XX:+UseParallelGC -XX:GCTimeRatio=4 -XX:AdaptiveSizePolicyWeight=90 -Dsun.zip.disableMemoryMapping=true -Xmx1G -Xms100m -Xlog:disable -javaagent:c:\Users\rifaa\.vscode\extensions\redhat.java-1.32.0-win32-x64\lombok\lombok-1.18.33.jar -XX:+HeapDumpOnOutOfMemoryError -XX:HeapDumpPath=c:\Users\rifaa\AppData\Roaming\Code\User\workspaceStorage\eff9e2248ba5da2af1d37f4b9032435e\redhat.java -Daether.dependencyCollector.impl=bf 
java_command: c:\Users\rifaa\.vscode\extensions\redhat.java-1.32.0-win32-x64\server\plugins\org.eclipse.equinox.launcher_1.6.900.v20240613-2009.jar -configuration c:\Users\rifaa\AppData\Roaming\Code\User\globalStorage\redhat.java\1.32.0\config_win -data c:\Users\rifaa\AppData\Roaming\Code\User\workspaceStorage\eff9e2248ba5da2af1d37f4b9032435e\redhat.java\jdt_ws --pipe=\\.\pipe\lsp-c28cb1fc965d403b23260ff6c6a88aa2-sock
java_class_path (initial): c:\Users\rifaa\.vscode\extensions\redhat.java-1.32.0-win32-x64\server\plugins\org.eclipse.equinox.launcher_1.6.900.v20240613-2009.jar
Launcher Type: SUN_STANDARD

[Global flags]
    uintx AdaptiveSizePolicyWeight                 = 90                                        {product} {command line}
     intx CICompilerCount                          = 3                                         {product} {ergonomic}
    uintx GCTimeRatio                              = 4                                         {product} {command line}
     bool HeapDumpOnOutOfMemoryError               = true                                   {manageable} {command line}
    ccstr HeapDumpPath                             = c:\Users\rifaa\AppData\Roaming\Code\User\workspaceStorage\eff9e2248ba5da2af1d37f4b9032435e\redhat.java         {manageable} {command line}
   size_t InitialHeapSize                          = 104857600                                 {product} {command line}
   size_t MaxHeapSize                              = 1073741824                                {product} {command line}
   size_t MaxNewSize                               = 357564416                                 {product} {ergonomic}
   size_t MinHeapDeltaBytes                        = 524288                                    {product} {ergonomic}
   size_t MinHeapSize                              = 104857600                                 {product} {command line}
   size_t NewSize                                  = 34603008                                  {product} {ergonomic}
    uintx NonNMethodCodeHeapSize                   = 5832780                                {pd product} {ergonomic}
    uintx NonProfiledCodeHeapSize                  = 122912730                              {pd product} {ergonomic}
   size_t OldSize                                  = 70254592                                  {product} {ergonomic}
    uintx ProfiledCodeHeapSize                     = 122912730                              {pd product} {ergonomic}
    uintx ReservedCodeCacheSize                    = 251658240                              {pd product} {ergonomic}
     bool SegmentedCodeCache                       = true                                      {product} {ergonomic}
   size_t SoftMaxHeapSize                          = 1073741824                             {manageable} {ergonomic}
     bool UseCompressedClassPointers               = true                           {product lp64_product} {ergonomic}
     bool UseCompressedOops                        = true                           {product lp64_product} {ergonomic}
     bool UseLargePagesIndividualAllocation        = false                                  {pd product} {ergonomic}
     bool UseParallelGC                            = true                                      {product} {command line}

Logging:
Log output configuration:
 #0: stdout all=off uptime,level,tags
 #1: stderr all=off uptime,level,tags

Environment Variables:
PATH=C:\Users\rifaa\bin;C:\Program Files\Git\mingw64\bin;C:\Program Files\Git\usr\local\bin;C:\Program Files\Git\usr\bin;C:\Program Files\Git\usr\bin;C:\Program Files\Git\mingw64\bin;C:\Program Files\Git\usr\bin;C:\Users\rifaa\bin;C:\Program Files\Common Files\Oracle\Java\javapath;C:\WINDOWS\system32;C:\WINDOWS;C:\WINDOWS\System32\Wbem;C:\WINDOWS\System32\WindowsPowerShell\v1.0;C:\WINDOWS\System32\OpenSSH;C:\Program Files\Java\jdk-17\bin;C:\Users\rifaa\Downloads\apache-maven-3.9.7\bin;C:\Program Files\Git\cmd;C:\Program Files\nodejs;C:\Users\rifaa\AppData\Local\Microsoft\WindowsApps;C:\Users\rifaa\AppData\Local\Programs\Microsoft VS Code\bin;C:\Users\rifaa\AppData\Roaming\npm;C:\Program Files\Git\usr\bin\vendor_perl;C:\Program Files\Git\usr\bin\core_perl
USERNAME=rifaa
SHELL=C:\Program Files\Git\usr\bin\bash.exe
DISPLAY=needs-to-be-defined
LC_CTYPE=en_US.UTF-8
TERM=xterm
TMPDIR=C:\Users\rifaa\AppData\Local\Temp
OS=Windows_NT
PROCESSOR_IDENTIFIER=Intel64 Family 6 Model 126 Stepping 5, GenuineIntel
TMP=C:\Users\rifaa\AppData\Local\Temp
TEMP=C:\Users\rifaa\AppData\Local\Temp



Periodic native trim disabled


---------------  S Y S T E M  ---------------

OS:
 Windows 11 , 64 bit Build 22621 (10.0.22621.3672)
OS uptime: 0 days 21:33 hours

CPU: total 4 (initial active 4) (2 cores per cpu, 2 threads per core) family 6 model 126 stepping 5 microcode 0xa0, cx8, cmov, fxsr, ht, mmx, 3dnowpref, sse, sse2, sse3, ssse3, sse4.1, sse4.2, popcnt, lzcnt, tsc, tscinvbit, avx, avx2, aes, erms, clmul, bmi1, bmi2, adx, avx512f, avx512dq, avx512cd, avx512bw, avx512vl, sha, fma, vzeroupper, avx512_vpopcntdq, avx512_vpclmulqdq, avx512_vaes, avx512_vnni, clflush, clflushopt, avx512_vbmi2, avx512_vbmi
Processor Information for processor 0
  Max Mhz: 1201, Current Mhz: 1201, Mhz Limit: 1201
Processor Information for processor 1
  Max Mhz: 1201, Current Mhz: 1000, Mhz Limit: 1201
Processor Information for processor 2
  Max Mhz: 1201, Current Mhz: 1201, Mhz Limit: 1201
Processor Information for processor 3
  Max Mhz: 1201, Current Mhz: 1201, Mhz Limit: 1201

Memory: 4k page, system-wide physical 3902M (73M free)
TotalPageFile size 15678M (AvailPageFile size 4M)
current process WorkingSet (physical memory assigned to process): 197M, peak: 198M
current process commit charge ("private bytes"): 278M, peak: 279M

vm_info: OpenJDK 64-Bit Server VM (17.0.11+9) for windows-amd64 JRE (17.0.11+9), built on Apr 17 2024 06:07:48 by "admin" with MS VC++ 16.10 / 16.11 (VS2019)

END.
