#
# There is insufficient memory for the Java Runtime Environment to continue.
# Native memory allocation (malloc) failed to allocate 1299424 bytes. Error detail: Chunk::new
# Possible reasons:
#   The system is out of physical RAM or swap space
#   This process is running with CompressedOops enabled, and the Java Heap may be blocking the growth of the native heap
# Possible solutions:
#   Reduce memory load on the system
#   Increase physical memory or swap space
#   Check if swap backing store is full
#   Decrease Java heap size (-Xmx/-Xms)
#   Decrease number of Java threads
#   Decrease Java thread stack sizes (-Xss)
#   Set larger code cache with -XX:ReservedCodeCacheSize=
#   JVM is running with Unscaled Compressed Oops mode in which the Java heap is
#     placed in the first 4GB address space. The Java Heap base address is the
#     maximum limit for the native heap growth. Please use -XX:HeapBaseMinAddress
#     to set the Java Heap base and to place the Java Heap above 4GB virtual address.
# This output file may be truncated or incomplete.
#
#  Out of Memory Error (arena.cpp:191), pid=9428, tid=2204
#
# JRE version: OpenJDK Runtime Environment Temurin-17.0.11+9 (17.0.11+9) (build 17.0.11+9)
# Java VM: OpenJDK 64-Bit Server VM Temurin-17.0.11+9 (17.0.11+9, mixed mode, tiered, compressed oops, compressed class ptrs, parallel gc, windows-amd64)
# No core dump will be written. Minidumps are not enabled by default on client versions of Windows
#

---------------  S U M M A R Y ------------

Command Line: --add-modules=ALL-SYSTEM --add-opens=java.base/java.util=ALL-UNNAMED --add-opens=java.base/java.lang=ALL-UNNAMED --add-opens=java.base/sun.nio.fs=ALL-UNNAMED -Declipse.application=org.eclipse.jdt.ls.core.id1 -Dosgi.bundles.defaultStartLevel=4 -Declipse.product=org.eclipse.jdt.ls.core.product -Djava.import.generatesMetadataFilesAtProjectRoot=false -DDetectVMInstallationsJob.disabled=true -Dfile.encoding=utf8 -XX:+UseParallelGC -XX:GCTimeRatio=4 -XX:AdaptiveSizePolicyWeight=90 -Dsun.zip.disableMemoryMapping=true -Xmx1G -Xms100m -Xlog:disable -javaagent:c:\Users\rifaa\.vscode\extensions\redhat.java-1.32.0-win32-x64\lombok\lombok-1.18.33.jar c:\Users\rifaa\.vscode\extensions\redhat.java-1.32.0-win32-x64\server\plugins\org.eclipse.equinox.launcher_1.6.900.v20240613-2009.jar -configuration c:\Users\rifaa\AppData\Roaming\Code\User\globalStorage\redhat.java\1.32.0\config_ss_win -data c:\Users\rifaa\AppData\Roaming\Code\User\workspaceStorage\eff9e2248ba5da2af1d37f4b9032435e\redhat.java\ss_ws --pipe=\\.\pipe\lsp-2f8bf25bbe68c9507e50beaffb9d7d6d-sock

Host: Intel(R) Core(TM) i3-1005G1 CPU @ 1.20GHz, 4 cores, 3G,  Windows 11 , 64 bit Build 22621 (10.0.22621.3672)
Time: Sun Jul  7 12:43:11 2024 SE Asia Standard Time elapsed time: 19.782080 seconds (0d 0h 0m 19s)

---------------  T H R E A D  ---------------

Current thread (0x000001ef667f5180):  JavaThread "C2 CompilerThread0" daemon [_thread_in_native, id=2204, stack(0x000000cc04700000,0x000000cc04800000)]


Current CompileTask:
C2:  19782 4745       4       org.eclipse.jdt.internal.compiler.parser.Parser::consumeRule (7943 bytes)

Stack: [0x000000cc04700000,0x000000cc04800000]
Native frames: (J=compiled Java code, j=interpreted, Vv=VM code, C=native code)
V  [jvm.dll+0x67d429]
V  [jvm.dll+0x834b7a]
V  [jvm.dll+0x83663e]
V  [jvm.dll+0x836ca3]
V  [jvm.dll+0x247dbf]
V  [jvm.dll+0xac534]
V  [jvm.dll+0xacb7c]
V  [jvm.dll+0x366647]
V  [jvm.dll+0x330bba]
V  [jvm.dll+0x33005a]
V  [jvm.dll+0x21a471]
V  [jvm.dll+0x2198b1]
V  [jvm.dll+0x1a534d]
V  [jvm.dll+0x2295cd]
V  [jvm.dll+0x22779c]
V  [jvm.dll+0x7e9d07]
V  [jvm.dll+0x7e410a]
V  [jvm.dll+0x67c315]
C  [ucrtbase.dll+0x29333]
C  [KERNEL32.DLL+0x1257d]
C  [ntdll.dll+0x5af28]


---------------  P R O C E S S  ---------------

Threads class SMR info:
_java_thread_list=0x000001ef6c0fc570, length=30, elements={
0x000001ef50a33130, 0x000001ef667bf030, 0x000001ef667c23b0, 0x000001ef667ee320,
0x000001ef667eedf0, 0x000001ef667ef9b0, 0x000001ef667f2480, 0x000001ef667f5180,
0x000001ef6680ea00, 0x000001ef6b9ee960, 0x000001ef6ba5ff30, 0x000001ef6bc52fe0,
0x000001ef6c1b4410, 0x000001ef6c318430, 0x000001ef6c1e63d0, 0x000001ef6c4c6840,
0x000001ef6c446a80, 0x000001ef6c4483d0, 0x000001ef6c4479b0, 0x000001ef6c449810,
0x000001ef6c446570, 0x000001ef6c4488e0, 0x000001ef6c4474a0, 0x000001ef6c447ec0,
0x000001ef6c448df0, 0x000001ef6c449300, 0x000001ef6c446060, 0x000001ef6d0744d0,
0x000001ef6d06d570, 0x000001ef6d06e4a0
}

Java Threads: ( => current thread )
  0x000001ef50a33130 JavaThread "main" [_thread_blocked, id=6240, stack(0x000000cc03e00000,0x000000cc03f00000)]
  0x000001ef667bf030 JavaThread "Reference Handler" daemon [_thread_blocked, id=18444, stack(0x000000cc04100000,0x000000cc04200000)]
  0x000001ef667c23b0 JavaThread "Finalizer" daemon [_thread_blocked, id=12356, stack(0x000000cc04200000,0x000000cc04300000)]
  0x000001ef667ee320 JavaThread "Signal Dispatcher" daemon [_thread_blocked, id=8372, stack(0x000000cc04300000,0x000000cc04400000)]
  0x000001ef667eedf0 JavaThread "Attach Listener" daemon [_thread_blocked, id=23072, stack(0x000000cc04400000,0x000000cc04500000)]
  0x000001ef667ef9b0 JavaThread "Service Thread" daemon [_thread_blocked, id=13712, stack(0x000000cc04500000,0x000000cc04600000)]
  0x000001ef667f2480 JavaThread "Monitor Deflation Thread" daemon [_thread_blocked, id=2192, stack(0x000000cc04600000,0x000000cc04700000)]
=>0x000001ef667f5180 JavaThread "C2 CompilerThread0" daemon [_thread_in_native, id=2204, stack(0x000000cc04700000,0x000000cc04800000)]
  0x000001ef6680ea00 JavaThread "C1 CompilerThread0" daemon [_thread_blocked, id=9316, stack(0x000000cc04800000,0x000000cc04900000)]
  0x000001ef6b9ee960 JavaThread "Sweeper thread" daemon [_thread_blocked, id=18176, stack(0x000000cc04900000,0x000000cc04a00000)]
  0x000001ef6ba5ff30 JavaThread "Common-Cleaner" daemon [_thread_blocked, id=22684, stack(0x000000cc04a00000,0x000000cc04b00000)]
  0x000001ef6bc52fe0 JavaThread "Notification Thread" daemon [_thread_blocked, id=21336, stack(0x000000cc04b00000,0x000000cc04c00000)]
  0x000001ef6c1b4410 JavaThread "Active Thread: Equinox Container: d63bab84-e533-44e4-baac-f63fb9a88ddd" [_thread_blocked, id=22868, stack(0x000000cc05000000,0x000000cc05100000)]
  0x000001ef6c318430 JavaThread "Framework Event Dispatcher: Equinox Container: d63bab84-e533-44e4-baac-f63fb9a88ddd" daemon [_thread_blocked, id=17968, stack(0x000000cc05100000,0x000000cc05200000)]
  0x000001ef6c1e63d0 JavaThread "Start Level: Equinox Container: d63bab84-e533-44e4-baac-f63fb9a88ddd" daemon [_thread_blocked, id=18264, stack(0x000000cc05200000,0x000000cc05300000)]
  0x000001ef6c4c6840 JavaThread "SCR Component Actor" daemon [_thread_blocked, id=10816, stack(0x000000cc05300000,0x000000cc05400000)]
  0x000001ef6c446a80 JavaThread "Worker-JM" [_thread_blocked, id=8920, stack(0x000000cc05500000,0x000000cc05600000)]
  0x000001ef6c4483d0 JavaThread "Worker-0" [_thread_blocked, id=11500, stack(0x000000cc05600000,0x000000cc05700000)]
  0x000001ef6c4479b0 JavaThread "Worker-1: Building" [_thread_in_native, id=10624, stack(0x000000cc05700000,0x000000cc05800000)]
  0x000001ef6c449810 JavaThread "Worker-2" [_thread_blocked, id=13160, stack(0x000000cc05800000,0x000000cc05900000)]
  0x000001ef6c446570 JavaThread "JNA Cleaner" daemon [_thread_blocked, id=14544, stack(0x000000cc05900000,0x000000cc05a00000)]
  0x000001ef6c4488e0 JavaThread "Thread-2" daemon [_thread_in_native, id=21348, stack(0x000000cc05a00000,0x000000cc05b00000)]
  0x000001ef6c4474a0 JavaThread "Thread-3" daemon [_thread_in_native, id=21136, stack(0x000000cc05b00000,0x000000cc05c00000)]
  0x000001ef6c447ec0 JavaThread "Thread-4" daemon [_thread_in_native, id=23144, stack(0x000000cc05c00000,0x000000cc05d00000)]
  0x000001ef6c448df0 JavaThread "Thread-5" daemon [_thread_in_native, id=11444, stack(0x000000cc05d00000,0x000000cc05e00000)]
  0x000001ef6c449300 JavaThread "Thread-6" daemon [_thread_in_native, id=17832, stack(0x000000cc05e00000,0x000000cc05f00000)]
  0x000001ef6c446060 JavaThread "pool-2-thread-1" [_thread_blocked, id=8068, stack(0x000000cc05f00000,0x000000cc06000000)]
  0x000001ef6d0744d0 JavaThread "WorkspaceEventsHandler" [_thread_blocked, id=19380, stack(0x000000cc06000000,0x000000cc06100000)]
  0x000001ef6d06d570 JavaThread "pool-1-thread-1" [_thread_blocked, id=21516, stack(0x000000cc06100000,0x000000cc06200000)]
  0x000001ef6d06e4a0 JavaThread "ForkJoinPool.commonPool-worker-1" daemon [_thread_in_vm, id=17220, stack(0x000000cc05400000,0x000000cc05500000)]

Other Threads:
  0x000001ef667a8ee0 VMThread "VM Thread" [stack: 0x000000cc04000000,0x000000cc04100000] [id=13476]
  0x000001ef6bc534c0 WatcherThread [stack: 0x000000cc04c00000,0x000000cc04d00000] [id=17700]
  0x000001ef50a47d80 GCTaskThread "GC Thread#0" [stack: 0x000000cc03f00000,0x000000cc04000000] [id=11852]
  0x000001ef6be5d720 GCTaskThread "GC Thread#1" [stack: 0x000000cc04d00000,0x000000cc04e00000] [id=6252]
  0x000001ef6be5d9e0 GCTaskThread "GC Thread#2" [stack: 0x000000cc04e00000,0x000000cc04f00000] [id=22744]
  0x000001ef6be61ee0 GCTaskThread "GC Thread#3" [stack: 0x000000cc04f00000,0x000000cc05000000] [id=11924]

Threads with active compile tasks:
C2 CompilerThread0    19819 4745       4       org.eclipse.jdt.internal.compiler.parser.Parser::consumeRule (7943 bytes)

VM state: not at safepoint (normal execution)

VM Mutex/Monitor currently owned by a thread: None

Heap address: 0x00000000c0000000, size: 1024 MB, Compressed Oops mode: 32-bit

CDS archive(s) not mapped
Compressed class space mapped at: 0x0000000100000000-0x0000000140000000, reserved size: 1073741824
Narrow klass base: 0x0000000000000000, Narrow klass shift: 3, Narrow klass range: 0x140000000

GC Precious Log:
 CPUs: 4 total, 4 available
 Memory: 3902M
 Large Page Support: Disabled
 NUMA Support: Disabled
 Compressed Oops: Enabled (32-bit)
 Alignments: Space 512K, Generation 512K, Heap 2M
 Heap Min Capacity: 100M
 Heap Initial Capacity: 100M
 Heap Max Capacity: 1G
 Pre-touch: Disabled
 Parallel Workers: 4

Heap:
 PSYoungGen      total 22528K, used 20104K [0x00000000eab00000, 0x00000000ec280000, 0x0000000100000000)
  eden space 21504K, 90% used [0x00000000eab00000,0x00000000ebdeb8a0,0x00000000ec000000)
  from space 1024K, 71% used [0x00000000ec000000,0x00000000ec0b6ac0,0x00000000ec100000)
  to   space 1024K, 0% used [0x00000000ec180000,0x00000000ec180000,0x00000000ec280000)
 ParOldGen       total 68608K, used 26829K [0x00000000c0000000, 0x00000000c4300000, 0x00000000eab00000)
  object space 68608K, 39% used [0x00000000c0000000,0x00000000c1a337d0,0x00000000c4300000)
 Metaspace       used 45738K, committed 46528K, reserved 1114112K
  class space    used 4588K, committed 4928K, reserved 1048576K

Card table byte_map: [0x000001ef640a0000,0x000001ef642b0000] _byte_map_base: 0x000001ef63aa0000

Marking Bits: (ParMarkBitMap*) 0x00007ffa07ccd820
 Begin Bits: [0x000001ef64410000, 0x000001ef65410000)
 End Bits:   [0x000001ef65410000, 0x000001ef66410000)

Polling page: 0x000001ef50ae0000

Metaspace:

Usage:
  Non-class:     40.19 MB used.
      Class:      4.48 MB used.
       Both:     44.67 MB used.

Virtual space:
  Non-class space:       64.00 MB reserved,      40.62 MB ( 63%) committed,  1 nodes.
      Class space:        1.00 GB reserved,       4.81 MB ( <1%) committed,  1 nodes.
             Both:        1.06 GB reserved,      45.44 MB (  4%) committed. 

Chunk freelists:
   Non-Class:  7.28 MB
       Class:  11.19 MB
        Both:  18.47 MB

MaxMetaspaceSize: unlimited
CompressedClassSpaceSize: 1.00 GB
Initial GC threshold: 21.00 MB
Current GC threshold: 58.38 MB
CDS: off
MetaspaceReclaimPolicy: balanced
 - commit_granule_bytes: 65536.
 - commit_granule_words: 8192.
 - virtual_space_node_default_size: 8388608.
 - enlarge_chunks_in_place: 1.
 - new_chunks_are_fully_committed: 0.
 - uncommit_free_chunks: 1.
 - use_allocation_guard: 0.
 - handle_deallocations: 1.


Internal statistics:

num_allocs_failed_limit: 6.
num_arena_births: 406.
num_arena_deaths: 14.
num_vsnodes_births: 2.
num_vsnodes_deaths: 0.
num_space_committed: 727.
num_space_uncommitted: 0.
num_chunks_returned_to_freelist: 20.
num_chunks_taken_from_freelist: 1950.
num_chunk_merges: 8.
num_chunk_splits: 1256.
num_chunks_enlarged: 837.
num_inconsistent_stats: 0.

CodeHeap 'non-profiled nmethods': size=120000Kb used=2509Kb max_used=2509Kb free=117490Kb
 bounds [0x000001ef5c990000, 0x000001ef5cc10000, 0x000001ef63ec0000]
CodeHeap 'profiled nmethods': size=120000Kb used=10584Kb max_used=10584Kb free=109415Kb
 bounds [0x000001ef54ec0000, 0x000001ef55920000, 0x000001ef5c3f0000]
CodeHeap 'non-nmethods': size=5760Kb used=1328Kb max_used=1381Kb free=4432Kb
 bounds [0x000001ef5c3f0000, 0x000001ef5c660000, 0x000001ef5c990000]
 total_blobs=5415 nmethods=4762 adapters=567
 compilation: enabled
              stopped_count=0, restarted_count=0
 full_count=0

Compilation events (20 events):
Event: 19.739 Thread 0x000001ef6680ea00 4757       3       com.google.gson.stream.JsonReader::push (76 bytes)
Event: 19.739 Thread 0x000001ef6680ea00 nmethod 4757 0x000001ef5590fb10 code [0x000001ef5590fce0, 0x000001ef559100e8]
Event: 19.739 Thread 0x000001ef6680ea00 4758       3       java.util.ArrayDeque::removeLast (19 bytes)
Event: 19.740 Thread 0x000001ef6680ea00 nmethod 4758 0x000001ef55910310 code [0x000001ef559104c0, 0x000001ef55910718]
Event: 19.741 Thread 0x000001ef6680ea00 4759       3       java.util.Locale::getDefault (63 bytes)
Event: 19.741 Thread 0x000001ef6680ea00 nmethod 4759 0x000001ef55910810 code [0x000001ef55910a20, 0x000001ef55911168]
Event: 19.741 Thread 0x000001ef6680ea00 4761       3       java.util.Calendar::complete (40 bytes)
Event: 19.742 Thread 0x000001ef6680ea00 nmethod 4761 0x000001ef55911390 code [0x000001ef55911540, 0x000001ef559117f8]
Event: 19.742 Thread 0x000001ef6680ea00 4760       1       sun.util.calendar.BaseCalendar$Date::getCachedJan1 (5 bytes)
Event: 19.742 Thread 0x000001ef6680ea00 nmethod 4760 0x000001ef5cc02f90 code [0x000001ef5cc03120, 0x000001ef5cc031f8]
Event: 19.743 Thread 0x000001ef6680ea00 4762       3       com.google.gson.internal.bind.JsonTreeReader::nextName (6 bytes)
Event: 19.744 Thread 0x000001ef6680ea00 nmethod 4762 0x000001ef55911910 code [0x000001ef55911aa0, 0x000001ef55911be8]
Event: 19.744 Thread 0x000001ef6680ea00 4763       3       com.google.gson.internal.bind.ObjectTypeAdapter::readTerminal (97 bytes)
Event: 19.745 Thread 0x000001ef6680ea00 nmethod 4763 0x000001ef55911c90 code [0x000001ef55911f60, 0x000001ef55912cb8]
Event: 19.745 Thread 0x000001ef6680ea00 4764       3       com.google.gson.internal.bind.JsonTreeReader::nextName (71 bytes)
Event: 19.746 Thread 0x000001ef6680ea00 nmethod 4764 0x000001ef55913110 code [0x000001ef55913340, 0x000001ef55913c68]
Event: 19.746 Thread 0x000001ef6680ea00 4765       3       com.google.gson.JsonPrimitive::isBoolean (8 bytes)
Event: 19.746 Thread 0x000001ef6680ea00 nmethod 4765 0x000001ef55913f10 code [0x000001ef559140a0, 0x000001ef55914298]
Event: 19.746 Thread 0x000001ef6680ea00 4766       3       com.google.gson.internal.LinkedTreeMap::<init> (47 bytes)
Event: 19.746 Thread 0x000001ef6680ea00 nmethod 4766 0x000001ef55914310 code [0x000001ef559144c0, 0x000001ef55914878]

GC Heap History (20 events):
Event: 14.480 GC heap before
{Heap before GC invocations=12 (full 2):
 PSYoungGen      total 26624K, used 23552K [0x00000000eab00000, 0x00000000ec900000, 0x0000000100000000)
  eden space 23552K, 100% used [0x00000000eab00000,0x00000000ec200000,0x00000000ec200000)
  from space 3072K, 0% used [0x00000000ec280000,0x00000000ec280000,0x00000000ec580000)
  to   space 3584K, 0% used [0x00000000ec580000,0x00000000ec580000,0x00000000ec900000)
 ParOldGen       total 68608K, used 13032K [0x00000000c0000000, 0x00000000c4300000, 0x00000000eab00000)
  object space 68608K, 18% used [0x00000000c0000000,0x00000000c0cba2a8,0x00000000c4300000)
 Metaspace       used 37961K, committed 38656K, reserved 1114112K
  class space    used 3819K, committed 4096K, reserved 1048576K
}
Event: 14.483 GC heap after
{Heap after GC invocations=12 (full 2):
 PSYoungGen      total 25088K, used 1775K [0x00000000eab00000, 0x00000000ec780000, 0x0000000100000000)
  eden space 23040K, 0% used [0x00000000eab00000,0x00000000eab00000,0x00000000ec180000)
  from space 2048K, 86% used [0x00000000ec580000,0x00000000ec73bcf0,0x00000000ec780000)
  to   space 2560K, 0% used [0x00000000ec280000,0x00000000ec280000,0x00000000ec500000)
 ParOldGen       total 68608K, used 13040K [0x00000000c0000000, 0x00000000c4300000, 0x00000000eab00000)
  object space 68608K, 19% used [0x00000000c0000000,0x00000000c0cbc2a8,0x00000000c4300000)
 Metaspace       used 37961K, committed 38656K, reserved 1114112K
  class space    used 3819K, committed 4096K, reserved 1048576K
}
Event: 15.130 GC heap before
{Heap before GC invocations=13 (full 2):
 PSYoungGen      total 25088K, used 24815K [0x00000000eab00000, 0x00000000ec780000, 0x0000000100000000)
  eden space 23040K, 100% used [0x00000000eab00000,0x00000000ec180000,0x00000000ec180000)
  from space 2048K, 86% used [0x00000000ec580000,0x00000000ec73bcf0,0x00000000ec780000)
  to   space 2560K, 0% used [0x00000000ec280000,0x00000000ec280000,0x00000000ec500000)
 ParOldGen       total 68608K, used 13040K [0x00000000c0000000, 0x00000000c4300000, 0x00000000eab00000)
  object space 68608K, 19% used [0x00000000c0000000,0x00000000c0cbc2a8,0x00000000c4300000)
 Metaspace       used 38078K, committed 38784K, reserved 1114112K
  class space    used 3826K, committed 4160K, reserved 1048576K
}
Event: 15.135 GC heap after
{Heap after GC invocations=13 (full 2):
 PSYoungGen      total 25088K, used 2304K [0x00000000eab00000, 0x00000000ec600000, 0x0000000100000000)
  eden space 22528K, 0% used [0x00000000eab00000,0x00000000eab00000,0x00000000ec100000)
  from space 2560K, 90% used [0x00000000ec280000,0x00000000ec4c0010,0x00000000ec500000)
  to   space 1024K, 0% used [0x00000000ec500000,0x00000000ec500000,0x00000000ec600000)
 ParOldGen       total 68608K, used 14734K [0x00000000c0000000, 0x00000000c4300000, 0x00000000eab00000)
  object space 68608K, 21% used [0x00000000c0000000,0x00000000c0e63938,0x00000000c4300000)
 Metaspace       used 38078K, committed 38784K, reserved 1114112K
  class space    used 3826K, committed 4160K, reserved 1048576K
}
Event: 15.914 GC heap before
{Heap before GC invocations=14 (full 2):
 PSYoungGen      total 25088K, used 24832K [0x00000000eab00000, 0x00000000ec600000, 0x0000000100000000)
  eden space 22528K, 100% used [0x00000000eab00000,0x00000000ec100000,0x00000000ec100000)
  from space 2560K, 90% used [0x00000000ec280000,0x00000000ec4c0010,0x00000000ec500000)
  to   space 1024K, 0% used [0x00000000ec500000,0x00000000ec500000,0x00000000ec600000)
 ParOldGen       total 68608K, used 14734K [0x00000000c0000000, 0x00000000c4300000, 0x00000000eab00000)
  object space 68608K, 21% used [0x00000000c0000000,0x00000000c0e63938,0x00000000c4300000)
 Metaspace       used 38624K, committed 39360K, reserved 1114112K
  class space    used 3897K, committed 4224K, reserved 1048576K
}
Event: 15.918 GC heap after
{Heap after GC invocations=14 (full 2):
 PSYoungGen      total 22528K, used 994K [0x00000000eab00000, 0x00000000eca80000, 0x0000000100000000)
  eden space 21504K, 0% used [0x00000000eab00000,0x00000000eab00000,0x00000000ec000000)
  from space 1024K, 97% used [0x00000000ec500000,0x00000000ec5f8ad0,0x00000000ec600000)
  to   space 5120K, 0% used [0x00000000ec000000,0x00000000ec000000,0x00000000ec500000)
 ParOldGen       total 68608K, used 17998K [0x00000000c0000000, 0x00000000c4300000, 0x00000000eab00000)
  object space 68608K, 26% used [0x00000000c0000000,0x00000000c1193be0,0x00000000c4300000)
 Metaspace       used 38624K, committed 39360K, reserved 1114112K
  class space    used 3897K, committed 4224K, reserved 1048576K
}
Event: 16.777 GC heap before
{Heap before GC invocations=15 (full 2):
 PSYoungGen      total 22528K, used 22456K [0x00000000eab00000, 0x00000000eca80000, 0x0000000100000000)
  eden space 21504K, 99% used [0x00000000eab00000,0x00000000ebff5668,0x00000000ec000000)
  from space 1024K, 97% used [0x00000000ec500000,0x00000000ec5f8ad0,0x00000000ec600000)
  to   space 5120K, 0% used [0x00000000ec000000,0x00000000ec000000,0x00000000ec500000)
 ParOldGen       total 68608K, used 17998K [0x00000000c0000000, 0x00000000c4300000, 0x00000000eab00000)
  object space 68608K, 26% used [0x00000000c0000000,0x00000000c1193be0,0x00000000c4300000)
 Metaspace       used 40802K, committed 41600K, reserved 1114112K
  class space    used 4123K, committed 4480K, reserved 1048576K
}
Event: 16.780 GC heap after
{Heap after GC invocations=15 (full 2):
 PSYoungGen      total 23040K, used 1041K [0x00000000eab00000, 0x00000000ec580000, 0x0000000100000000)
  eden space 21504K, 0% used [0x00000000eab00000,0x00000000eab00000,0x00000000ec000000)
  from space 1536K, 67% used [0x00000000ec000000,0x00000000ec1046a0,0x00000000ec180000)
  to   space 2560K, 0% used [0x00000000ec300000,0x00000000ec300000,0x00000000ec580000)
 ParOldGen       total 68608K, used 18968K [0x00000000c0000000, 0x00000000c4300000, 0x00000000eab00000)
  object space 68608K, 27% used [0x00000000c0000000,0x00000000c1286098,0x00000000c4300000)
 Metaspace       used 40802K, committed 41600K, reserved 1114112K
  class space    used 4123K, committed 4480K, reserved 1048576K
}
Event: 17.036 GC heap before
{Heap before GC invocations=16 (full 2):
 PSYoungGen      total 23040K, used 22545K [0x00000000eab00000, 0x00000000ec580000, 0x0000000100000000)
  eden space 21504K, 100% used [0x00000000eab00000,0x00000000ec000000,0x00000000ec000000)
  from space 1536K, 67% used [0x00000000ec000000,0x00000000ec1046a0,0x00000000ec180000)
  to   space 2560K, 0% used [0x00000000ec300000,0x00000000ec300000,0x00000000ec580000)
 ParOldGen       total 68608K, used 18968K [0x00000000c0000000, 0x00000000c4300000, 0x00000000eab00000)
  object space 68608K, 27% used [0x00000000c0000000,0x00000000c1286098,0x00000000c4300000)
 Metaspace       used 40934K, committed 41664K, reserved 1114112K
  class space    used 4139K, committed 4480K, reserved 1048576K
}
Event: 17.040 GC heap after
{Heap after GC invocations=16 (full 2):
 PSYoungGen      total 23552K, used 1824K [0x00000000eab00000, 0x00000000ec500000, 0x0000000100000000)
  eden space 21504K, 0% used [0x00000000eab00000,0x00000000eab00000,0x00000000ec000000)
  from space 2048K, 89% used [0x00000000ec300000,0x00000000ec4c8000,0x00000000ec500000)
  to   space 2048K, 0% used [0x00000000ec100000,0x00000000ec100000,0x00000000ec300000)
 ParOldGen       total 68608K, used 19930K [0x00000000c0000000, 0x00000000c4300000, 0x00000000eab00000)
  object space 68608K, 29% used [0x00000000c0000000,0x00000000c13769d0,0x00000000c4300000)
 Metaspace       used 40934K, committed 41664K, reserved 1114112K
  class space    used 4139K, committed 4480K, reserved 1048576K
}
Event: 17.076 GC heap before
{Heap before GC invocations=17 (full 2):
 PSYoungGen      total 23552K, used 23328K [0x00000000eab00000, 0x00000000ec500000, 0x0000000100000000)
  eden space 21504K, 100% used [0x00000000eab00000,0x00000000ec000000,0x00000000ec000000)
  from space 2048K, 89% used [0x00000000ec300000,0x00000000ec4c8000,0x00000000ec500000)
  to   space 2048K, 0% used [0x00000000ec100000,0x00000000ec100000,0x00000000ec300000)
 ParOldGen       total 68608K, used 19930K [0x00000000c0000000, 0x00000000c4300000, 0x00000000eab00000)
  object space 68608K, 29% used [0x00000000c0000000,0x00000000c13769d0,0x00000000c4300000)
 Metaspace       used 40963K, committed 41664K, reserved 1114112K
  class space    used 4151K, committed 4480K, reserved 1048576K
}
Event: 17.080 GC heap after
{Heap after GC invocations=17 (full 2):
 PSYoungGen      total 23552K, used 2048K [0x00000000eab00000, 0x00000000ec500000, 0x0000000100000000)
  eden space 21504K, 0% used [0x00000000eab00000,0x00000000eab00000,0x00000000ec000000)
  from space 2048K, 100% used [0x00000000ec100000,0x00000000ec300000,0x00000000ec300000)
  to   space 2048K, 0% used [0x00000000ec300000,0x00000000ec300000,0x00000000ec500000)
 ParOldGen       total 68608K, used 21695K [0x00000000c0000000, 0x00000000c4300000, 0x00000000eab00000)
  object space 68608K, 31% used [0x00000000c0000000,0x00000000c152fd28,0x00000000c4300000)
 Metaspace       used 40963K, committed 41664K, reserved 1114112K
  class space    used 4151K, committed 4480K, reserved 1048576K
}
Event: 17.176 GC heap before
{Heap before GC invocations=18 (full 2):
 PSYoungGen      total 23552K, used 23552K [0x00000000eab00000, 0x00000000ec500000, 0x0000000100000000)
  eden space 21504K, 100% used [0x00000000eab00000,0x00000000ec000000,0x00000000ec000000)
  from space 2048K, 100% used [0x00000000ec100000,0x00000000ec300000,0x00000000ec300000)
  to   space 2048K, 0% used [0x00000000ec300000,0x00000000ec300000,0x00000000ec500000)
 ParOldGen       total 68608K, used 21695K [0x00000000c0000000, 0x00000000c4300000, 0x00000000eab00000)
  object space 68608K, 31% used [0x00000000c0000000,0x00000000c152fd28,0x00000000c4300000)
 Metaspace       used 40997K, committed 41728K, reserved 1114112K
  class space    used 4166K, committed 4480K, reserved 1048576K
}
Event: 17.179 GC heap after
{Heap after GC invocations=18 (full 2):
 PSYoungGen      total 23552K, used 1824K [0x00000000eab00000, 0x00000000ec500000, 0x0000000100000000)
  eden space 21504K, 0% used [0x00000000eab00000,0x00000000eab00000,0x00000000ec000000)
  from space 2048K, 89% used [0x00000000ec300000,0x00000000ec4c8010,0x00000000ec500000)
  to   space 2048K, 0% used [0x00000000ec100000,0x00000000ec100000,0x00000000ec300000)
 ParOldGen       total 68608K, used 23671K [0x00000000c0000000, 0x00000000c4300000, 0x00000000eab00000)
  object space 68608K, 34% used [0x00000000c0000000,0x00000000c171dd28,0x00000000c4300000)
 Metaspace       used 40997K, committed 41728K, reserved 1114112K
  class space    used 4166K, committed 4480K, reserved 1048576K
}
Event: 17.890 GC heap before
{Heap before GC invocations=19 (full 2):
 PSYoungGen      total 23552K, used 23328K [0x00000000eab00000, 0x00000000ec500000, 0x0000000100000000)
  eden space 21504K, 100% used [0x00000000eab00000,0x00000000ec000000,0x00000000ec000000)
  from space 2048K, 89% used [0x00000000ec300000,0x00000000ec4c8010,0x00000000ec500000)
  to   space 2048K, 0% used [0x00000000ec100000,0x00000000ec100000,0x00000000ec300000)
 ParOldGen       total 68608K, used 23671K [0x00000000c0000000, 0x00000000c4300000, 0x00000000eab00000)
  object space 68608K, 34% used [0x00000000c0000000,0x00000000c171dd28,0x00000000c4300000)
 Metaspace       used 42548K, committed 43264K, reserved 1114112K
  class space    used 4291K, committed 4608K, reserved 1048576K
}
Event: 17.894 GC heap after
{Heap after GC invocations=19 (full 2):
 PSYoungGen      total 22528K, used 737K [0x00000000eab00000, 0x00000000ec380000, 0x0000000100000000)
  eden space 21504K, 0% used [0x00000000eab00000,0x00000000eab00000,0x00000000ec000000)
  from space 1024K, 72% used [0x00000000ec100000,0x00000000ec1b86d8,0x00000000ec200000)
  to   space 1536K, 0% used [0x00000000ec200000,0x00000000ec200000,0x00000000ec380000)
 ParOldGen       total 68608K, used 25471K [0x00000000c0000000, 0x00000000c4300000, 0x00000000eab00000)
  object space 68608K, 37% used [0x00000000c0000000,0x00000000c18dfd38,0x00000000c4300000)
 Metaspace       used 42548K, committed 43264K, reserved 1114112K
  class space    used 4291K, committed 4608K, reserved 1048576K
}
Event: 18.413 GC heap before
{Heap before GC invocations=20 (full 2):
 PSYoungGen      total 22528K, used 22241K [0x00000000eab00000, 0x00000000ec380000, 0x0000000100000000)
  eden space 21504K, 100% used [0x00000000eab00000,0x00000000ec000000,0x00000000ec000000)
  from space 1024K, 72% used [0x00000000ec100000,0x00000000ec1b86d8,0x00000000ec200000)
  to   space 1536K, 0% used [0x00000000ec200000,0x00000000ec200000,0x00000000ec380000)
 ParOldGen       total 68608K, used 25471K [0x00000000c0000000, 0x00000000c4300000, 0x00000000eab00000)
  object space 68608K, 37% used [0x00000000c0000000,0x00000000c18dfd38,0x00000000c4300000)
 Metaspace       used 43836K, committed 44672K, reserved 1114112K
  class space    used 4404K, committed 4736K, reserved 1048576K
}
Event: 18.415 GC heap after
{Heap after GC invocations=20 (full 2):
 PSYoungGen      total 23040K, used 1412K [0x00000000eab00000, 0x00000000ec400000, 0x0000000100000000)
  eden space 21504K, 0% used [0x00000000eab00000,0x00000000eab00000,0x00000000ec000000)
  from space 1536K, 91% used [0x00000000ec200000,0x00000000ec3611a0,0x00000000ec380000)
  to   space 2048K, 0% used [0x00000000ec000000,0x00000000ec000000,0x00000000ec200000)
 ParOldGen       total 68608K, used 25959K [0x00000000c0000000, 0x00000000c4300000, 0x00000000eab00000)
  object space 68608K, 37% used [0x00000000c0000000,0x00000000c1959d38,0x00000000c4300000)
 Metaspace       used 43836K, committed 44672K, reserved 1114112K
  class space    used 4404K, committed 4736K, reserved 1048576K
}
Event: 18.533 GC heap before
{Heap before GC invocations=21 (full 2):
 PSYoungGen      total 23040K, used 22916K [0x00000000eab00000, 0x00000000ec400000, 0x0000000100000000)
  eden space 21504K, 100% used [0x00000000eab00000,0x00000000ec000000,0x00000000ec000000)
  from space 1536K, 91% used [0x00000000ec200000,0x00000000ec3611a0,0x00000000ec380000)
  to   space 2048K, 0% used [0x00000000ec000000,0x00000000ec000000,0x00000000ec200000)
 ParOldGen       total 68608K, used 25959K [0x00000000c0000000, 0x00000000c4300000, 0x00000000eab00000)
  object space 68608K, 37% used [0x00000000c0000000,0x00000000c1959d38,0x00000000c4300000)
 Metaspace       used 43857K, committed 44672K, reserved 1114112K
  class space    used 4404K, committed 4736K, reserved 1048576K
}
Event: 18.534 GC heap after
{Heap after GC invocations=21 (full 2):
 PSYoungGen      total 22528K, used 730K [0x00000000eab00000, 0x00000000ec280000, 0x0000000100000000)
  eden space 21504K, 0% used [0x00000000eab00000,0x00000000eab00000,0x00000000ec000000)
  from space 1024K, 71% used [0x00000000ec000000,0x00000000ec0b6ac0,0x00000000ec100000)
  to   space 1024K, 0% used [0x00000000ec180000,0x00000000ec180000,0x00000000ec280000)
 ParOldGen       total 68608K, used 26829K [0x00000000c0000000, 0x00000000c4300000, 0x00000000eab00000)
  object space 68608K, 39% used [0x00000000c0000000,0x00000000c1a337d0,0x00000000c4300000)
 Metaspace       used 43857K, committed 44672K, reserved 1114112K
  class space    used 4404K, committed 4736K, reserved 1048576K
}

Dll operation events (10 events):
Event: 0.058 Loaded shared library c:\Users\rifaa\.vscode\extensions\redhat.java-1.32.0-win32-x64\jre\17.0.11-win32-x86_64\bin\java.dll
Event: 0.677 Loaded shared library c:\Users\rifaa\.vscode\extensions\redhat.java-1.32.0-win32-x64\jre\17.0.11-win32-x86_64\bin\zip.dll
Event: 0.681 Loaded shared library C:\Users\rifaa\.vscode\extensions\redhat.java-1.32.0-win32-x64\jre\17.0.11-win32-x86_64\bin\instrument.dll
Event: 0.718 Loaded shared library C:\Users\rifaa\.vscode\extensions\redhat.java-1.32.0-win32-x64\jre\17.0.11-win32-x86_64\bin\net.dll
Event: 0.729 Loaded shared library C:\Users\rifaa\.vscode\extensions\redhat.java-1.32.0-win32-x64\jre\17.0.11-win32-x86_64\bin\nio.dll
Event: 0.747 Loaded shared library C:\Users\rifaa\.vscode\extensions\redhat.java-1.32.0-win32-x64\jre\17.0.11-win32-x86_64\bin\zip.dll
Event: 0.777 Loaded shared library C:\Users\rifaa\.vscode\extensions\redhat.java-1.32.0-win32-x64\jre\17.0.11-win32-x86_64\bin\jimage.dll
Event: 0.918 Loaded shared library c:\Users\rifaa\.vscode\extensions\redhat.java-1.32.0-win32-x64\jre\17.0.11-win32-x86_64\bin\verify.dll
Event: 4.521 Loaded shared library C:\Users\rifaa\AppData\Roaming\Code\User\globalStorage\redhat.java\1.32.0\config_ss_win\org.eclipse.equinox.launcher\org.eclipse.equinox.launcher.win32.win32.x86_64_1.2.1100.v20240613-2013\eclipse_11903.dll
Event: 9.660 Loaded shared library C:\Users\rifaa\AppData\Local\Temp\jna-108510575\jna13715706331750366548.dll

Deoptimization events (20 events):
Event: 18.434 Thread 0x000001ef6d06d570 DEOPT PACKING pc=0x000001ef5ca851cc sp=0x000000cc061f8e00
Event: 18.434 Thread 0x000001ef6d06d570 DEOPT UNPACKING pc=0x000001ef5c449ea3 sp=0x000000cc061f8d68 mode 2
Event: 19.509 Thread 0x000001ef6d06d570 Uncommon trap: trap_request=0xffffff45 fr.pc=0x000001ef5cae9f00 relative=0x0000000000000340
Event: 19.509 Thread 0x000001ef6d06d570 Uncommon trap: reason=unstable_if action=reinterpret pc=0x000001ef5cae9f00 method=java.util.HashMap.removeNode(ILjava/lang/Object;Ljava/lang/Object;ZZ)Ljava/util/HashMap$Node; @ 121 c2
Event: 19.509 Thread 0x000001ef6d06d570 DEOPT PACKING pc=0x000001ef5cae9f00 sp=0x000000cc061fde50
Event: 19.509 Thread 0x000001ef6d06d570 DEOPT UNPACKING pc=0x000001ef5c449ea3 sp=0x000000cc061fdd38 mode 2
Event: 19.570 Thread 0x000001ef6c4479b0 Uncommon trap: trap_request=0xffffff45 fr.pc=0x000001ef5cac5bbc relative=0x000000000000021c
Event: 19.570 Thread 0x000001ef6c4479b0 Uncommon trap: reason=unstable_if action=reinterpret pc=0x000001ef5cac5bbc method=java.util.WeakHashMap.expungeStaleEntries()V @ 9 c2
Event: 19.570 Thread 0x000001ef6c4479b0 DEOPT PACKING pc=0x000001ef5cac5bbc sp=0x000000cc057fdf90
Event: 19.570 Thread 0x000001ef6c4479b0 DEOPT UNPACKING pc=0x000001ef5c449ea3 sp=0x000000cc057fdf28 mode 2
Event: 19.580 Thread 0x000001ef6d06d570 Uncommon trap: trap_request=0xffffff45 fr.pc=0x000001ef5cb3884c relative=0x000000000000022c
Event: 19.580 Thread 0x000001ef6d06d570 Uncommon trap: reason=unstable_if action=reinterpret pc=0x000001ef5cb3884c method=org.eclipse.jdt.internal.core.util.Util.equalArraysOrNull([Ljava/lang/Object;[Ljava/lang/Object;)Z @ 23 c2
Event: 19.580 Thread 0x000001ef6d06d570 DEOPT PACKING pc=0x000001ef5cb3884c sp=0x000000cc061fdc70
Event: 19.580 Thread 0x000001ef6d06d570 DEOPT UNPACKING pc=0x000001ef5c449ea3 sp=0x000000cc061fdc18 mode 2
Event: 19.689 Thread 0x000001ef6d070810 DEOPT PACKING pc=0x000001ef552e80c4 sp=0x000000cc063fe790
Event: 19.689 Thread 0x000001ef6d070810 DEOPT UNPACKING pc=0x000001ef5c44a9e3 sp=0x000000cc063fdd10 mode 0
Event: 19.748 Thread 0x000001ef6d06d570 Uncommon trap: trap_request=0xffffffc6 fr.pc=0x000001ef5cb119bc relative=0x000000000000009c
Event: 19.748 Thread 0x000001ef6d06d570 Uncommon trap: reason=bimorphic_or_optimized_type_check action=maybe_recompile pc=0x000001ef5cb119bc method=java.util.stream.Sink$ChainedReference.cancellationRequested()Z @ 4 c2
Event: 19.748 Thread 0x000001ef6d06d570 DEOPT PACKING pc=0x000001ef5cb119bc sp=0x000000cc061fdd20
Event: 19.748 Thread 0x000001ef6d06d570 DEOPT UNPACKING pc=0x000001ef5c449ea3 sp=0x000000cc061fdc50 mode 2

Classes unloaded (7 events):
Event: 6.352 Thread 0x000001ef667a8ee0 Unloading class 0x000000010021e400 'java/lang/invoke/LambdaForm$MH+0x000000010021e400'
Event: 6.352 Thread 0x000001ef667a8ee0 Unloading class 0x000000010021e000 'java/lang/invoke/LambdaForm$MH+0x000000010021e000'
Event: 6.352 Thread 0x000001ef667a8ee0 Unloading class 0x000000010021dc00 'java/lang/invoke/LambdaForm$MH+0x000000010021dc00'
Event: 6.352 Thread 0x000001ef667a8ee0 Unloading class 0x000000010021d800 'java/lang/invoke/LambdaForm$MH+0x000000010021d800'
Event: 6.352 Thread 0x000001ef667a8ee0 Unloading class 0x000000010021d400 'java/lang/invoke/LambdaForm$BMH+0x000000010021d400'
Event: 6.352 Thread 0x000001ef667a8ee0 Unloading class 0x000000010021d000 'java/lang/invoke/LambdaForm$DMH+0x000000010021d000'
Event: 6.352 Thread 0x000001ef667a8ee0 Unloading class 0x0000000100218400 'java/lang/invoke/LambdaForm$DMH+0x0000000100218400'

Classes redefined (0 events):
No events

Internal exceptions (20 events):
Event: 17.996 Thread 0x000001ef6d06d570 Implicit null exception at 0x000001ef5cabca4f to 0x000001ef5cabd754
Event: 18.329 Thread 0x000001ef6c449810 Exception <a 'sun/nio/fs/WindowsException'{0x00000000eb6cc508}> (0x00000000eb6cc508) 
thrown [s\src\hotspot\share\prims\jni.cpp, line 516]
Event: 18.330 Thread 0x000001ef6c449810 Exception <a 'sun/nio/fs/WindowsException'{0x00000000eb6ccb40}> (0x00000000eb6ccb40) 
thrown [s\src\hotspot\share\prims\jni.cpp, line 516]
Event: 18.335 Thread 0x000001ef6c4479b0 Exception <a 'sun/nio/fs/WindowsException'{0x00000000eb72b078}> (0x00000000eb72b078) 
thrown [s\src\hotspot\share\prims\jni.cpp, line 516]
Event: 18.336 Thread 0x000001ef6c4479b0 Exception <a 'sun/nio/fs/WindowsException'{0x00000000eb72e300}> (0x00000000eb72e300) 
thrown [s\src\hotspot\share\prims\jni.cpp, line 516]
Event: 19.558 Thread 0x000001ef6c4479b0 Exception <a 'sun/nio/fs/WindowsException'{0x00000000ebaaef68}> (0x00000000ebaaef68) 
thrown [s\src\hotspot\share\prims\jni.cpp, line 516]
Event: 19.560 Thread 0x000001ef6c4479b0 Exception <a 'sun/nio/fs/WindowsException'{0x00000000ebaafd68}> (0x00000000ebaafd68) 
thrown [s\src\hotspot\share\prims\jni.cpp, line 516]
Event: 19.561 Thread 0x000001ef6c4479b0 Exception <a 'sun/nio/fs/WindowsException'{0x00000000ebab0820}> (0x00000000ebab0820) 
thrown [s\src\hotspot\share\prims\jni.cpp, line 516]
Event: 19.563 Thread 0x000001ef6c4479b0 Exception <a 'sun/nio/fs/WindowsException'{0x00000000ebab2178}> (0x00000000ebab2178) 
thrown [s\src\hotspot\share\prims\jni.cpp, line 516]
Event: 19.573 Thread 0x000001ef6c4479b0 Exception <a 'sun/nio/fs/WindowsException'{0x00000000ebac5520}> (0x00000000ebac5520) 
thrown [s\src\hotspot\share\prims\jni.cpp, line 516]
Event: 19.577 Thread 0x000001ef6c4479b0 Exception <a 'sun/nio/fs/WindowsException'{0x00000000ebad0b48}> (0x00000000ebad0b48) 
thrown [s\src\hotspot\share\prims\jni.cpp, line 516]
Event: 19.581 Thread 0x000001ef6c4479b0 Exception <a 'sun/nio/fs/WindowsException'{0x00000000ebb23638}> (0x00000000ebb23638) 
thrown [s\src\hotspot\share\prims\jni.cpp, line 516]
Event: 19.588 Thread 0x000001ef6c4479b0 Exception <a 'sun/nio/fs/WindowsException'{0x00000000ebb309a8}> (0x00000000ebb309a8) 
thrown [s\src\hotspot\share\prims\jni.cpp, line 516]
Event: 19.592 Thread 0x000001ef6c4479b0 Exception <a 'sun/nio/fs/WindowsException'{0x00000000ebb3f208}> (0x00000000ebb3f208) 
thrown [s\src\hotspot\share\prims\jni.cpp, line 516]
Event: 19.599 Thread 0x000001ef6c4479b0 Exception <a 'sun/nio/fs/WindowsException'{0x00000000ebb93cf0}> (0x00000000ebb93cf0) 
thrown [s\src\hotspot\share\prims\jni.cpp, line 516]
Event: 19.611 Thread 0x000001ef6c4479b0 Exception <a 'sun/nio/fs/WindowsException'{0x00000000ebba2880}> (0x00000000ebba2880) 
thrown [s\src\hotspot\share\prims\jni.cpp, line 516]
Event: 19.623 Thread 0x000001ef6c4479b0 Exception <a 'sun/nio/fs/WindowsException'{0x00000000ebbb1018}> (0x00000000ebbb1018) 
thrown [s\src\hotspot\share\prims\jni.cpp, line 516]
Event: 19.627 Thread 0x000001ef6c4479b0 Exception <a 'sun/nio/fs/WindowsException'{0x00000000ebbbfa80}> (0x00000000ebbbfa80) 
thrown [s\src\hotspot\share\prims\jni.cpp, line 516]
Event: 19.633 Thread 0x000001ef6c4479b0 Exception <a 'sun/nio/fs/WindowsException'{0x00000000ebbce4c0}> (0x00000000ebbce4c0) 
thrown [s\src\hotspot\share\prims\jni.cpp, line 516]
Event: 19.640 Thread 0x000001ef6c4479b0 Exception <a 'sun/nio/fs/WindowsException'{0x00000000ebbdc570}> (0x00000000ebbdc570) 
thrown [s\src\hotspot\share\prims\jni.cpp, line 516]

VM Operations (20 events):
Event: 17.176 Executing VM operation: ParallelGCFailedAllocation
Event: 17.179 Executing VM operation: ParallelGCFailedAllocation done
Event: 17.295 Executing VM operation: HandshakeAllThreads
Event: 17.295 Executing VM operation: HandshakeAllThreads done
Event: 17.472 Executing VM operation: HandshakeAllThreads
Event: 17.472 Executing VM operation: HandshakeAllThreads done
Event: 17.693 Executing VM operation: HandshakeAllThreads
Event: 17.693 Executing VM operation: HandshakeAllThreads done
Event: 17.694 Executing VM operation: HandshakeAllThreads
Event: 17.694 Executing VM operation: HandshakeAllThreads done
Event: 17.890 Executing VM operation: ParallelGCFailedAllocation
Event: 17.894 Executing VM operation: ParallelGCFailedAllocation done
Event: 18.413 Executing VM operation: ParallelGCFailedAllocation
Event: 18.415 Executing VM operation: ParallelGCFailedAllocation done
Event: 18.533 Executing VM operation: ParallelGCFailedAllocation
Event: 18.534 Executing VM operation: ParallelGCFailedAllocation done
Event: 18.705 Executing VM operation: HandshakeAllThreads
Event: 18.705 Executing VM operation: HandshakeAllThreads done
Event: 19.706 Executing VM operation: Cleanup
Event: 19.713 Executing VM operation: Cleanup done

Events (20 events):
Event: 18.723 loading class java/util/stream/ReferencePipeline$4 done
Event: 18.774 loading class java/util/stream/Nodes$IntFixedNodeBuilder
Event: 18.775 loading class java/util/stream/Node$Builder$OfInt
Event: 18.775 loading class java/util/stream/Node$Builder$OfInt done
Event: 18.775 loading class java/util/stream/Nodes$IntArrayNode
Event: 18.776 loading class java/util/stream/Nodes$IntArrayNode done
Event: 18.776 loading class java/util/stream/Nodes$IntFixedNodeBuilder done
Event: 18.777 loading class java/util/stream/ReferencePipeline$4$1
Event: 18.777 loading class java/util/stream/ReferencePipeline$4$1 done
Event: 19.064 loading class java/util/Hashtable$ValueCollection
Event: 19.065 loading class java/util/Hashtable$ValueCollection done
Event: 19.646 Thread 0x000001ef6d073ab0 Thread added: 0x000001ef6d073ab0
Event: 19.646 Thread 0x000001ef6d06d060 Thread added: 0x000001ef6d06d060
Event: 19.646 Thread 0x000001ef6d070810 Thread added: 0x000001ef6d070810
Event: 19.646 Thread 0x000001ef6d0749e0 Thread added: 0x000001ef6d0749e0
Event: 19.646 Thread 0x000001ef6d070300 Thread added: 0x000001ef6d070300
Event: 19.712 Thread 0x000001ef6d070300 Thread exited: 0x000001ef6d070300
Event: 19.713 Thread 0x000001ef6d0749e0 Thread exited: 0x000001ef6d0749e0
Event: 19.759 Thread 0x000001ef6d073ab0 Thread exited: 0x000001ef6d073ab0
Event: 19.763 Thread 0x000001ef6d06d060 Thread exited: 0x000001ef6d06d060


Dynamic libraries:
0x00007ff6e3c30000 - 0x00007ff6e3c3e000 	c:\Users\rifaa\.vscode\extensions\redhat.java-1.32.0-win32-x64\jre\17.0.11-win32-x86_64\bin\java.exe
0x00007ffaa6a50000 - 0x00007ffaa6c67000 	C:\WINDOWS\SYSTEM32\ntdll.dll
0x00007ffaa55e0000 - 0x00007ffaa56a4000 	C:\WINDOWS\System32\KERNEL32.DLL
0x00007ffaa4100000 - 0x00007ffaa44ac000 	C:\WINDOWS\System32\KERNELBASE.dll
0x00007ffaa3fe0000 - 0x00007ffaa40f1000 	C:\WINDOWS\System32\ucrtbase.dll
0x00007ffa7c290000 - 0x00007ffa7c2a7000 	c:\Users\rifaa\.vscode\extensions\redhat.java-1.32.0-win32-x64\jre\17.0.11-win32-x86_64\bin\jli.dll
0x00007ffaa56b0000 - 0x00007ffaa585e000 	C:\WINDOWS\System32\USER32.dll
0x00007ffaa3ef0000 - 0x00007ffaa3f16000 	C:\WINDOWS\System32\win32u.dll
0x00007ffaa58f0000 - 0x00007ffaa5919000 	C:\WINDOWS\System32\GDI32.dll
0x00007ffaa44e0000 - 0x00007ffaa45f9000 	C:\WINDOWS\System32\gdi32full.dll
0x00007ffaa46f0000 - 0x00007ffaa478a000 	C:\WINDOWS\System32\msvcp_win.dll
0x00007ffa71cb0000 - 0x00007ffa71ccb000 	c:\Users\rifaa\.vscode\extensions\redhat.java-1.32.0-win32-x64\jre\17.0.11-win32-x86_64\bin\VCRUNTIME140.dll
0x00007ffa8b5c0000 - 0x00007ffa8b853000 	C:\WINDOWS\WinSxS\amd64_microsoft.windows.common-controls_6595b64144ccf1df_6.0.22621.3672_none_2713b9d173822955\COMCTL32.dll
0x00007ffaa5ac0000 - 0x00007ffaa5b67000 	C:\WINDOWS\System32\msvcrt.dll
0x00007ffaa55a0000 - 0x00007ffaa55d1000 	C:\WINDOWS\System32\IMM32.DLL
0x00007ffaa0190000 - 0x00007ffaa019c000 	c:\Users\rifaa\.vscode\extensions\redhat.java-1.32.0-win32-x64\jre\17.0.11-win32-x86_64\bin\vcruntime140_1.dll
0x00007ffa27bc0000 - 0x00007ffa27c4d000 	c:\Users\rifaa\.vscode\extensions\redhat.java-1.32.0-win32-x64\jre\17.0.11-win32-x86_64\bin\msvcp140.dll
0x00007ffa07130000 - 0x00007ffa07d92000 	c:\Users\rifaa\.vscode\extensions\redhat.java-1.32.0-win32-x64\jre\17.0.11-win32-x86_64\bin\server\jvm.dll
0x00007ffaa4cd0000 - 0x00007ffaa4d82000 	C:\WINDOWS\System32\ADVAPI32.dll
0x00007ffaa4b70000 - 0x00007ffaa4c1a000 	C:\WINDOWS\System32\sechost.dll
0x00007ffaa44b0000 - 0x00007ffaa44d8000 	C:\WINDOWS\System32\bcrypt.dll
0x00007ffaa5920000 - 0x00007ffaa5a35000 	C:\WINDOWS\System32\RPCRT4.dll
0x00007ffaa3c40000 - 0x00007ffaa3c8d000 	C:\WINDOWS\SYSTEM32\POWRPROF.dll
0x00007ffaa02d0000 - 0x00007ffaa02d9000 	C:\WINDOWS\SYSTEM32\WSOCK32.dll
0x00007ffaa5370000 - 0x00007ffaa53e1000 	C:\WINDOWS\System32\WS2_32.dll
0x00007ffa9f890000 - 0x00007ffa9f8c4000 	C:\WINDOWS\SYSTEM32\WINMM.dll
0x00007ffa9cf90000 - 0x00007ffa9cf9a000 	C:\WINDOWS\SYSTEM32\VERSION.dll
0x00007ffaa3c20000 - 0x00007ffaa3c33000 	C:\WINDOWS\SYSTEM32\UMPDC.dll
0x00007ffaa2db0000 - 0x00007ffaa2dc8000 	C:\WINDOWS\SYSTEM32\kernel.appcore.dll
0x00007ffa8c610000 - 0x00007ffa8c61a000 	c:\Users\rifaa\.vscode\extensions\redhat.java-1.32.0-win32-x64\jre\17.0.11-win32-x86_64\bin\jimage.dll
0x00007ffaa16f0000 - 0x00007ffaa1922000 	C:\WINDOWS\SYSTEM32\DBGHELP.DLL
0x00007ffaa4fe0000 - 0x00007ffaa5368000 	C:\WINDOWS\System32\combase.dll
0x00007ffaa4d90000 - 0x00007ffaa4e67000 	C:\WINDOWS\System32\OLEAUT32.dll
0x00007ffa8a1b0000 - 0x00007ffa8a1e2000 	C:\WINDOWS\SYSTEM32\dbgcore.DLL
0x00007ffaa4600000 - 0x00007ffaa467b000 	C:\WINDOWS\System32\bcryptPrimitives.dll
0x00007ffa8c600000 - 0x00007ffa8c60e000 	c:\Users\rifaa\.vscode\extensions\redhat.java-1.32.0-win32-x64\jre\17.0.11-win32-x86_64\bin\instrument.dll
0x00007ffa57270000 - 0x00007ffa57295000 	c:\Users\rifaa\.vscode\extensions\redhat.java-1.32.0-win32-x64\jre\17.0.11-win32-x86_64\bin\java.dll
0x00007ffa4f8a0000 - 0x00007ffa4f8b8000 	c:\Users\rifaa\.vscode\extensions\redhat.java-1.32.0-win32-x64\jre\17.0.11-win32-x86_64\bin\zip.dll
0x00007ffaa5bc0000 - 0x00007ffaa641c000 	C:\WINDOWS\System32\SHELL32.dll
0x00007ffaa1cd0000 - 0x00007ffaa25c7000 	C:\WINDOWS\SYSTEM32\windows.storage.dll
0x00007ffaa1b90000 - 0x00007ffaa1ccf000 	C:\WINDOWS\SYSTEM32\wintypes.dll
0x00007ffaa47c0000 - 0x00007ffaa48b4000 	C:\WINDOWS\System32\SHCORE.dll
0x00007ffaa5870000 - 0x00007ffaa58ce000 	C:\WINDOWS\System32\shlwapi.dll
0x00007ffaa3cb0000 - 0x00007ffaa3cd1000 	C:\WINDOWS\SYSTEM32\profapi.dll
0x00007ffa4f0f0000 - 0x00007ffa4f109000 	C:\Users\rifaa\.vscode\extensions\redhat.java-1.32.0-win32-x64\jre\17.0.11-win32-x86_64\bin\net.dll
0x00007ffaa05c0000 - 0x00007ffaa06f6000 	C:\WINDOWS\SYSTEM32\WINHTTP.dll
0x00007ffaa3220000 - 0x00007ffaa3289000 	C:\WINDOWS\system32\mswsock.dll
0x00007ffa49a50000 - 0x00007ffa49a66000 	C:\Users\rifaa\.vscode\extensions\redhat.java-1.32.0-win32-x64\jre\17.0.11-win32-x86_64\bin\nio.dll
0x00007ffa7e190000 - 0x00007ffa7e1a0000 	c:\Users\rifaa\.vscode\extensions\redhat.java-1.32.0-win32-x64\jre\17.0.11-win32-x86_64\bin\verify.dll
0x00007ffa76910000 - 0x00007ffa76954000 	C:\Users\rifaa\AppData\Roaming\Code\User\globalStorage\redhat.java\1.32.0\config_ss_win\org.eclipse.equinox.launcher\org.eclipse.equinox.launcher.win32.win32.x86_64_1.2.1100.v20240613-2013\eclipse_11903.dll
0x00007ffaa53f0000 - 0x00007ffaa5595000 	C:\WINDOWS\System32\ole32.dll
0x00007ffaa3490000 - 0x00007ffaa34ab000 	C:\WINDOWS\SYSTEM32\CRYPTSP.dll
0x00007ffaa2d10000 - 0x00007ffaa2d45000 	C:\WINDOWS\system32\rsaenh.dll
0x00007ffaa3320000 - 0x00007ffaa3348000 	C:\WINDOWS\SYSTEM32\USERENV.dll
0x00007ffaa3480000 - 0x00007ffaa348c000 	C:\WINDOWS\SYSTEM32\CRYPTBASE.dll
0x00007ffaa2870000 - 0x00007ffaa289d000 	C:\WINDOWS\SYSTEM32\IPHLPAPI.DLL
0x00007ffaa47b0000 - 0x00007ffaa47b9000 	C:\WINDOWS\System32\NSI.dll
0x00007ffaa07b0000 - 0x00007ffaa07c9000 	C:\WINDOWS\SYSTEM32\dhcpcsvc6.DLL
0x00007ffaa0790000 - 0x00007ffaa07af000 	C:\WINDOWS\SYSTEM32\dhcpcsvc.DLL
0x00007ffaa28f0000 - 0x00007ffaa29e8000 	C:\WINDOWS\SYSTEM32\DNSAPI.dll
0x00007ffa66730000 - 0x00007ffa66775000 	C:\Users\rifaa\AppData\Local\Temp\jna-108510575\jna13715706331750366548.dll
0x00007ffaa4fd0000 - 0x00007ffaa4fd8000 	C:\WINDOWS\System32\PSAPI.DLL

dbghelp: loaded successfully - version: 4.0.5 - missing functions: none
symbol engine: initialized successfully - sym options: 0x614 - pdb path: .;c:\Users\rifaa\.vscode\extensions\redhat.java-1.32.0-win32-x64\jre\17.0.11-win32-x86_64\bin;C:\WINDOWS\SYSTEM32;C:\WINDOWS\WinSxS\amd64_microsoft.windows.common-controls_6595b64144ccf1df_6.0.22621.3672_none_2713b9d173822955;c:\Users\rifaa\.vscode\extensions\redhat.java-1.32.0-win32-x64\jre\17.0.11-win32-x86_64\bin\server;C:\Users\rifaa\AppData\Roaming\Code\User\globalStorage\redhat.java\1.32.0\config_ss_win\org.eclipse.equinox.launcher\org.eclipse.equinox.launcher.win32.win32.x86_64_1.2.1100.v20240613-2013;C:\Users\rifaa\AppData\Local\Temp\jna-108510575

VM Arguments:
jvm_args: --add-modules=ALL-SYSTEM --add-opens=java.base/java.util=ALL-UNNAMED --add-opens=java.base/java.lang=ALL-UNNAMED --add-opens=java.base/sun.nio.fs=ALL-UNNAMED -Declipse.application=org.eclipse.jdt.ls.core.id1 -Dosgi.bundles.defaultStartLevel=4 -Declipse.product=org.eclipse.jdt.ls.core.product -Djava.import.generatesMetadataFilesAtProjectRoot=false -DDetectVMInstallationsJob.disabled=true -Dfile.encoding=utf8 -XX:+UseParallelGC -XX:GCTimeRatio=4 -XX:AdaptiveSizePolicyWeight=90 -Dsun.zip.disableMemoryMapping=true -Xmx1G -Xms100m -Xlog:disable -javaagent:c:\Users\rifaa\.vscode\extensions\redhat.java-1.32.0-win32-x64\lombok\lombok-1.18.33.jar 
java_command: c:\Users\rifaa\.vscode\extensions\redhat.java-1.32.0-win32-x64\server\plugins\org.eclipse.equinox.launcher_1.6.900.v20240613-2009.jar -configuration c:\Users\rifaa\AppData\Roaming\Code\User\globalStorage\redhat.java\1.32.0\config_ss_win -data c:\Users\rifaa\AppData\Roaming\Code\User\workspaceStorage\eff9e2248ba5da2af1d37f4b9032435e\redhat.java\ss_ws --pipe=\\.\pipe\lsp-2f8bf25bbe68c9507e50beaffb9d7d6d-sock
java_class_path (initial): c:\Users\rifaa\.vscode\extensions\redhat.java-1.32.0-win32-x64\server\plugins\org.eclipse.equinox.launcher_1.6.900.v20240613-2009.jar
Launcher Type: SUN_STANDARD

[Global flags]
    uintx AdaptiveSizePolicyWeight                 = 90                                        {product} {command line}
     intx CICompilerCount                          = 3                                         {product} {ergonomic}
    uintx GCTimeRatio                              = 4                                         {product} {command line}
   size_t InitialHeapSize                          = 104857600                                 {product} {command line}
   size_t MaxHeapSize                              = 1073741824                                {product} {command line}
   size_t MaxNewSize                               = 357564416                                 {product} {ergonomic}
   size_t MinHeapDeltaBytes                        = 524288                                    {product} {ergonomic}
   size_t MinHeapSize                              = 104857600                                 {product} {command line}
   size_t NewSize                                  = 34603008                                  {product} {ergonomic}
    uintx NonNMethodCodeHeapSize                   = 5832780                                {pd product} {ergonomic}
    uintx NonProfiledCodeHeapSize                  = 122912730                              {pd product} {ergonomic}
   size_t OldSize                                  = 70254592                                  {product} {ergonomic}
    uintx ProfiledCodeHeapSize                     = 122912730                              {pd product} {ergonomic}
    uintx ReservedCodeCacheSize                    = 251658240                              {pd product} {ergonomic}
     bool SegmentedCodeCache                       = true                                      {product} {ergonomic}
   size_t SoftMaxHeapSize                          = 1073741824                             {manageable} {ergonomic}
     bool UseCompressedClassPointers               = true                           {product lp64_product} {ergonomic}
     bool UseCompressedOops                        = true                           {product lp64_product} {ergonomic}
     bool UseLargePagesIndividualAllocation        = false                                  {pd product} {ergonomic}
     bool UseParallelGC                            = true                                      {product} {command line}

Logging:
Log output configuration:
 #0: stdout all=off uptime,level,tags
 #1: stderr all=off uptime,level,tags

Environment Variables:
PATH=C:\Users\rifaa\bin;C:\Program Files\Git\mingw64\bin;C:\Program Files\Git\usr\local\bin;C:\Program Files\Git\usr\bin;C:\Program Files\Git\usr\bin;C:\Program Files\Git\mingw64\bin;C:\Program Files\Git\usr\bin;C:\Users\rifaa\bin;C:\Program Files\Common Files\Oracle\Java\javapath;C:\WINDOWS\system32;C:\WINDOWS;C:\WINDOWS\System32\Wbem;C:\WINDOWS\System32\WindowsPowerShell\v1.0;C:\WINDOWS\System32\OpenSSH;C:\Program Files\Java\jdk-17\bin;C:\Users\rifaa\Downloads\apache-maven-3.9.7\bin;C:\Program Files\Git\cmd;C:\Program Files\nodejs;C:\Users\rifaa\AppData\Local\Microsoft\WindowsApps;C:\Users\rifaa\AppData\Local\Programs\Microsoft VS Code\bin;C:\Users\rifaa\AppData\Roaming\npm;C:\Program Files\Git\usr\bin\vendor_perl;C:\Program Files\Git\usr\bin\core_perl
USERNAME=rifaa
SHELL=C:\Program Files\Git\usr\bin\bash.exe
DISPLAY=needs-to-be-defined
LC_CTYPE=en_US.UTF-8
TERM=xterm
TMPDIR=C:\Users\rifaa\AppData\Local\Temp
OS=Windows_NT
PROCESSOR_IDENTIFIER=Intel64 Family 6 Model 126 Stepping 5, GenuineIntel
TMP=C:\Users\rifaa\AppData\Local\Temp
TEMP=C:\Users\rifaa\AppData\Local\Temp



Periodic native trim disabled


---------------  S Y S T E M  ---------------

OS:
 Windows 11 , 64 bit Build 22621 (10.0.22621.3672)
OS uptime: 0 days 21:33 hours

CPU: total 4 (initial active 4) (2 cores per cpu, 2 threads per core) family 6 model 126 stepping 5 microcode 0xa0, cx8, cmov, fxsr, ht, mmx, 3dnowpref, sse, sse2, sse3, ssse3, sse4.1, sse4.2, popcnt, lzcnt, tsc, tscinvbit, avx, avx2, aes, erms, clmul, bmi1, bmi2, adx, avx512f, avx512dq, avx512cd, avx512bw, avx512vl, sha, fma, vzeroupper, avx512_vpopcntdq, avx512_vpclmulqdq, avx512_vaes, avx512_vnni, clflush, clflushopt, avx512_vbmi2, avx512_vbmi
Processor Information for all 4 processors :
  Max Mhz: 1201, Current Mhz: 1201, Mhz Limit: 1201

Memory: 4k page, system-wide physical 3902M (157M free)
TotalPageFile size 15678M (AvailPageFile size 6M)
current process WorkingSet (physical memory assigned to process): 182M, peak: 185M
current process commit charge ("private bytes"): 262M, peak: 265M

vm_info: OpenJDK 64-Bit Server VM (17.0.11+9) for windows-amd64 JRE (17.0.11+9), built on Apr 17 2024 06:07:48 by "admin" with MS VC++ 16.10 / 16.11 (VS2019)

END.
