#
# There is insufficient memory for the Java Runtime Environment to continue.
# Native memory allocation (malloc) failed to allocate 1070416 bytes. Error detail: Chunk::new
# Possible reasons:
#   The system is out of physical RAM or swap space
#   This process is running with CompressedOops enabled, and the Java Heap may be blocking the growth of the native heap
# Possible solutions:
#   Reduce memory load on the system
#   Increase physical memory or swap space
#   Check if swap backing store is full
#   Decrease Java heap size (-Xmx/-Xms)
#   Decrease number of Java threads
#   Decrease Java thread stack sizes (-Xss)
#   Set larger code cache with -XX:ReservedCodeCacheSize=
#   JVM is running with Unscaled Compressed Oops mode in which the Java heap is
#     placed in the first 4GB address space. The Java Heap base address is the
#     maximum limit for the native heap growth. Please use -XX:HeapBaseMinAddress
#     to set the Java Heap base and to place the Java Heap above 4GB virtual address.
# This output file may be truncated or incomplete.
#
#  Out of Memory Error (arena.cpp:191), pid=1840, tid=18412
#
# JRE version: OpenJDK Runtime Environment Temurin-17.0.11+9 (17.0.11+9) (build 17.0.11+9)
# Java VM: OpenJDK 64-Bit Server VM Temurin-17.0.11+9 (17.0.11+9, mixed mode, tiered, compressed oops, compressed class ptrs, parallel gc, windows-amd64)
# No core dump will be written. Minidumps are not enabled by default on client versions of Windows
#

---------------  S U M M A R Y ------------

Command Line: --add-modules=ALL-SYSTEM --add-opens=java.base/java.util=ALL-UNNAMED --add-opens=java.base/java.lang=ALL-UNNAMED --add-opens=java.base/sun.nio.fs=ALL-UNNAMED -Declipse.application=org.eclipse.jdt.ls.core.id1 -Dosgi.bundles.defaultStartLevel=4 -Declipse.product=org.eclipse.jdt.ls.core.product -Djava.import.generatesMetadataFilesAtProjectRoot=false -DDetectVMInstallationsJob.disabled=true -Dfile.encoding=utf8 -XX:+UseParallelGC -XX:GCTimeRatio=4 -XX:AdaptiveSizePolicyWeight=90 -Dsun.zip.disableMemoryMapping=true -Xmx1G -Xms100m -Xlog:disable -javaagent:c:\Users\rifaa\.vscode\extensions\redhat.java-1.32.0-win32-x64\lombok\lombok-1.18.33.jar -XX:+HeapDumpOnOutOfMemoryError -XX:HeapDumpPath=c:\Users\rifaa\AppData\Roaming\Code\User\workspaceStorage\eff9e2248ba5da2af1d37f4b9032435e\redhat.java -Daether.dependencyCollector.impl=bf c:\Users\rifaa\.vscode\extensions\redhat.java-1.32.0-win32-x64\server\plugins\org.eclipse.equinox.launcher_1.6.900.v20240613-2009.jar -configuration c:\Users\rifaa\AppData\Roaming\Code\User\globalStorage\redhat.java\1.32.0\config_win -data c:\Users\rifaa\AppData\Roaming\Code\User\workspaceStorage\eff9e2248ba5da2af1d37f4b9032435e\redhat.java\jdt_ws --pipe=\\.\pipe\lsp-30a02488cc6890494c3bff270c3a3a0e-sock

Host: Intel(R) Core(TM) i3-1005G1 CPU @ 1.20GHz, 4 cores, 3G,  Windows 11 , 64 bit Build 22621 (10.0.22621.3672)
Time: Sun Jul  7 12:42:50 2024 SE Asia Standard Time elapsed time: 29.078315 seconds (0d 0h 0m 29s)

---------------  T H R E A D  ---------------

Current thread (0x00000167b7e47bb0):  JavaThread "C2 CompilerThread0" daemon [_thread_in_native, id=18412, stack(0x00000033d4900000,0x00000033d4a00000)]


Current CompileTask:
C2:  29078 7619       4       jdk.internal.jimage.ImageReader$SharedImageReader::visitLocation (73 bytes)

Stack: [0x00000033d4900000,0x00000033d4a00000]
Native frames: (J=compiled Java code, j=interpreted, Vv=VM code, C=native code)
V  [jvm.dll+0x67d429]
V  [jvm.dll+0x834b7a]
V  [jvm.dll+0x83663e]
V  [jvm.dll+0x836ca3]
V  [jvm.dll+0x247dbf]
V  [jvm.dll+0xac534]
V  [jvm.dll+0xacb7c]
V  [jvm.dll+0x3665f2]
V  [jvm.dll+0x330bba]
V  [jvm.dll+0x33005a]
V  [jvm.dll+0x21a471]
V  [jvm.dll+0x2198b1]
V  [jvm.dll+0x1a534d]
V  [jvm.dll+0x2295cd]
V  [jvm.dll+0x22779c]
V  [jvm.dll+0x7e9d07]
V  [jvm.dll+0x7e410a]
V  [jvm.dll+0x67c315]
C  [ucrtbase.dll+0x29333]
C  [KERNEL32.DLL+0x1257d]
C  [ntdll.dll+0x5af28]


---------------  P R O C E S S  ---------------

Threads class SMR info:
_java_thread_list=0x00000167c0165d40, length=37, elements={
0x00000167a3fd7ae0, 0x00000167b7e11030, 0x00000167b7e142c0, 0x00000167b7e40f20,
0x00000167b7e418f0, 0x00000167b7e423c0, 0x00000167b7e42e90, 0x00000167b7e47bb0,
0x00000167b7e5b790, 0x00000167b7e5e460, 0x00000167bd0f0220, 0x00000167bd35c1c0,
0x00000167bd9268c0, 0x00000167bd92ed80, 0x00000167bd92f810, 0x00000167bdaff840,
0x00000167be04c9b0, 0x00000167bd726e00, 0x00000167bd727310, 0x00000167bd727820,
0x00000167bd724fa0, 0x00000167bd724580, 0x00000167bd725ed0, 0x00000167bd7254b0,
0x00000167bd7259c0, 0x00000167bfc36780, 0x00000167bfc376b0, 0x00000167bfc37bc0,
0x00000167bfc36c90, 0x00000167bfc35340, 0x00000167bfc3a440, 0x00000167bfc35850,
0x00000167bfc339f0, 0x00000167bfc36270, 0x00000167bfc3a950, 0x00000167bfc3ae60,
0x00000167bfc385e0
}

Java Threads: ( => current thread )
  0x00000167a3fd7ae0 JavaThread "main" [_thread_blocked, id=21180, stack(0x00000033d4000000,0x00000033d4100000)]
  0x00000167b7e11030 JavaThread "Reference Handler" daemon [_thread_blocked, id=21040, stack(0x00000033d4300000,0x00000033d4400000)]
  0x00000167b7e142c0 JavaThread "Finalizer" daemon [_thread_blocked, id=9376, stack(0x00000033d4400000,0x00000033d4500000)]
  0x00000167b7e40f20 JavaThread "Signal Dispatcher" daemon [_thread_blocked, id=20488, stack(0x00000033d4500000,0x00000033d4600000)]
  0x00000167b7e418f0 JavaThread "Attach Listener" daemon [_thread_blocked, id=7400, stack(0x00000033d4600000,0x00000033d4700000)]
  0x00000167b7e423c0 JavaThread "Service Thread" daemon [_thread_blocked, id=2640, stack(0x00000033d4700000,0x00000033d4800000)]
  0x00000167b7e42e90 JavaThread "Monitor Deflation Thread" daemon [_thread_blocked, id=7936, stack(0x00000033d4800000,0x00000033d4900000)]
=>0x00000167b7e47bb0 JavaThread "C2 CompilerThread0" daemon [_thread_in_native, id=18412, stack(0x00000033d4900000,0x00000033d4a00000)]
  0x00000167b7e5b790 JavaThread "C1 CompilerThread0" daemon [_thread_blocked, id=21580, stack(0x00000033d4a00000,0x00000033d4b00000)]
  0x00000167b7e5e460 JavaThread "Sweeper thread" daemon [_thread_blocked, id=22564, stack(0x00000033d4b00000,0x00000033d4c00000)]
  0x00000167bd0f0220 JavaThread "Common-Cleaner" daemon [_thread_blocked, id=6280, stack(0x00000033d4c00000,0x00000033d4d00000)]
  0x00000167bd35c1c0 JavaThread "Notification Thread" daemon [_thread_blocked, id=10464, stack(0x00000033d4d00000,0x00000033d4e00000)]
  0x00000167bd9268c0 JavaThread "Active Thread: Equinox Container: 5a762ef1-6f07-4a20-a476-a8ec9361b05f" [_thread_blocked, id=17900, stack(0x00000033d5200000,0x00000033d5300000)]
  0x00000167bd92ed80 JavaThread "Framework Event Dispatcher: Equinox Container: 5a762ef1-6f07-4a20-a476-a8ec9361b05f" daemon [_thread_blocked, id=19508, stack(0x00000033d5300000,0x00000033d5400000)]
  0x00000167bd92f810 JavaThread "Start Level: Equinox Container: 5a762ef1-6f07-4a20-a476-a8ec9361b05f" daemon [_thread_blocked, id=7000, stack(0x00000033d5400000,0x00000033d5500000)]
  0x00000167bdaff840 JavaThread "Bundle File Closer" daemon [_thread_blocked, id=19892, stack(0x00000033d5500000,0x00000033d5600000)]
  0x00000167be04c9b0 JavaThread "SCR Component Actor" daemon [_thread_blocked, id=12972, stack(0x00000033d5600000,0x00000033d5700000)]
  0x00000167bd726e00 JavaThread "Worker-JM" [_thread_blocked, id=22756, stack(0x00000033d5800000,0x00000033d5900000)]
  0x00000167bd727310 JavaThread "Worker-0: Initialize Workspace" [_thread_blocked, id=18856, stack(0x00000033d5900000,0x00000033d5a00000)]
  0x00000167bd727820 JavaThread "Worker-1: Initialize workspace" [_thread_blocked, id=21740, stack(0x00000033d5a00000,0x00000033d5b00000)]
  0x00000167bd724fa0 JavaThread "Worker-2: Publish Diagnostics" [_thread_in_Java, id=17620, stack(0x00000033d5b00000,0x00000033d5c00000)]
  0x00000167bd724580 JavaThread "Java indexing" daemon [_thread_in_Java, id=20228, stack(0x00000033d5c00000,0x00000033d5d00000)]
  0x00000167bd725ed0 JavaThread "Worker-3: Java indexing... " [_thread_blocked, id=18864, stack(0x00000033d5e00000,0x00000033d5f00000)]
  0x00000167bd7254b0 JavaThread "JNA Cleaner" daemon [_thread_blocked, id=21852, stack(0x00000033d5700000,0x00000033d5800000)]
  0x00000167bd7259c0 JavaThread "Thread-2" daemon [_thread_in_native, id=3492, stack(0x00000033d5f00000,0x00000033d6000000)]
  0x00000167bfc36780 JavaThread "Thread-3" daemon [_thread_in_native, id=22036, stack(0x00000033d6000000,0x00000033d6100000)]
  0x00000167bfc376b0 JavaThread "Thread-4" daemon [_thread_in_native, id=19128, stack(0x00000033d6100000,0x00000033d6200000)]
  0x00000167bfc37bc0 JavaThread "Thread-5" daemon [_thread_in_native, id=9972, stack(0x00000033d6200000,0x00000033d6300000)]
  0x00000167bfc36c90 JavaThread "Thread-6" daemon [_thread_in_native, id=1616, stack(0x00000033d6300000,0x00000033d6400000)]
  0x00000167bfc35340 JavaThread "pool-2-thread-1" [_thread_blocked, id=9440, stack(0x00000033d6400000,0x00000033d6500000)]
  0x00000167bfc3a440 JavaThread "WorkspaceEventsHandler" [_thread_blocked, id=18932, stack(0x00000033d6500000,0x00000033d6600000)]
  0x00000167bfc35850 JavaThread "pool-1-thread-1" [_thread_in_vm, id=22608, stack(0x00000033d6600000,0x00000033d6700000)]
  0x00000167bfc339f0 JavaThread "ForkJoinPool.commonPool-worker-1" daemon [_thread_blocked, id=18056, stack(0x00000033d6700000,0x00000033d6800000)]
  0x00000167bfc36270 JavaThread "ForkJoinPool.commonPool-worker-2" daemon [_thread_blocked, id=17828, stack(0x00000033d6800000,0x00000033d6900000)]
  0x00000167bfc3a950 JavaThread "ForkJoinPool.commonPool-worker-3" daemon [_thread_in_native, id=17464, stack(0x00000033d6900000,0x00000033d6a00000)]
  0x00000167bfc3ae60 JavaThread "Worker-4" [_thread_blocked, id=19460, stack(0x00000033d5d00000,0x00000033d5e00000)]
  0x00000167bfc385e0 JavaThread "Worker-5" [_thread_blocked, id=5732, stack(0x00000033d6a00000,0x00000033d6b00000)]

Other Threads:
  0x00000167a405e280 VMThread "VM Thread" [stack: 0x00000033d4200000,0x00000033d4300000] [id=17120]
  0x00000167bd293070 WatcherThread [stack: 0x00000033d4e00000,0x00000033d4f00000] [id=23184]
  0x00000167a3fec640 GCTaskThread "GC Thread#0" [stack: 0x00000033d4100000,0x00000033d4200000] [id=7528]
  0x00000167bd641b10 GCTaskThread "GC Thread#1" [stack: 0x00000033d4f00000,0x00000033d5000000] [id=16520]
  0x00000167bd641dd0 GCTaskThread "GC Thread#2" [stack: 0x00000033d5000000,0x00000033d5100000] [id=20504]
  0x00000167bd642090 GCTaskThread "GC Thread#3" [stack: 0x00000033d5100000,0x00000033d5200000] [id=13776]

Threads with active compile tasks:
C2 CompilerThread0    29105 7619       4       jdk.internal.jimage.ImageReader$SharedImageReader::visitLocation (73 bytes)

VM state: not at safepoint (normal execution)

VM Mutex/Monitor currently owned by a thread: None

Heap address: 0x00000000c0000000, size: 1024 MB, Compressed Oops mode: 32-bit

CDS archive(s) not mapped
Compressed class space mapped at: 0x0000000100000000-0x0000000140000000, reserved size: 1073741824
Narrow klass base: 0x0000000000000000, Narrow klass shift: 3, Narrow klass range: 0x140000000

GC Precious Log:
 CPUs: 4 total, 4 available
 Memory: 3902M
 Large Page Support: Disabled
 NUMA Support: Disabled
 Compressed Oops: Enabled (32-bit)
 Alignments: Space 512K, Generation 512K, Heap 2M
 Heap Min Capacity: 100M
 Heap Initial Capacity: 100M
 Heap Max Capacity: 1G
 Pre-touch: Disabled
 Parallel Workers: 4

Heap:
 PSYoungGen      total 21504K, used 15585K [0x00000000eab00000, 0x00000000ec180000, 0x0000000100000000)
  eden space 20992K, 71% used [0x00000000eab00000,0x00000000eb9bc488,0x00000000ebf80000)
  from space 512K, 96% used [0x00000000ec000000,0x00000000ec07c228,0x00000000ec080000)
  to   space 1024K, 0% used [0x00000000ec080000,0x00000000ec080000,0x00000000ec180000)
 ParOldGen       total 68608K, used 39071K [0x00000000c0000000, 0x00000000c4300000, 0x00000000eab00000)
  object space 68608K, 56% used [0x00000000c0000000,0x00000000c2627df8,0x00000000c4300000)
 Metaspace       used 62541K, committed 63808K, reserved 1114112K
  class space    used 6666K, committed 7168K, reserved 1048576K

Card table byte_map: [0x00000167a3990000,0x00000167a3ba0000] _byte_map_base: 0x00000167a3390000

Marking Bits: (ParMarkBitMap*) 0x00007ffa07ccd820
 Begin Bits: [0x00000167b5c60000, 0x00000167b6c60000)
 End Bits:   [0x00000167b6c60000, 0x00000167b7c60000)

Polling page: 0x00000167a3780000

Metaspace:

Usage:
  Non-class:     54.57 MB used.
      Class:      6.51 MB used.
       Both:     61.08 MB used.

Virtual space:
  Non-class space:       64.00 MB reserved,      55.31 MB ( 86%) committed,  1 nodes.
      Class space:        1.00 GB reserved,       7.00 MB ( <1%) committed,  1 nodes.
             Both:        1.06 GB reserved,      62.31 MB (  6%) committed. 

Chunk freelists:
   Non-Class:  8.73 MB
       Class:  9.03 MB
        Both:  17.77 MB

MaxMetaspaceSize: unlimited
CompressedClassSpaceSize: 1.00 GB
Initial GC threshold: 21.00 MB
Current GC threshold: 97.31 MB
CDS: off
MetaspaceReclaimPolicy: balanced
 - commit_granule_bytes: 65536.
 - commit_granule_words: 8192.
 - virtual_space_node_default_size: 8388608.
 - enlarge_chunks_in_place: 1.
 - new_chunks_are_fully_committed: 0.
 - uncommit_free_chunks: 1.
 - use_allocation_guard: 0.
 - handle_deallocations: 1.


Internal statistics:

num_allocs_failed_limit: 9.
num_arena_births: 790.
num_arena_deaths: 14.
num_vsnodes_births: 2.
num_vsnodes_deaths: 0.
num_space_committed: 997.
num_space_uncommitted: 0.
num_chunks_returned_to_freelist: 23.
num_chunks_taken_from_freelist: 3355.
num_chunk_merges: 11.
num_chunk_splits: 2051.
num_chunks_enlarged: 1130.
num_inconsistent_stats: 0.

CodeHeap 'non-profiled nmethods': size=120000Kb used=4321Kb max_used=4321Kb free=115678Kb
 bounds [0x00000167ae730000, 0x00000167aeb70000, 0x00000167b5c60000]
CodeHeap 'profiled nmethods': size=120000Kb used=15199Kb max_used=15199Kb free=104800Kb
 bounds [0x00000167a6c60000, 0x00000167a7b40000, 0x00000167ae190000]
CodeHeap 'non-nmethods': size=5760Kb used=1353Kb max_used=1392Kb free=4406Kb
 bounds [0x00000167ae190000, 0x00000167ae400000, 0x00000167ae730000]
 total_blobs=7530 nmethods=6842 adapters=602
 compilation: enabled
              stopped_count=0, restarted_count=0
 full_count=0

Compilation events (20 events):
Event: 29.004 Thread 0x00000167b7e5b790 nmethod 7628 0x00000167aeb68210 code [0x00000167aeb683a0, 0x00000167aeb68478]
Event: 29.004 Thread 0x00000167b7e5b790 7629   !   3       java.util.zip.ZipFile$Source::getEntryPos (195 bytes)
Event: 29.006 Thread 0x00000167b7e5b790 nmethod 7629 0x00000167a7b22410 code [0x00000167a7b22720, 0x00000167a7b238d8]
Event: 29.006 Thread 0x00000167b7e5b790 7630       3       java.util.zip.ZipFile::getZipEntry (322 bytes)
Event: 29.008 Thread 0x00000167b7e5b790 nmethod 7630 0x00000167a7b24390 code [0x00000167a7b247e0, 0x00000167a7b26d78]
Event: 29.019 Thread 0x00000167b7e5b790 7632       3       org.eclipse.jdt.internal.core.JavaProject::equals (38 bytes)
Event: 29.019 Thread 0x00000167b7e5b790 nmethod 7632 0x00000167a7b27c10 code [0x00000167a7b27de0, 0x00000167a7b28328]
Event: 29.044 Thread 0x00000167b7e5b790 7633       3       org.eclipse.jdt.internal.compiler.classfmt.MethodInfo::<init> (24 bytes)
Event: 29.045 Thread 0x00000167b7e5b790 nmethod 7633 0x00000167a7b28490 code [0x00000167a7b28640, 0x00000167a7b28858]
Event: 29.047 Thread 0x00000167b7e5b790 7635       3       com.google.gson.internal.bind.ReflectiveTypeAdapterFactory$FieldReflectionAdapter::readField (7 bytes)
Event: 29.048 Thread 0x00000167b7e5b790 nmethod 7635 0x00000167a7b28990 code [0x00000167a7b28b40, 0x00000167a7b28d28]
Event: 29.048 Thread 0x00000167b7e5b790 7636       3       com.google.gson.internal.bind.ReflectiveTypeAdapterFactory$1::readIntoField (93 bytes)
Event: 29.049 Thread 0x00000167b7e5b790 nmethod 7636 0x00000167a7b28e10 code [0x00000167a7b290c0, 0x00000167a7b29be8]
Event: 29.051 Thread 0x00000167b7e5b790 7637       3       org.eclipse.jdt.internal.core.util.Messages::bind (13 bytes)
Event: 29.052 Thread 0x00000167b7e5b790 nmethod 7637 0x00000167a7b2a090 code [0x00000167a7b2a260, 0x00000167a7b2a698]
Event: 29.058 Thread 0x00000167b7e5b790 7638       2       java.util.ArrayList::toArray (57 bytes)
Event: 29.058 Thread 0x00000167b7e5b790 nmethod 7638 0x00000167a7b2a810 code [0x00000167a7b2a9c0, 0x00000167a7b2acf8]
Event: 29.074 Thread 0x00000167b7e5b790 7640       3       org.eclipse.jdt.internal.compiler.util.Util::isClassFileName (82 bytes)
Event: 29.075 Thread 0x00000167b7e5b790 nmethod 7640 0x00000167a7b2ae10 code [0x00000167a7b2b040, 0x00000167a7b2b9d8]
Event: 29.076 Thread 0x00000167b7e5b790 7641       3       org.eclipse.jdt.internal.compiler.impl.CompilerOptions::versionFromJdkLevel (204 bytes)

GC Heap History (20 events):
Event: 23.908 GC heap before
{Heap before GC invocations=27 (full 3):
 PSYoungGen      total 22528K, used 22016K [0x00000000eab00000, 0x00000000ec380000, 0x0000000100000000)
  eden space 22016K, 100% used [0x00000000eab00000,0x00000000ec080000,0x00000000ec080000)
  from space 512K, 0% used [0x00000000ec100000,0x00000000ec100000,0x00000000ec180000)
  to   space 1024K, 0% used [0x00000000ec280000,0x00000000ec280000,0x00000000ec380000)
 ParOldGen       total 68608K, used 28993K [0x00000000c0000000, 0x00000000c4300000, 0x00000000eab00000)
  object space 68608K, 42% used [0x00000000c0000000,0x00000000c1c50760,0x00000000c4300000)
 Metaspace       used 59268K, committed 60480K, reserved 1114112K
  class space    used 6361K, committed 6848K, reserved 1048576K
}
Event: 23.909 GC heap after
{Heap after GC invocations=27 (full 3):
 PSYoungGen      total 23040K, used 1013K [0x00000000eab00000, 0x00000000ec480000, 0x0000000100000000)
  eden space 22016K, 0% used [0x00000000eab00000,0x00000000eab00000,0x00000000ec080000)
  from space 1024K, 99% used [0x00000000ec280000,0x00000000ec37d7f0,0x00000000ec380000)
  to   space 2048K, 0% used [0x00000000ec080000,0x00000000ec080000,0x00000000ec280000)
 ParOldGen       total 68608K, used 29761K [0x00000000c0000000, 0x00000000c4300000, 0x00000000eab00000)
  object space 68608K, 43% used [0x00000000c0000000,0x00000000c1d10400,0x00000000c4300000)
 Metaspace       used 59268K, committed 60480K, reserved 1114112K
  class space    used 6361K, committed 6848K, reserved 1048576K
}
Event: 24.791 GC heap before
{Heap before GC invocations=28 (full 3):
 PSYoungGen      total 23040K, used 23029K [0x00000000eab00000, 0x00000000ec480000, 0x0000000100000000)
  eden space 22016K, 100% used [0x00000000eab00000,0x00000000ec080000,0x00000000ec080000)
  from space 1024K, 99% used [0x00000000ec280000,0x00000000ec37d7f0,0x00000000ec380000)
  to   space 2048K, 0% used [0x00000000ec080000,0x00000000ec080000,0x00000000ec280000)
 ParOldGen       total 68608K, used 29761K [0x00000000c0000000, 0x00000000c4300000, 0x00000000eab00000)
  object space 68608K, 43% used [0x00000000c0000000,0x00000000c1d10400,0x00000000c4300000)
 Metaspace       used 60438K, committed 61632K, reserved 1114112K
  class space    used 6478K, committed 6976K, reserved 1048576K
}
Event: 24.792 GC heap after
{Heap after GC invocations=28 (full 3):
 PSYoungGen      total 22528K, used 192K [0x00000000eab00000, 0x00000000ec300000, 0x0000000100000000)
  eden space 22016K, 0% used [0x00000000eab00000,0x00000000eab00000,0x00000000ec080000)
  from space 512K, 37% used [0x00000000ec080000,0x00000000ec0b0000,0x00000000ec100000)
  to   space 1024K, 0% used [0x00000000ec200000,0x00000000ec200000,0x00000000ec300000)
 ParOldGen       total 68608K, used 30267K [0x00000000c0000000, 0x00000000c4300000, 0x00000000eab00000)
  object space 68608K, 44% used [0x00000000c0000000,0x00000000c1d8ec48,0x00000000c4300000)
 Metaspace       used 60438K, committed 61632K, reserved 1114112K
  class space    used 6478K, committed 6976K, reserved 1048576K
}
Event: 26.928 GC heap before
{Heap before GC invocations=29 (full 3):
 PSYoungGen      total 22528K, used 22208K [0x00000000eab00000, 0x00000000ec300000, 0x0000000100000000)
  eden space 22016K, 100% used [0x00000000eab00000,0x00000000ec080000,0x00000000ec080000)
  from space 512K, 37% used [0x00000000ec080000,0x00000000ec0b0000,0x00000000ec100000)
  to   space 1024K, 0% used [0x00000000ec200000,0x00000000ec200000,0x00000000ec300000)
 ParOldGen       total 68608K, used 30267K [0x00000000c0000000, 0x00000000c4300000, 0x00000000eab00000)
  object space 68608K, 44% used [0x00000000c0000000,0x00000000c1d8ec48,0x00000000c4300000)
 Metaspace       used 61749K, committed 62976K, reserved 1114112K
  class space    used 6604K, committed 7104K, reserved 1048576K
}
Event: 26.931 GC heap after
{Heap after GC invocations=29 (full 3):
 PSYoungGen      total 22528K, used 1024K [0x00000000eab00000, 0x00000000ec480000, 0x0000000100000000)
  eden space 21504K, 0% used [0x00000000eab00000,0x00000000eab00000,0x00000000ec000000)
  from space 1024K, 100% used [0x00000000ec200000,0x00000000ec300000,0x00000000ec300000)
  to   space 2048K, 0% used [0x00000000ec000000,0x00000000ec000000,0x00000000ec200000)
 ParOldGen       total 68608K, used 30979K [0x00000000c0000000, 0x00000000c4300000, 0x00000000eab00000)
  object space 68608K, 45% used [0x00000000c0000000,0x00000000c1e40ff8,0x00000000c4300000)
 Metaspace       used 61749K, committed 62976K, reserved 1114112K
  class space    used 6604K, committed 7104K, reserved 1048576K
}
Event: 27.835 GC heap before
{Heap before GC invocations=30 (full 3):
 PSYoungGen      total 22528K, used 22528K [0x00000000eab00000, 0x00000000ec480000, 0x0000000100000000)
  eden space 21504K, 100% used [0x00000000eab00000,0x00000000ec000000,0x00000000ec000000)
  from space 1024K, 100% used [0x00000000ec200000,0x00000000ec300000,0x00000000ec300000)
  to   space 2048K, 0% used [0x00000000ec000000,0x00000000ec000000,0x00000000ec200000)
 ParOldGen       total 68608K, used 30979K [0x00000000c0000000, 0x00000000c4300000, 0x00000000eab00000)
  object space 68608K, 45% used [0x00000000c0000000,0x00000000c1e40ff8,0x00000000c4300000)
 Metaspace       used 61967K, committed 63168K, reserved 1114112K
  class space    used 6627K, committed 7104K, reserved 1048576K
}
Event: 27.839 GC heap after
{Heap after GC invocations=30 (full 3):
 PSYoungGen      total 23552K, used 1733K [0x00000000eab00000, 0x00000000ec400000, 0x0000000100000000)
  eden space 21504K, 0% used [0x00000000eab00000,0x00000000eab00000,0x00000000ec000000)
  from space 2048K, 84% used [0x00000000ec000000,0x00000000ec1b1798,0x00000000ec200000)
  to   space 2048K, 0% used [0x00000000ec200000,0x00000000ec200000,0x00000000ec400000)
 ParOldGen       total 68608K, used 32020K [0x00000000c0000000, 0x00000000c4300000, 0x00000000eab00000)
  object space 68608K, 46% used [0x00000000c0000000,0x00000000c1f451a8,0x00000000c4300000)
 Metaspace       used 61967K, committed 63168K, reserved 1114112K
  class space    used 6627K, committed 7104K, reserved 1048576K
}
Event: 28.114 GC heap before
{Heap before GC invocations=31 (full 3):
 PSYoungGen      total 23552K, used 23237K [0x00000000eab00000, 0x00000000ec400000, 0x0000000100000000)
  eden space 21504K, 100% used [0x00000000eab00000,0x00000000ec000000,0x00000000ec000000)
  from space 2048K, 84% used [0x00000000ec000000,0x00000000ec1b1798,0x00000000ec200000)
  to   space 2048K, 0% used [0x00000000ec200000,0x00000000ec200000,0x00000000ec400000)
 ParOldGen       total 68608K, used 32020K [0x00000000c0000000, 0x00000000c4300000, 0x00000000eab00000)
  object space 68608K, 46% used [0x00000000c0000000,0x00000000c1f451a8,0x00000000c4300000)
 Metaspace       used 61968K, committed 63168K, reserved 1114112K
  class space    used 6627K, committed 7104K, reserved 1048576K
}
Event: 28.117 GC heap after
{Heap after GC invocations=31 (full 3):
 PSYoungGen      total 23040K, used 1995K [0x00000000eab00000, 0x00000000ec500000, 0x0000000100000000)
  eden space 20992K, 0% used [0x00000000eab00000,0x00000000eab00000,0x00000000ebf80000)
  from space 2048K, 97% used [0x00000000ec200000,0x00000000ec3f2f00,0x00000000ec400000)
  to   space 2560K, 0% used [0x00000000ebf80000,0x00000000ebf80000,0x00000000ec200000)
 ParOldGen       total 68608K, used 33724K [0x00000000c0000000, 0x00000000c4300000, 0x00000000eab00000)
  object space 68608K, 49% used [0x00000000c0000000,0x00000000c20ef368,0x00000000c4300000)
 Metaspace       used 61968K, committed 63168K, reserved 1114112K
  class space    used 6627K, committed 7104K, reserved 1048576K
}
Event: 28.272 GC heap before
{Heap before GC invocations=32 (full 3):
 PSYoungGen      total 23040K, used 22987K [0x00000000eab00000, 0x00000000ec500000, 0x0000000100000000)
  eden space 20992K, 100% used [0x00000000eab00000,0x00000000ebf80000,0x00000000ebf80000)
  from space 2048K, 97% used [0x00000000ec200000,0x00000000ec3f2f00,0x00000000ec400000)
  to   space 2560K, 0% used [0x00000000ebf80000,0x00000000ebf80000,0x00000000ec200000)
 ParOldGen       total 68608K, used 33724K [0x00000000c0000000, 0x00000000c4300000, 0x00000000eab00000)
  object space 68608K, 49% used [0x00000000c0000000,0x00000000c20ef368,0x00000000c4300000)
 Metaspace       used 61969K, committed 63168K, reserved 1114112K
  class space    used 6627K, committed 7104K, reserved 1048576K
}
Event: 28.274 GC heap after
{Heap after GC invocations=32 (full 3):
 PSYoungGen      total 21504K, used 512K [0x00000000eab00000, 0x00000000ec280000, 0x0000000100000000)
  eden space 20992K, 0% used [0x00000000eab00000,0x00000000eab00000,0x00000000ebf80000)
  from space 512K, 100% used [0x00000000ebf80000,0x00000000ec000000,0x00000000ec000000)
  to   space 1536K, 0% used [0x00000000ec100000,0x00000000ec100000,0x00000000ec280000)
 ParOldGen       total 68608K, used 35651K [0x00000000c0000000, 0x00000000c4300000, 0x00000000eab00000)
  object space 68608K, 51% used [0x00000000c0000000,0x00000000c22d0da8,0x00000000c4300000)
 Metaspace       used 61969K, committed 63168K, reserved 1114112K
  class space    used 6627K, committed 7104K, reserved 1048576K
}
Event: 28.673 GC heap before
{Heap before GC invocations=33 (full 3):
 PSYoungGen      total 21504K, used 21504K [0x00000000eab00000, 0x00000000ec280000, 0x0000000100000000)
  eden space 20992K, 100% used [0x00000000eab00000,0x00000000ebf80000,0x00000000ebf80000)
  from space 512K, 100% used [0x00000000ebf80000,0x00000000ec000000,0x00000000ec000000)
  to   space 1536K, 0% used [0x00000000ec100000,0x00000000ec100000,0x00000000ec280000)
 ParOldGen       total 68608K, used 35651K [0x00000000c0000000, 0x00000000c4300000, 0x00000000eab00000)
  object space 68608K, 51% used [0x00000000c0000000,0x00000000c22d0da8,0x00000000c4300000)
 Metaspace       used 62357K, committed 63616K, reserved 1114112K
  class space    used 6649K, committed 7168K, reserved 1048576K
}
Event: 28.678 GC heap after
{Heap after GC invocations=33 (full 3):
 PSYoungGen      total 22528K, used 1160K [0x00000000eab00000, 0x00000000ec280000, 0x0000000100000000)
  eden space 20992K, 0% used [0x00000000eab00000,0x00000000eab00000,0x00000000ebf80000)
  from space 1536K, 75% used [0x00000000ec100000,0x00000000ec2222d0,0x00000000ec280000)
  to   space 1536K, 0% used [0x00000000ebf80000,0x00000000ebf80000,0x00000000ec100000)
 ParOldGen       total 68608K, used 36155K [0x00000000c0000000, 0x00000000c4300000, 0x00000000eab00000)
  object space 68608K, 52% used [0x00000000c0000000,0x00000000c234eda8,0x00000000c4300000)
 Metaspace       used 62357K, committed 63616K, reserved 1114112K
  class space    used 6649K, committed 7168K, reserved 1048576K
}
Event: 28.823 GC heap before
{Heap before GC invocations=34 (full 3):
 PSYoungGen      total 22528K, used 22152K [0x00000000eab00000, 0x00000000ec280000, 0x0000000100000000)
  eden space 20992K, 100% used [0x00000000eab00000,0x00000000ebf80000,0x00000000ebf80000)
  from space 1536K, 75% used [0x00000000ec100000,0x00000000ec2222d0,0x00000000ec280000)
  to   space 1536K, 0% used [0x00000000ebf80000,0x00000000ebf80000,0x00000000ec100000)
 ParOldGen       total 68608K, used 36155K [0x00000000c0000000, 0x00000000c4300000, 0x00000000eab00000)
  object space 68608K, 52% used [0x00000000c0000000,0x00000000c234eda8,0x00000000c4300000)
 Metaspace       used 62433K, committed 63616K, reserved 1114112K
  class space    used 6657K, committed 7168K, reserved 1048576K
}
Event: 28.825 GC heap after
{Heap after GC invocations=34 (full 3):
 PSYoungGen      total 22528K, used 1456K [0x00000000eab00000, 0x00000000ec280000, 0x0000000100000000)
  eden space 20992K, 0% used [0x00000000eab00000,0x00000000eab00000,0x00000000ebf80000)
  from space 1536K, 94% used [0x00000000ebf80000,0x00000000ec0ec1e8,0x00000000ec100000)
  to   space 1536K, 0% used [0x00000000ec100000,0x00000000ec100000,0x00000000ec280000)
 ParOldGen       total 68608K, used 37169K [0x00000000c0000000, 0x00000000c4300000, 0x00000000eab00000)
  object space 68608K, 54% used [0x00000000c0000000,0x00000000c244c758,0x00000000c4300000)
 Metaspace       used 62433K, committed 63616K, reserved 1114112K
  class space    used 6657K, committed 7168K, reserved 1048576K
}
Event: 28.880 GC heap before
{Heap before GC invocations=35 (full 3):
 PSYoungGen      total 22528K, used 22448K [0x00000000eab00000, 0x00000000ec280000, 0x0000000100000000)
  eden space 20992K, 100% used [0x00000000eab00000,0x00000000ebf80000,0x00000000ebf80000)
  from space 1536K, 94% used [0x00000000ebf80000,0x00000000ec0ec1e8,0x00000000ec100000)
  to   space 1536K, 0% used [0x00000000ec100000,0x00000000ec100000,0x00000000ec280000)
 ParOldGen       total 68608K, used 37169K [0x00000000c0000000, 0x00000000c4300000, 0x00000000eab00000)
  object space 68608K, 54% used [0x00000000c0000000,0x00000000c244c758,0x00000000c4300000)
 Metaspace       used 62433K, committed 63616K, reserved 1114112K
  class space    used 6657K, committed 7168K, reserved 1048576K
}
Event: 28.883 GC heap after
{Heap after GC invocations=35 (full 3):
 PSYoungGen      total 22016K, used 550K [0x00000000eab00000, 0x00000000ec200000, 0x0000000100000000)
  eden space 20992K, 0% used [0x00000000eab00000,0x00000000eab00000,0x00000000ebf80000)
  from space 1024K, 53% used [0x00000000ec100000,0x00000000ec189ab8,0x00000000ec200000)
  to   space 1024K, 0% used [0x00000000ec000000,0x00000000ec000000,0x00000000ec100000)
 ParOldGen       total 68608K, used 38573K [0x00000000c0000000, 0x00000000c4300000, 0x00000000eab00000)
  object space 68608K, 56% used [0x00000000c0000000,0x00000000c25ab7b0,0x00000000c4300000)
 Metaspace       used 62433K, committed 63616K, reserved 1114112K
  class space    used 6657K, committed 7168K, reserved 1048576K
}
Event: 28.946 GC heap before
{Heap before GC invocations=36 (full 3):
 PSYoungGen      total 22016K, used 21542K [0x00000000eab00000, 0x00000000ec200000, 0x0000000100000000)
  eden space 20992K, 100% used [0x00000000eab00000,0x00000000ebf80000,0x00000000ebf80000)
  from space 1024K, 53% used [0x00000000ec100000,0x00000000ec189ab8,0x00000000ec200000)
  to   space 1024K, 0% used [0x00000000ec000000,0x00000000ec000000,0x00000000ec100000)
 ParOldGen       total 68608K, used 38573K [0x00000000c0000000, 0x00000000c4300000, 0x00000000eab00000)
  object space 68608K, 56% used [0x00000000c0000000,0x00000000c25ab7b0,0x00000000c4300000)
 Metaspace       used 62441K, committed 63616K, reserved 1114112K
  class space    used 6657K, committed 7168K, reserved 1048576K
}
Event: 28.947 GC heap after
{Heap after GC invocations=36 (full 3):
 PSYoungGen      total 21504K, used 496K [0x00000000eab00000, 0x00000000ec180000, 0x0000000100000000)
  eden space 20992K, 0% used [0x00000000eab00000,0x00000000eab00000,0x00000000ebf80000)
  from space 512K, 96% used [0x00000000ec000000,0x00000000ec07c228,0x00000000ec080000)
  to   space 1024K, 0% used [0x00000000ec080000,0x00000000ec080000,0x00000000ec180000)
 ParOldGen       total 68608K, used 39071K [0x00000000c0000000, 0x00000000c4300000, 0x00000000eab00000)
  object space 68608K, 56% used [0x00000000c0000000,0x00000000c2627df8,0x00000000c4300000)
 Metaspace       used 62441K, committed 63616K, reserved 1114112K
  class space    used 6657K, committed 7168K, reserved 1048576K
}

Dll operation events (10 events):
Event: 0.018 Loaded shared library c:\Users\rifaa\.vscode\extensions\redhat.java-1.32.0-win32-x64\jre\17.0.11-win32-x86_64\bin\java.dll
Event: 0.295 Loaded shared library c:\Users\rifaa\.vscode\extensions\redhat.java-1.32.0-win32-x64\jre\17.0.11-win32-x86_64\bin\zip.dll
Event: 0.302 Loaded shared library C:\Users\rifaa\.vscode\extensions\redhat.java-1.32.0-win32-x64\jre\17.0.11-win32-x86_64\bin\instrument.dll
Event: 0.347 Loaded shared library C:\Users\rifaa\.vscode\extensions\redhat.java-1.32.0-win32-x64\jre\17.0.11-win32-x86_64\bin\net.dll
Event: 0.412 Loaded shared library C:\Users\rifaa\.vscode\extensions\redhat.java-1.32.0-win32-x64\jre\17.0.11-win32-x86_64\bin\nio.dll
Event: 0.437 Loaded shared library C:\Users\rifaa\.vscode\extensions\redhat.java-1.32.0-win32-x64\jre\17.0.11-win32-x86_64\bin\zip.dll
Event: 0.594 Loaded shared library C:\Users\rifaa\.vscode\extensions\redhat.java-1.32.0-win32-x64\jre\17.0.11-win32-x86_64\bin\jimage.dll
Event: 0.923 Loaded shared library c:\Users\rifaa\.vscode\extensions\redhat.java-1.32.0-win32-x64\jre\17.0.11-win32-x86_64\bin\verify.dll
Event: 4.401 Loaded shared library C:\Users\rifaa\AppData\Roaming\Code\User\globalStorage\redhat.java\1.32.0\config_win\org.eclipse.equinox.launcher\org.eclipse.equinox.launcher.win32.win32.x86_64_1.2.1100.v20240613-2013\eclipse_11903.dll
Event: 15.622 Loaded shared library C:\Users\rifaa\AppData\Local\Temp\jna-108510575\jna17543526082721437097.dll

Deoptimization events (20 events):
Event: 28.987 Thread 0x00000167bd724fa0 Uncommon trap: trap_request=0xffffff45 fr.pc=0x00000167ae87dae4 relative=0x0000000000000a84
Event: 28.987 Thread 0x00000167bd724fa0 Uncommon trap: reason=unstable_if action=reinterpret pc=0x00000167ae87dae4 method=java.util.zip.ZipFile$Source.getEntryPos(Ljava/lang/String;Z)I @ 104 c2
Event: 28.987 Thread 0x00000167bd724fa0 DEOPT PACKING pc=0x00000167ae87dae4 sp=0x00000033d5bfe930
Event: 28.987 Thread 0x00000167bd724fa0 DEOPT UNPACKING pc=0x00000167ae1e9ea3 sp=0x00000033d5bfe8e0 mode 2
Event: 28.987 Thread 0x00000167bd724fa0 Uncommon trap: trap_request=0x0000005e fr.pc=0x00000167ae7e9b34 relative=0x0000000000001034
Event: 28.987 Thread 0x00000167bd724fa0 Uncommon trap: reason=unloaded action=reinterpret pc=0x00000167ae7e9b34 method=java.util.zip.ZipFile.getZipEntry(Ljava/lang/String;I)Ljava/util/zip/ZipEntry; @ 87 c2
Event: 28.987 Thread 0x00000167bd724fa0 DEOPT PACKING pc=0x00000167ae7e9b34 sp=0x00000033d5bfe910
Event: 28.987 Thread 0x00000167bd724fa0 DEOPT UNPACKING pc=0x00000167ae1e9ea3 sp=0x00000033d5bfe8f8 mode 2
Event: 28.988 Thread 0x00000167bd724fa0 Uncommon trap: trap_request=0xffffff45 fr.pc=0x00000167aeb4324c relative=0x000000000000030c
Event: 28.988 Thread 0x00000167bd724fa0 Uncommon trap: reason=unstable_if action=reinterpret pc=0x00000167aeb4324c method=sun.nio.fs.WindowsPath.normalize()Lsun/nio/fs/WindowsPath; @ 79 c2
Event: 28.988 Thread 0x00000167bd724fa0 DEOPT PACKING pc=0x00000167aeb4324c sp=0x00000033d5bfe9a0
Event: 28.988 Thread 0x00000167bd724fa0 DEOPT UNPACKING pc=0x00000167ae1e9ea3 sp=0x00000033d5bfe908 mode 2
Event: 29.068 Thread 0x00000167bd724fa0 Uncommon trap: trap_request=0xffffff45 fr.pc=0x00000167aeb48808 relative=0x00000000000000e8
Event: 29.068 Thread 0x00000167bd724fa0 Uncommon trap: reason=unstable_if action=reinterpret pc=0x00000167aeb48808 method=org.eclipse.jdt.internal.compiler.util.Util.isClassFileName(Ljava/lang/String;)Z @ 67 c2
Event: 29.068 Thread 0x00000167bd724fa0 DEOPT PACKING pc=0x00000167aeb48808 sp=0x00000033d5bfe970
Event: 29.068 Thread 0x00000167bd724fa0 DEOPT UNPACKING pc=0x00000167ae1e9ea3 sp=0x00000033d5bfe8f0 mode 2
Event: 29.075 Thread 0x00000167bd724fa0 Uncommon trap: trap_request=0xffffff45 fr.pc=0x00000167aeb620f0 relative=0x00000000000006b0
Event: 29.075 Thread 0x00000167bd724fa0 Uncommon trap: reason=unstable_if action=reinterpret pc=0x00000167aeb620f0 method=org.eclipse.jdt.internal.compiler.impl.CompilerOptions.versionFromJdkLevel(J)Ljava/lang/String; @ 7 c2
Event: 29.075 Thread 0x00000167bd724fa0 DEOPT PACKING pc=0x00000167aeb620f0 sp=0x00000033d5bfe9d0
Event: 29.075 Thread 0x00000167bd724fa0 DEOPT UNPACKING pc=0x00000167ae1e9ea3 sp=0x00000033d5bfe988 mode 2

Classes unloaded (7 events):
Event: 8.279 Thread 0x00000167a405e280 Unloading class 0x000000010024a400 'java/lang/invoke/LambdaForm$MH+0x000000010024a400'
Event: 8.279 Thread 0x00000167a405e280 Unloading class 0x000000010024a000 'java/lang/invoke/LambdaForm$MH+0x000000010024a000'
Event: 8.279 Thread 0x00000167a405e280 Unloading class 0x0000000100249c00 'java/lang/invoke/LambdaForm$MH+0x0000000100249c00'
Event: 8.279 Thread 0x00000167a405e280 Unloading class 0x0000000100249800 'java/lang/invoke/LambdaForm$MH+0x0000000100249800'
Event: 8.279 Thread 0x00000167a405e280 Unloading class 0x0000000100249400 'java/lang/invoke/LambdaForm$BMH+0x0000000100249400'
Event: 8.279 Thread 0x00000167a405e280 Unloading class 0x0000000100249000 'java/lang/invoke/LambdaForm$DMH+0x0000000100249000'
Event: 8.279 Thread 0x00000167a405e280 Unloading class 0x0000000100244400 'java/lang/invoke/LambdaForm$DMH+0x0000000100244400'

Classes redefined (0 events):
No events

Internal exceptions (20 events):
Event: 15.978 Thread 0x00000167a3fd7ae0 Exception <a 'java/lang/NoSuchMethodError'{0x00000000eb6740d0}: 'void java.lang.invoke.DirectMethodHandle$Holder.invokeStatic(java.lang.Object, java.lang.Object, java.lang.Object, java.lang.Object)'> (0x00000000eb6740d0) 
thrown [s\src\hotspot\share\interpreter\linkResolver.cpp, line 759]
Event: 15.992 Thread 0x00000167bd724fa0 Exception <a 'java/lang/NoClassDefFoundError'{0x00000000eb7e1140}: com/google/inject/servlet/ServletModuleTargetVisitor> (0x00000000eb7e1140) 
thrown [s\src\hotspot\share\classfile\systemDictionary.cpp, line 245]
Event: 16.054 Thread 0x00000167bd724fa0 Exception <a 'java/lang/NoSuchMethodError'{0x00000000ebc6f190}: 'java.lang.Object java.lang.invoke.DirectMethodHandle$Holder.invokeStatic(java.lang.Object, int, java.lang.Object, java.lang.Object)'> (0x00000000ebc6f190) 
thrown [s\src\hotspot\share\interpreter\linkResolver.cpp, line 759]
Event: 16.055 Thread 0x00000167bd724fa0 Exception <a 'java/lang/NoSuchMethodError'{0x00000000ebc72cc8}: 'java.lang.Object java.lang.invoke.DelegatingMethodHandle$Holder.delegate(java.lang.Object, int, java.lang.Object, java.lang.Object)'> (0x00000000ebc72cc8) 
thrown [s\src\hotspot\share\interpreter\linkResolver.cpp, line 759]
Event: 16.057 Thread 0x00000167bd724fa0 Exception <a 'java/lang/NoSuchMethodError'{0x00000000ebc87c78}: 'int java.lang.invoke.Invokers$Holder.linkToTargetMethod(java.lang.Object, java.lang.Object, java.lang.Object)'> (0x00000000ebc87c78) 
thrown [s\src\hotspot\share\interpreter\linkResolver.cpp, line 759]
Event: 16.273 Thread 0x00000167a3fd7ae0 Exception <a 'java/lang/NoSuchMethodError'{0x00000000eb331840}: 'void java.lang.invoke.DirectMethodHandle$Holder.invokeSpecial(java.lang.Object, java.lang.Object, java.lang.Object, java.lang.Object, java.lang.Object, java.lang.Object)'> (0x00000000eb331840) 
thrown [s\src\hotspot\share\interpreter\linkResolver.cpp, line 759]
Event: 16.275 Thread 0x00000167a3fd7ae0 Exception <a 'java/lang/IncompatibleClassChangeError'{0x00000000eb33b040}: Found class java.lang.Object, but interface was expected> (0x00000000eb33b040) 
thrown [s\src\hotspot\share\interpreter\linkResolver.cpp, line 826]
Event: 17.408 Thread 0x00000167bfc35850 Exception <a 'java/io/FileNotFoundException'{0x00000000ebe244f8}> (0x00000000ebe244f8) 
thrown [s\src\hotspot\share\prims\jni.cpp, line 516]
Event: 17.790 Thread 0x00000167bd727310 Exception <a 'java/lang/NoSuchMethodError'{0x00000000eb0355a8}: 'int java.lang.invoke.DirectMethodHandle$Holder.invokeSpecialIFC(java.lang.Object, java.lang.Object, java.lang.Object, java.lang.Object)'> (0x00000000eb0355a8) 
thrown [s\src\hotspot\share\interpreter\linkResolver.cpp, line 759]
Event: 17.836 Thread 0x00000167bd727310 Exception <a 'java/lang/NoSuchMethodError'{0x00000000eb188a18}: 'int java.lang.invoke.DirectMethodHandle$Holder.invokeInterface(java.lang.Object, java.lang.Object)'> (0x00000000eb188a18) 
thrown [s\src\hotspot\share\interpreter\linkResolver.cpp, line 759]
Event: 17.837 Thread 0x00000167bd727310 Exception <a 'java/lang/IncompatibleClassChangeError'{0x00000000eb18c418}: Found class java.lang.Object, but interface was expected> (0x00000000eb18c418) 
thrown [s\src\hotspot\share\interpreter\linkResolver.cpp, line 826]
Event: 18.729 Thread 0x00000167bfc35850 Exception <a 'java/lang/NoSuchMethodError'{0x00000000eb1a1cf0}: 'java.lang.Object java.lang.invoke.DirectMethodHandle$Holder.invokeInterface(java.lang.Object, java.lang.Object, java.lang.Object)'> (0x00000000eb1a1cf0) 
thrown [s\src\hotspot\share\interpreter\linkResolver.cpp, line 759]
Event: 18.889 Thread 0x00000167bfc35850 Exception <a 'java/lang/NoSuchMethodError'{0x00000000eb453590}: 'java.lang.Object java.lang.invoke.Invokers$Holder.invoke_MT(java.lang.Object, java.lang.Object, java.lang.Object)'> (0x00000000eb453590) 
thrown [s\src\hotspot\share\interpreter\linkResolver.cpp, line 759]
Event: 25.399 Thread 0x00000167bfc35850 Exception <a 'java/io/FileNotFoundException'{0x00000000eb3dc820}> (0x00000000eb3dc820) 
thrown [s\src\hotspot\share\prims\jni.cpp, line 516]
Event: 25.399 Thread 0x00000167bfc35850 Exception <a 'java/io/FileNotFoundException'{0x00000000eb3dd828}> (0x00000000eb3dd828) 
thrown [s\src\hotspot\share\prims\jni.cpp, line 516]
Event: 26.959 Thread 0x00000167bfc3ae60 Exception <a 'java/lang/NoSuchMethodError'{0x00000000eae48990}: 'java.lang.Object java.lang.invoke.DirectMethodHandle$Holder.invokeSpecial(java.lang.Object, java.lang.Object, int, long)'> (0x00000000eae48990) 
thrown [s\src\hotspot\share\interpreter\linkResolver.cpp, line 759]
Event: 27.737 Thread 0x00000167bfc35850 Exception <a 'sun/nio/fs/WindowsException'{0x00000000eb475f58}> (0x00000000eb475f58) 
thrown [s\src\hotspot\share\prims\jni.cpp, line 516]
Event: 27.737 Thread 0x00000167bfc35850 Exception <a 'sun/nio/fs/WindowsException'{0x00000000eb476590}> (0x00000000eb476590) 
thrown [s\src\hotspot\share\prims\jni.cpp, line 516]
Event: 27.739 Thread 0x00000167bfc35850 Exception <a 'sun/nio/fs/WindowsException'{0x00000000eb479ce0}> (0x00000000eb479ce0) 
thrown [s\src\hotspot\share\prims\jni.cpp, line 516]
Event: 27.739 Thread 0x00000167bfc35850 Exception <a 'sun/nio/fs/WindowsException'{0x00000000eb47a318}> (0x00000000eb47a318) 
thrown [s\src\hotspot\share\prims\jni.cpp, line 516]

VM Operations (20 events):
Event: 25.799 Executing VM operation: Cleanup
Event: 26.863 Executing VM operation: Cleanup done
Event: 26.928 Executing VM operation: ParallelGCFailedAllocation
Event: 26.932 Executing VM operation: ParallelGCFailedAllocation done
Event: 27.835 Executing VM operation: ParallelGCFailedAllocation
Event: 27.839 Executing VM operation: ParallelGCFailedAllocation done
Event: 27.984 Executing VM operation: ParallelGCFailedAllocation
Event: 28.142 Executing VM operation: ParallelGCFailedAllocation done
Event: 28.255 Executing VM operation: ParallelGCFailedAllocation
Event: 28.280 Executing VM operation: ParallelGCFailedAllocation done
Event: 28.520 Executing VM operation: ParallelGCFailedAllocation
Event: 28.703 Executing VM operation: ParallelGCFailedAllocation done
Event: 28.703 Executing VM operation: HandshakeAllThreads
Event: 28.719 Executing VM operation: HandshakeAllThreads done
Event: 28.823 Executing VM operation: ParallelGCFailedAllocation
Event: 28.826 Executing VM operation: ParallelGCFailedAllocation done
Event: 28.862 Executing VM operation: ParallelGCFailedAllocation
Event: 28.902 Executing VM operation: ParallelGCFailedAllocation done
Event: 28.927 Executing VM operation: ParallelGCFailedAllocation
Event: 29.057 Executing VM operation: ParallelGCFailedAllocation done

Events (20 events):
Event: 23.271 loading class java/util/stream/Nodes$IntFixedNodeBuilder done
Event: 23.271 loading class java/util/stream/ReferencePipeline$4$1
Event: 23.271 loading class java/util/stream/ReferencePipeline$4$1 done
Event: 23.301 loading class java/util/regex/Pattern$Caret
Event: 23.301 loading class java/util/regex/Pattern$Caret done
Event: 23.732 Thread 0x00000167b7e5e460 flushing nmethod 0x00000167ae950490
Event: 24.999 loading class java/util/Hashtable$ValueCollection
Event: 24.999 loading class java/util/Hashtable$ValueCollection done
Event: 25.352 loading class java/nio/charset/CharacterCodingException
Event: 25.352 loading class java/nio/charset/CharacterCodingException done
Event: 25.352 loading class java/io/SequenceInputStream
Event: 25.352 loading class java/io/SequenceInputStream done
Event: 25.456 Thread 0x00000167bfc3ae60 Thread added: 0x00000167bfc3ae60
Event: 25.629 Thread 0x00000167bfc385e0 Thread added: 0x00000167bfc385e0
Event: 28.472 loading class java/io/FileReader
Event: 28.472 loading class java/io/FileReader done
Event: 28.473 loading class java/lang/UnsupportedClassVersionError
Event: 28.473 loading class java/lang/UnsupportedClassVersionError done
Event: 28.736 loading class jdk/internal/reflect/UnsafeQualifiedStaticIntegerFieldAccessorImpl
Event: 28.737 loading class jdk/internal/reflect/UnsafeQualifiedStaticIntegerFieldAccessorImpl done


Dynamic libraries:
0x00007ff6e3c30000 - 0x00007ff6e3c3e000 	c:\Users\rifaa\.vscode\extensions\redhat.java-1.32.0-win32-x64\jre\17.0.11-win32-x86_64\bin\java.exe
0x00007ffaa6a50000 - 0x00007ffaa6c67000 	C:\WINDOWS\SYSTEM32\ntdll.dll
0x00007ffaa55e0000 - 0x00007ffaa56a4000 	C:\WINDOWS\System32\KERNEL32.DLL
0x00007ffaa4100000 - 0x00007ffaa44ac000 	C:\WINDOWS\System32\KERNELBASE.dll
0x00007ffaa3fe0000 - 0x00007ffaa40f1000 	C:\WINDOWS\System32\ucrtbase.dll
0x00007ffa7c290000 - 0x00007ffa7c2a7000 	c:\Users\rifaa\.vscode\extensions\redhat.java-1.32.0-win32-x64\jre\17.0.11-win32-x86_64\bin\jli.dll
0x00007ffaa56b0000 - 0x00007ffaa585e000 	C:\WINDOWS\System32\USER32.dll
0x00007ffaa3ef0000 - 0x00007ffaa3f16000 	C:\WINDOWS\System32\win32u.dll
0x00007ffaa58f0000 - 0x00007ffaa5919000 	C:\WINDOWS\System32\GDI32.dll
0x00007ffaa44e0000 - 0x00007ffaa45f9000 	C:\WINDOWS\System32\gdi32full.dll
0x00007ffaa46f0000 - 0x00007ffaa478a000 	C:\WINDOWS\System32\msvcp_win.dll
0x00007ffa71cb0000 - 0x00007ffa71ccb000 	c:\Users\rifaa\.vscode\extensions\redhat.java-1.32.0-win32-x64\jre\17.0.11-win32-x86_64\bin\VCRUNTIME140.dll
0x00007ffa8b5c0000 - 0x00007ffa8b853000 	C:\WINDOWS\WinSxS\amd64_microsoft.windows.common-controls_6595b64144ccf1df_6.0.22621.3672_none_2713b9d173822955\COMCTL32.dll
0x00007ffaa5ac0000 - 0x00007ffaa5b67000 	C:\WINDOWS\System32\msvcrt.dll
0x00007ffaa55a0000 - 0x00007ffaa55d1000 	C:\WINDOWS\System32\IMM32.DLL
0x00007ffaa0190000 - 0x00007ffaa019c000 	c:\Users\rifaa\.vscode\extensions\redhat.java-1.32.0-win32-x64\jre\17.0.11-win32-x86_64\bin\vcruntime140_1.dll
0x00007ffa27bc0000 - 0x00007ffa27c4d000 	c:\Users\rifaa\.vscode\extensions\redhat.java-1.32.0-win32-x64\jre\17.0.11-win32-x86_64\bin\msvcp140.dll
0x00007ffa07130000 - 0x00007ffa07d92000 	c:\Users\rifaa\.vscode\extensions\redhat.java-1.32.0-win32-x64\jre\17.0.11-win32-x86_64\bin\server\jvm.dll
0x00007ffaa4cd0000 - 0x00007ffaa4d82000 	C:\WINDOWS\System32\ADVAPI32.dll
0x00007ffaa4b70000 - 0x00007ffaa4c1a000 	C:\WINDOWS\System32\sechost.dll
0x00007ffaa44b0000 - 0x00007ffaa44d8000 	C:\WINDOWS\System32\bcrypt.dll
0x00007ffaa5920000 - 0x00007ffaa5a35000 	C:\WINDOWS\System32\RPCRT4.dll
0x00007ffaa3c40000 - 0x00007ffaa3c8d000 	C:\WINDOWS\SYSTEM32\POWRPROF.dll
0x00007ffaa02d0000 - 0x00007ffaa02d9000 	C:\WINDOWS\SYSTEM32\WSOCK32.dll
0x00007ffaa5370000 - 0x00007ffaa53e1000 	C:\WINDOWS\System32\WS2_32.dll
0x00007ffa9f890000 - 0x00007ffa9f8c4000 	C:\WINDOWS\SYSTEM32\WINMM.dll
0x00007ffa9cf90000 - 0x00007ffa9cf9a000 	C:\WINDOWS\SYSTEM32\VERSION.dll
0x00007ffaa3c20000 - 0x00007ffaa3c33000 	C:\WINDOWS\SYSTEM32\UMPDC.dll
0x00007ffaa2db0000 - 0x00007ffaa2dc8000 	C:\WINDOWS\SYSTEM32\kernel.appcore.dll
0x00007ffa8c610000 - 0x00007ffa8c61a000 	c:\Users\rifaa\.vscode\extensions\redhat.java-1.32.0-win32-x64\jre\17.0.11-win32-x86_64\bin\jimage.dll
0x00007ffaa16f0000 - 0x00007ffaa1922000 	C:\WINDOWS\SYSTEM32\DBGHELP.DLL
0x00007ffaa4fe0000 - 0x00007ffaa5368000 	C:\WINDOWS\System32\combase.dll
0x00007ffaa4d90000 - 0x00007ffaa4e67000 	C:\WINDOWS\System32\OLEAUT32.dll
0x00007ffa8a1b0000 - 0x00007ffa8a1e2000 	C:\WINDOWS\SYSTEM32\dbgcore.DLL
0x00007ffaa4600000 - 0x00007ffaa467b000 	C:\WINDOWS\System32\bcryptPrimitives.dll
0x00007ffa8c600000 - 0x00007ffa8c60e000 	c:\Users\rifaa\.vscode\extensions\redhat.java-1.32.0-win32-x64\jre\17.0.11-win32-x86_64\bin\instrument.dll
0x00007ffa57270000 - 0x00007ffa57295000 	c:\Users\rifaa\.vscode\extensions\redhat.java-1.32.0-win32-x64\jre\17.0.11-win32-x86_64\bin\java.dll
0x00007ffa4f8a0000 - 0x00007ffa4f8b8000 	c:\Users\rifaa\.vscode\extensions\redhat.java-1.32.0-win32-x64\jre\17.0.11-win32-x86_64\bin\zip.dll
0x00007ffaa5bc0000 - 0x00007ffaa641c000 	C:\WINDOWS\System32\SHELL32.dll
0x00007ffaa1cd0000 - 0x00007ffaa25c7000 	C:\WINDOWS\SYSTEM32\windows.storage.dll
0x00007ffaa1b90000 - 0x00007ffaa1ccf000 	C:\WINDOWS\SYSTEM32\wintypes.dll
0x00007ffaa47c0000 - 0x00007ffaa48b4000 	C:\WINDOWS\System32\SHCORE.dll
0x00007ffaa5870000 - 0x00007ffaa58ce000 	C:\WINDOWS\System32\shlwapi.dll
0x00007ffaa3cb0000 - 0x00007ffaa3cd1000 	C:\WINDOWS\SYSTEM32\profapi.dll
0x00007ffa4f0f0000 - 0x00007ffa4f109000 	C:\Users\rifaa\.vscode\extensions\redhat.java-1.32.0-win32-x64\jre\17.0.11-win32-x86_64\bin\net.dll
0x00007ffaa05c0000 - 0x00007ffaa06f6000 	C:\WINDOWS\SYSTEM32\WINHTTP.dll
0x00007ffaa3220000 - 0x00007ffaa3289000 	C:\WINDOWS\system32\mswsock.dll
0x00007ffa49a50000 - 0x00007ffa49a66000 	C:\Users\rifaa\.vscode\extensions\redhat.java-1.32.0-win32-x64\jre\17.0.11-win32-x86_64\bin\nio.dll
0x00007ffa7e190000 - 0x00007ffa7e1a0000 	c:\Users\rifaa\.vscode\extensions\redhat.java-1.32.0-win32-x64\jre\17.0.11-win32-x86_64\bin\verify.dll
0x00007ffa459c0000 - 0x00007ffa45a04000 	C:\Users\rifaa\AppData\Roaming\Code\User\globalStorage\redhat.java\1.32.0\config_win\org.eclipse.equinox.launcher\org.eclipse.equinox.launcher.win32.win32.x86_64_1.2.1100.v20240613-2013\eclipse_11903.dll
0x00007ffaa53f0000 - 0x00007ffaa5595000 	C:\WINDOWS\System32\ole32.dll
0x00007ffaa3490000 - 0x00007ffaa34ab000 	C:\WINDOWS\SYSTEM32\CRYPTSP.dll
0x00007ffaa2d10000 - 0x00007ffaa2d45000 	C:\WINDOWS\system32\rsaenh.dll
0x00007ffaa3320000 - 0x00007ffaa3348000 	C:\WINDOWS\SYSTEM32\USERENV.dll
0x00007ffaa3480000 - 0x00007ffaa348c000 	C:\WINDOWS\SYSTEM32\CRYPTBASE.dll
0x00007ffaa2870000 - 0x00007ffaa289d000 	C:\WINDOWS\SYSTEM32\IPHLPAPI.DLL
0x00007ffaa47b0000 - 0x00007ffaa47b9000 	C:\WINDOWS\System32\NSI.dll
0x00007ffaa07b0000 - 0x00007ffaa07c9000 	C:\WINDOWS\SYSTEM32\dhcpcsvc6.DLL
0x00007ffaa0790000 - 0x00007ffaa07af000 	C:\WINDOWS\SYSTEM32\dhcpcsvc.DLL
0x00007ffaa28f0000 - 0x00007ffaa29e8000 	C:\WINDOWS\SYSTEM32\DNSAPI.dll
0x00007ffa65710000 - 0x00007ffa65755000 	C:\Users\rifaa\AppData\Local\Temp\jna-108510575\jna17543526082721437097.dll
0x00007ffaa4fd0000 - 0x00007ffaa4fd8000 	C:\WINDOWS\System32\PSAPI.DLL

dbghelp: loaded successfully - version: 4.0.5 - missing functions: none
symbol engine: initialized successfully - sym options: 0x614 - pdb path: .;c:\Users\rifaa\.vscode\extensions\redhat.java-1.32.0-win32-x64\jre\17.0.11-win32-x86_64\bin;C:\WINDOWS\SYSTEM32;C:\WINDOWS\WinSxS\amd64_microsoft.windows.common-controls_6595b64144ccf1df_6.0.22621.3672_none_2713b9d173822955;c:\Users\rifaa\.vscode\extensions\redhat.java-1.32.0-win32-x64\jre\17.0.11-win32-x86_64\bin\server;C:\Users\rifaa\AppData\Roaming\Code\User\globalStorage\redhat.java\1.32.0\config_win\org.eclipse.equinox.launcher\org.eclipse.equinox.launcher.win32.win32.x86_64_1.2.1100.v20240613-2013;C:\Users\rifaa\AppData\Local\Temp\jna-108510575

VM Arguments:
jvm_args: --add-modules=ALL-SYSTEM --add-opens=java.base/java.util=ALL-UNNAMED --add-opens=java.base/java.lang=ALL-UNNAMED --add-opens=java.base/sun.nio.fs=ALL-UNNAMED -Declipse.application=org.eclipse.jdt.ls.core.id1 -Dosgi.bundles.defaultStartLevel=4 -Declipse.product=org.eclipse.jdt.ls.core.product -Djava.import.generatesMetadataFilesAtProjectRoot=false -DDetectVMInstallationsJob.disabled=true -Dfile.encoding=utf8 -XX:+UseParallelGC -XX:GCTimeRatio=4 -XX:AdaptiveSizePolicyWeight=90 -Dsun.zip.disableMemoryMapping=true -Xmx1G -Xms100m -Xlog:disable -javaagent:c:\Users\rifaa\.vscode\extensions\redhat.java-1.32.0-win32-x64\lombok\lombok-1.18.33.jar -XX:+HeapDumpOnOutOfMemoryError -XX:HeapDumpPath=c:\Users\rifaa\AppData\Roaming\Code\User\workspaceStorage\eff9e2248ba5da2af1d37f4b9032435e\redhat.java -Daether.dependencyCollector.impl=bf 
java_command: c:\Users\rifaa\.vscode\extensions\redhat.java-1.32.0-win32-x64\server\plugins\org.eclipse.equinox.launcher_1.6.900.v20240613-2009.jar -configuration c:\Users\rifaa\AppData\Roaming\Code\User\globalStorage\redhat.java\1.32.0\config_win -data c:\Users\rifaa\AppData\Roaming\Code\User\workspaceStorage\eff9e2248ba5da2af1d37f4b9032435e\redhat.java\jdt_ws --pipe=\\.\pipe\lsp-30a02488cc6890494c3bff270c3a3a0e-sock
java_class_path (initial): c:\Users\rifaa\.vscode\extensions\redhat.java-1.32.0-win32-x64\server\plugins\org.eclipse.equinox.launcher_1.6.900.v20240613-2009.jar
Launcher Type: SUN_STANDARD

[Global flags]
    uintx AdaptiveSizePolicyWeight                 = 90                                        {product} {command line}
     intx CICompilerCount                          = 3                                         {product} {ergonomic}
    uintx GCTimeRatio                              = 4                                         {product} {command line}
     bool HeapDumpOnOutOfMemoryError               = true                                   {manageable} {command line}
    ccstr HeapDumpPath                             = c:\Users\rifaa\AppData\Roaming\Code\User\workspaceStorage\eff9e2248ba5da2af1d37f4b9032435e\redhat.java         {manageable} {command line}
   size_t InitialHeapSize                          = 104857600                                 {product} {command line}
   size_t MaxHeapSize                              = 1073741824                                {product} {command line}
   size_t MaxNewSize                               = 357564416                                 {product} {ergonomic}
   size_t MinHeapDeltaBytes                        = 524288                                    {product} {ergonomic}
   size_t MinHeapSize                              = 104857600                                 {product} {command line}
   size_t NewSize                                  = 34603008                                  {product} {ergonomic}
    uintx NonNMethodCodeHeapSize                   = 5832780                                {pd product} {ergonomic}
    uintx NonProfiledCodeHeapSize                  = 122912730                              {pd product} {ergonomic}
   size_t OldSize                                  = 70254592                                  {product} {ergonomic}
    uintx ProfiledCodeHeapSize                     = 122912730                              {pd product} {ergonomic}
    uintx ReservedCodeCacheSize                    = 251658240                              {pd product} {ergonomic}
     bool SegmentedCodeCache                       = true                                      {product} {ergonomic}
   size_t SoftMaxHeapSize                          = 1073741824                             {manageable} {ergonomic}
     bool UseCompressedClassPointers               = true                           {product lp64_product} {ergonomic}
     bool UseCompressedOops                        = true                           {product lp64_product} {ergonomic}
     bool UseLargePagesIndividualAllocation        = false                                  {pd product} {ergonomic}
     bool UseParallelGC                            = true                                      {product} {command line}

Logging:
Log output configuration:
 #0: stdout all=off uptime,level,tags
 #1: stderr all=off uptime,level,tags

Environment Variables:
PATH=C:\Users\rifaa\bin;C:\Program Files\Git\mingw64\bin;C:\Program Files\Git\usr\local\bin;C:\Program Files\Git\usr\bin;C:\Program Files\Git\usr\bin;C:\Program Files\Git\mingw64\bin;C:\Program Files\Git\usr\bin;C:\Users\rifaa\bin;C:\Program Files\Common Files\Oracle\Java\javapath;C:\WINDOWS\system32;C:\WINDOWS;C:\WINDOWS\System32\Wbem;C:\WINDOWS\System32\WindowsPowerShell\v1.0;C:\WINDOWS\System32\OpenSSH;C:\Program Files\Java\jdk-17\bin;C:\Users\rifaa\Downloads\apache-maven-3.9.7\bin;C:\Program Files\Git\cmd;C:\Program Files\nodejs;C:\Users\rifaa\AppData\Local\Microsoft\WindowsApps;C:\Users\rifaa\AppData\Local\Programs\Microsoft VS Code\bin;C:\Users\rifaa\AppData\Roaming\npm;C:\Program Files\Git\usr\bin\vendor_perl;C:\Program Files\Git\usr\bin\core_perl
USERNAME=rifaa
SHELL=C:\Program Files\Git\usr\bin\bash.exe
DISPLAY=needs-to-be-defined
LC_CTYPE=en_US.UTF-8
TERM=xterm
TMPDIR=C:\Users\rifaa\AppData\Local\Temp
OS=Windows_NT
PROCESSOR_IDENTIFIER=Intel64 Family 6 Model 126 Stepping 5, GenuineIntel
TMP=C:\Users\rifaa\AppData\Local\Temp
TEMP=C:\Users\rifaa\AppData\Local\Temp



Periodic native trim disabled


---------------  S Y S T E M  ---------------

OS:
 Windows 11 , 64 bit Build 22621 (10.0.22621.3672)
OS uptime: 0 days 21:33 hours

CPU: total 4 (initial active 4) (2 cores per cpu, 2 threads per core) family 6 model 126 stepping 5 microcode 0xa0, cx8, cmov, fxsr, ht, mmx, 3dnowpref, sse, sse2, sse3, ssse3, sse4.1, sse4.2, popcnt, lzcnt, tsc, tscinvbit, avx, avx2, aes, erms, clmul, bmi1, bmi2, adx, avx512f, avx512dq, avx512cd, avx512bw, avx512vl, sha, fma, vzeroupper, avx512_vpopcntdq, avx512_vpclmulqdq, avx512_vaes, avx512_vnni, clflush, clflushopt, avx512_vbmi2, avx512_vbmi
Processor Information for all 4 processors :
  Max Mhz: 1201, Current Mhz: 1201, Mhz Limit: 1201

Memory: 4k page, system-wide physical 3902M (190M free)
TotalPageFile size 15678M (AvailPageFile size 1M)
current process WorkingSet (physical memory assigned to process): 183M, peak: 204M
current process commit charge ("private bytes"): 281M, peak: 285M

vm_info: OpenJDK 64-Bit Server VM (17.0.11+9) for windows-amd64 JRE (17.0.11+9), built on Apr 17 2024 06:07:48 by "admin" with MS VC++ 16.10 / 16.11 (VS2019)

END.
