#
# There is insufficient memory for the Java Runtime Environment to continue.
# Native memory allocation (malloc) failed to allocate 594896 bytes. Error detail: Chunk::new
# Possible reasons:
#   The system is out of physical RAM or swap space
#   This process is running with CompressedOops enabled, and the Java Heap may be blocking the growth of the native heap
# Possible solutions:
#   Reduce memory load on the system
#   Increase physical memory or swap space
#   Check if swap backing store is full
#   Decrease Java heap size (-Xmx/-Xms)
#   Decrease number of Java threads
#   Decrease Java thread stack sizes (-Xss)
#   Set larger code cache with -XX:ReservedCodeCacheSize=
#   JVM is running with Unscaled Compressed Oops mode in which the Java heap is
#     placed in the first 4GB address space. The Java Heap base address is the
#     maximum limit for the native heap growth. Please use -XX:HeapBaseMinAddress
#     to set the Java Heap base and to place the Java Heap above 4GB virtual address.
# This output file may be truncated or incomplete.
#
#  Out of Memory Error (arena.cpp:191), pid=10548, tid=12804
#
# JRE version: OpenJDK Runtime Environment Temurin-17.0.11+9 (17.0.11+9) (build 17.0.11+9)
# Java VM: OpenJDK 64-Bit Server VM Temurin-17.0.11+9 (17.0.11+9, mixed mode, tiered, compressed oops, compressed class ptrs, parallel gc, windows-amd64)
# No core dump will be written. Minidumps are not enabled by default on client versions of Windows
#

---------------  S U M M A R Y ------------

Command Line: --add-modules=ALL-SYSTEM --add-opens=java.base/java.util=ALL-UNNAMED --add-opens=java.base/java.lang=ALL-UNNAMED --add-opens=java.base/sun.nio.fs=ALL-UNNAMED -Declipse.application=org.eclipse.jdt.ls.core.id1 -Dosgi.bundles.defaultStartLevel=4 -Declipse.product=org.eclipse.jdt.ls.core.product -Djava.import.generatesMetadataFilesAtProjectRoot=false -DDetectVMInstallationsJob.disabled=true -Dfile.encoding=utf8 -XX:+UseParallelGC -XX:GCTimeRatio=4 -XX:AdaptiveSizePolicyWeight=90 -Dsun.zip.disableMemoryMapping=true -Xmx1G -Xms100m -Xlog:disable -javaagent:c:\Users\rifaa\.vscode\extensions\redhat.java-1.32.0-win32-x64\lombok\lombok-1.18.33.jar -XX:+HeapDumpOnOutOfMemoryError -XX:HeapDumpPath=c:\Users\rifaa\AppData\Roaming\Code\User\workspaceStorage\eff9e2248ba5da2af1d37f4b9032435e\redhat.java -Daether.dependencyCollector.impl=bf c:\Users\rifaa\.vscode\extensions\redhat.java-1.32.0-win32-x64\server\plugins\org.eclipse.equinox.launcher_1.6.900.v20240613-2009.jar -configuration c:\Users\rifaa\AppData\Roaming\Code\User\globalStorage\redhat.java\1.32.0\config_win -data c:\Users\rifaa\AppData\Roaming\Code\User\workspaceStorage\eff9e2248ba5da2af1d37f4b9032435e\redhat.java\jdt_ws --pipe=\\.\pipe\lsp-0c5f47ad33f2677fbcea0b4167052ba2-sock

Host: Intel(R) Core(TM) i3-1005G1 CPU @ 1.20GHz, 4 cores, 3G,  Windows 11 , 64 bit Build 22621 (10.0.22621.3672)
Time: Sun Jul  7 12:43:43 2024 SE Asia Standard Time elapsed time: 17.121568 seconds (0d 0h 0m 17s)

---------------  T H R E A D  ---------------

Current thread (0x0000028e351d6ab0):  JavaThread "C2 CompilerThread0" daemon [_thread_in_native, id=12804, stack(0x000000db84700000,0x000000db84800000)]


Current CompileTask:
C2:  17121 6732 %     4       java.util.zip.ZipFile$Source::initCEN @ 240 (591 bytes)

Stack: [0x000000db84700000,0x000000db84800000]
Native frames: (J=compiled Java code, j=interpreted, Vv=VM code, C=native code)
V  [jvm.dll+0x67d429]
V  [jvm.dll+0x834b7a]
V  [jvm.dll+0x83663e]
V  [jvm.dll+0x836ca3]
V  [jvm.dll+0x247dbf]
V  [jvm.dll+0xac534]
V  [jvm.dll+0xacb7c]
V  [jvm.dll+0x366647]
V  [jvm.dll+0x330bba]
V  [jvm.dll+0x33005a]
V  [jvm.dll+0x21a471]
V  [jvm.dll+0x2198b1]
V  [jvm.dll+0x1a534d]
V  [jvm.dll+0x2295cd]
V  [jvm.dll+0x22779c]
V  [jvm.dll+0x7e9d07]
V  [jvm.dll+0x7e410a]
V  [jvm.dll+0x67c315]
C  [ucrtbase.dll+0x29333]
C  [KERNEL32.DLL+0x1257d]
C  [ntdll.dll+0x5af28]


---------------  P R O C E S S  ---------------

Threads class SMR info:
_java_thread_list=0x0000028e3b3cdbe0, length=38, elements={
0x0000028e1f417ae0, 0x0000028e351a1030, 0x0000028e351a42c0, 0x0000028e351cff20,
0x0000028e351d07f0, 0x0000028e351d12c0, 0x0000028e351d1d90, 0x0000028e351d6ab0,
0x0000028e3a36d630, 0x0000028e3a370300, 0x0000028e1f47a610, 0x0000028e3a5d7880,
0x0000028e3ab0cf10, 0x0000028e3ad075e0, 0x0000028e3ac67c60, 0x0000028e3b21bc10,
0x0000028e3ae67220, 0x0000028e3b4622f0, 0x0000028e3b463220, 0x0000028e3b4609a0,
0x0000028e3b460eb0, 0x0000028e3b4618d0, 0x0000028e3b4613c0, 0x0000028e3b462800,
0x0000028e3b463730, 0x0000028e3c6f32e0, 0x0000028e3c6ee1e0, 0x0000028e3c6f28c0,
0x0000028e3c6f4720, 0x0000028e3c6f1ea0, 0x0000028e3c6f23b0, 0x0000028e3c6ef620,
0x0000028e3c6f4210, 0x0000028e3c6f0040, 0x0000028e3c6f2dd0, 0x0000028e3c6f0550,
0x0000028e3c6f0a60, 0x0000028e3c6ed2b0
}

Java Threads: ( => current thread )
  0x0000028e1f417ae0 JavaThread "main" [_thread_blocked, id=18904, stack(0x000000db83e00000,0x000000db83f00000)]
  0x0000028e351a1030 JavaThread "Reference Handler" daemon [_thread_blocked, id=17064, stack(0x000000db84100000,0x000000db84200000)]
  0x0000028e351a42c0 JavaThread "Finalizer" daemon [_thread_blocked, id=22748, stack(0x000000db84200000,0x000000db84300000)]
  0x0000028e351cff20 JavaThread "Signal Dispatcher" daemon [_thread_blocked, id=9188, stack(0x000000db84300000,0x000000db84400000)]
  0x0000028e351d07f0 JavaThread "Attach Listener" daemon [_thread_blocked, id=20704, stack(0x000000db84400000,0x000000db84500000)]
  0x0000028e351d12c0 JavaThread "Service Thread" daemon [_thread_blocked, id=22456, stack(0x000000db84500000,0x000000db84600000)]
  0x0000028e351d1d90 JavaThread "Monitor Deflation Thread" daemon [_thread_blocked, id=19744, stack(0x000000db84600000,0x000000db84700000)]
=>0x0000028e351d6ab0 JavaThread "C2 CompilerThread0" daemon [_thread_in_native, id=12804, stack(0x000000db84700000,0x000000db84800000)]
  0x0000028e3a36d630 JavaThread "C1 CompilerThread0" daemon [_thread_in_native, id=17012, stack(0x000000db84800000,0x000000db84900000)]
  0x0000028e3a370300 JavaThread "Sweeper thread" daemon [_thread_blocked, id=23040, stack(0x000000db84900000,0x000000db84a00000)]
  0x0000028e1f47a610 JavaThread "Common-Cleaner" daemon [_thread_blocked, id=18840, stack(0x000000db84a00000,0x000000db84b00000)]
  0x0000028e3a5d7880 JavaThread "Notification Thread" daemon [_thread_blocked, id=22204, stack(0x000000db84b00000,0x000000db84c00000)]
  0x0000028e3ab0cf10 JavaThread "Active Thread: Equinox Container: 5be55971-abbf-4889-94d5-095263b34322" [_thread_blocked, id=14060, stack(0x000000db85000000,0x000000db85100000)]
  0x0000028e3ad075e0 JavaThread "Framework Event Dispatcher: Equinox Container: 5be55971-abbf-4889-94d5-095263b34322" daemon [_thread_blocked, id=22272, stack(0x000000db85100000,0x000000db85200000)]
  0x0000028e3ac67c60 JavaThread "Start Level: Equinox Container: 5be55971-abbf-4889-94d5-095263b34322" daemon [_thread_blocked, id=1676, stack(0x000000db85200000,0x000000db85300000)]
  0x0000028e3b21bc10 JavaThread "Bundle File Closer" daemon [_thread_blocked, id=23184, stack(0x000000db85300000,0x000000db85400000)]
  0x0000028e3ae67220 JavaThread "SCR Component Actor" daemon [_thread_blocked, id=18856, stack(0x000000db85400000,0x000000db85500000)]
  0x0000028e3b4622f0 JavaThread "Worker-JM" [_thread_blocked, id=13992, stack(0x000000db85600000,0x000000db85700000)]
  0x0000028e3b463220 JavaThread "Worker-0: Java indexing... " [_thread_blocked, id=5728, stack(0x000000db85700000,0x000000db85800000)]
  0x0000028e3b4609a0 JavaThread "Worker-1: Building" [_thread_in_native, id=22760, stack(0x000000db85800000,0x000000db85900000)]
  0x0000028e3b460eb0 JavaThread "Worker-2" [_thread_blocked, id=8304, stack(0x000000db85900000,0x000000db85a00000)]
  0x0000028e3b4618d0 JavaThread "Java indexing" daemon [_thread_in_vm, id=5732, stack(0x000000db85a00000,0x000000db85b00000)]
  0x0000028e3b4613c0 JavaThread "Worker-3" [_thread_blocked, id=18412, stack(0x000000db85b00000,0x000000db85c00000)]
  0x0000028e3b462800 JavaThread "Worker-4" [_thread_blocked, id=19460, stack(0x000000db85c00000,0x000000db85d00000)]
  0x0000028e3b463730 JavaThread "JNA Cleaner" daemon [_thread_blocked, id=5636, stack(0x000000db85d00000,0x000000db85e00000)]
  0x0000028e3c6f32e0 JavaThread "Thread-2" daemon [_thread_in_native, id=3144, stack(0x000000db85e00000,0x000000db85f00000)]
  0x0000028e3c6ee1e0 JavaThread "Thread-3" daemon [_thread_in_native, id=20624, stack(0x000000db85f00000,0x000000db86000000)]
  0x0000028e3c6f28c0 JavaThread "Thread-4" daemon [_thread_in_native, id=19440, stack(0x000000db86000000,0x000000db86100000)]
  0x0000028e3c6f4720 JavaThread "Thread-5" daemon [_thread_in_native, id=19760, stack(0x000000db86100000,0x000000db86200000)]
  0x0000028e3c6f1ea0 JavaThread "Thread-6" daemon [_thread_in_native, id=18420, stack(0x000000db86200000,0x000000db86300000)]
  0x0000028e3c6f23b0 JavaThread "pool-2-thread-1" [_thread_blocked, id=15272, stack(0x000000db86300000,0x000000db86400000)]
  0x0000028e3c6ef620 JavaThread "WorkspaceEventsHandler" [_thread_blocked, id=17760, stack(0x000000db85500000,0x000000db85600000)]
  0x0000028e3c6f4210 JavaThread "pool-1-thread-1" [_thread_in_native, id=6000, stack(0x000000db86400000,0x000000db86500000)]
  0x0000028e3c6f0040 JavaThread "Compiler Source File Reader" daemon [_thread_blocked, id=18600, stack(0x000000db86500000,0x000000db86600000)]
  0x0000028e3c6f2dd0 JavaThread "Compiler Source File Reader" daemon [_thread_blocked, id=13772, stack(0x000000db86600000,0x000000db86700000)]
  0x0000028e3c6f0550 JavaThread "Compiler Source File Reader" daemon [_thread_blocked, id=13472, stack(0x000000db86700000,0x000000db86800000)]
  0x0000028e3c6f0a60 JavaThread "Compiler Source File Reader" daemon [_thread_blocked, id=8476, stack(0x000000db86800000,0x000000db86900000)]
  0x0000028e3c6ed2b0 JavaThread "Compiler Source File Reader" daemon [_thread_blocked, id=13644, stack(0x000000db86900000,0x000000db86a00000)]

Other Threads:
  0x0000028e1f49e280 VMThread "VM Thread" [stack: 0x000000db84000000,0x000000db84100000] [id=21140]
  0x0000028e3a564c20 WatcherThread [stack: 0x000000db84c00000,0x000000db84d00000] [id=5000]
  0x0000028e1f42c640 GCTaskThread "GC Thread#0" [stack: 0x000000db83f00000,0x000000db84000000] [id=5900]
  0x0000028e3a930d80 GCTaskThread "GC Thread#1" [stack: 0x000000db84d00000,0x000000db84e00000] [id=17764]
  0x0000028e3a931450 GCTaskThread "GC Thread#2" [stack: 0x000000db84e00000,0x000000db84f00000] [id=19748]
  0x0000028e3a931710 GCTaskThread "GC Thread#3" [stack: 0x000000db84f00000,0x000000db85000000] [id=10984]

Threads with active compile tasks:
C2 CompilerThread0    17170 6732 %     4       java.util.zip.ZipFile$Source::initCEN @ 240 (591 bytes)

VM state: not at safepoint (normal execution)

VM Mutex/Monitor currently owned by a thread: None

Heap address: 0x00000000c0000000, size: 1024 MB, Compressed Oops mode: 32-bit

CDS archive(s) not mapped
Compressed class space mapped at: 0x0000000100000000-0x0000000140000000, reserved size: 1073741824
Narrow klass base: 0x0000000000000000, Narrow klass shift: 3, Narrow klass range: 0x140000000

GC Precious Log:
 CPUs: 4 total, 4 available
 Memory: 3902M
 Large Page Support: Disabled
 NUMA Support: Disabled
 Compressed Oops: Enabled (32-bit)
 Alignments: Space 512K, Generation 512K, Heap 2M
 Heap Min Capacity: 100M
 Heap Initial Capacity: 100M
 Heap Max Capacity: 1G
 Pre-touch: Disabled
 Parallel Workers: 4

Heap:
 PSYoungGen      total 21504K, used 15551K [0x00000000eab00000, 0x00000000ec300000, 0x0000000100000000)
  eden space 20992K, 71% used [0x00000000eab00000,0x00000000eb9b3df8,0x00000000ebf80000)
  from space 512K, 96% used [0x00000000ec280000,0x00000000ec2fc120,0x00000000ec300000)
  to   space 1536K, 0% used [0x00000000ec100000,0x00000000ec100000,0x00000000ec280000)
 ParOldGen       total 68608K, used 34371K [0x00000000c0000000, 0x00000000c4300000, 0x00000000eab00000)
  object space 68608K, 50% used [0x00000000c0000000,0x00000000c2190f38,0x00000000c4300000)
 Metaspace       used 56622K, committed 57728K, reserved 1114112K
  class space    used 6067K, committed 6528K, reserved 1048576K

Card table byte_map: [0x0000028e32a80000,0x0000028e32c90000] _byte_map_base: 0x0000028e32480000

Marking Bits: (ParMarkBitMap*) 0x00007ffa07ccd820
 Begin Bits: [0x0000028e32df0000, 0x0000028e33df0000)
 End Bits:   [0x0000028e33df0000, 0x0000028e34df0000)

Polling page: 0x0000028e1f4c0000

Metaspace:

Usage:
  Non-class:     49.37 MB used.
      Class:      5.93 MB used.
       Both:     55.30 MB used.

Virtual space:
  Non-class space:       64.00 MB reserved,      50.00 MB ( 78%) committed,  1 nodes.
      Class space:        1.00 GB reserved,       6.38 MB ( <1%) committed,  1 nodes.
             Both:        1.06 GB reserved,      56.38 MB (  5%) committed. 

Chunk freelists:
   Non-Class:  13.48 MB
       Class:  9.53 MB
        Both:  23.02 MB

MaxMetaspaceSize: unlimited
CompressedClassSpaceSize: 1.00 GB
Initial GC threshold: 21.00 MB
Current GC threshold: 58.38 MB
CDS: off
MetaspaceReclaimPolicy: balanced
 - commit_granule_bytes: 65536.
 - commit_granule_words: 8192.
 - virtual_space_node_default_size: 8388608.
 - enlarge_chunks_in_place: 1.
 - new_chunks_are_fully_committed: 0.
 - uncommit_free_chunks: 1.
 - use_allocation_guard: 0.
 - handle_deallocations: 1.


Internal statistics:

num_allocs_failed_limit: 6.
num_arena_births: 760.
num_arena_deaths: 14.
num_vsnodes_births: 2.
num_vsnodes_deaths: 0.
num_space_committed: 902.
num_space_uncommitted: 0.
num_chunks_returned_to_freelist: 20.
num_chunks_taken_from_freelist: 3131.
num_chunk_merges: 11.
num_chunk_splits: 1836.
num_chunks_enlarged: 937.
num_inconsistent_stats: 0.

CodeHeap 'non-profiled nmethods': size=120000Kb used=2468Kb max_used=2570Kb free=117531Kb
 bounds [0x0000028e2b370000, 0x0000028e2b600000, 0x0000028e328a0000]
CodeHeap 'profiled nmethods': size=120000Kb used=11776Kb max_used=12575Kb free=108223Kb
 bounds [0x0000028e238a0000, 0x0000028e244f0000, 0x0000028e2add0000]
CodeHeap 'non-nmethods': size=5760Kb used=1325Kb max_used=1349Kb free=4434Kb
 bounds [0x0000028e2add0000, 0x0000028e2b040000, 0x0000028e2b370000]
 total_blobs=6591 nmethods=5936 adapters=567
 compilation: enabled
              stopped_count=0, restarted_count=0
 full_count=0

Compilation events (20 events):
Event: 17.067 Thread 0x0000028e3a36d630 6739   !   3       java.lang.invoke.AbstractValidatingLambdaMetafactory::<init> (559 bytes)
Event: 17.073 Thread 0x0000028e3a36d630 nmethod 6739 0x0000028e239e4210 code [0x0000028e239e4b20, 0x0000028e239ea088]
Event: 17.073 Thread 0x0000028e3a36d630 6744       3       java.lang.invoke.InnerClassLambdaMetafactory$ForwardingMethodGenerator::convertArgumentTypes (96 bytes)
Event: 17.074 Thread 0x0000028e3a36d630 nmethod 6744 0x0000028e239e3010 code [0x0000028e239e3260, 0x0000028e239e3cb8]
Event: 17.074 Thread 0x0000028e3a36d630 6742       3       java.lang.invoke.AbstractValidatingLambdaMetafactory::checkDescriptor (133 bytes)
Event: 17.076 Thread 0x0000028e3a36d630 nmethod 6742 0x0000028e23dc7690 code [0x0000028e23dc7aa0, 0x0000028e23dc9b98]
Event: 17.076 Thread 0x0000028e3a36d630 6745       3       java.lang.invoke.InnerClassLambdaMetafactory$ForwardingMethodGenerator::invocationOpcode (104 bytes)
Event: 17.077 Thread 0x0000028e3a36d630 nmethod 6745 0x0000028e23dc6910 code [0x0000028e23dc6b60, 0x0000028e23dc7378]
Event: 17.077 Thread 0x0000028e3a36d630 6740       3       java.lang.invoke.InfoFromMemberName::<init> (72 bytes)
Event: 17.077 Thread 0x0000028e3a36d630 nmethod 6740 0x0000028e239e2a10 code [0x0000028e239e2ba0, 0x0000028e239e2d58]
Event: 17.077 Thread 0x0000028e3a36d630 6741       3       java.lang.invoke.AbstractValidatingLambdaMetafactory::isAdaptableToAsReturn (36 bytes)
Event: 17.077 Thread 0x0000028e3a36d630 nmethod 6741 0x0000028e23d92c90 code [0x0000028e23d92e60, 0x0000028e23d93308]
Event: 17.086 Thread 0x0000028e3a36d630 6753       2       org.eclipse.osgi.container.ModuleDatabase::readUnlock (11 bytes)
Event: 17.086 Thread 0x0000028e3a36d630 nmethod 6753 0x0000028e23d92790 code [0x0000028e23d92940, 0x0000028e23d92af8]
Event: 17.086 Thread 0x0000028e3a36d630 6754       2       org.eclipse.osgi.container.ModuleDatabase::readLock (11 bytes)
Event: 17.086 Thread 0x0000028e3a36d630 nmethod 6754 0x0000028e23d92390 code [0x0000028e23d92540, 0x0000028e23d92688]
Event: 17.104 Thread 0x0000028e3a36d630 6755   !   3       java.nio.channels.spi.AbstractInterruptibleChannel::close (37 bytes)
Event: 17.105 Thread 0x0000028e3a36d630 nmethod 6755 0x0000028e23d91d90 code [0x0000028e23d91f40, 0x0000028e23d92288]
Event: 17.118 Thread 0x0000028e3a36d630 6756       3       java.nio.file.Paths::get (6 bytes)
Event: 17.118 Thread 0x0000028e3a36d630 nmethod 6756 0x0000028e23d91590 code [0x0000028e23d91760, 0x0000028e23d91be8]

GC Heap History (20 events):
Event: 14.598 GC heap before
{Heap before GC invocations=17 (full 2):
 PSYoungGen      total 23040K, used 23033K [0x00000000eab00000, 0x00000000ec580000, 0x0000000100000000)
  eden space 22016K, 100% used [0x00000000eab00000,0x00000000ec080000,0x00000000ec080000)
  from space 1024K, 99% used [0x00000000ec400000,0x00000000ec4fe6f8,0x00000000ec500000)
  to   space 2560K, 0% used [0x00000000ec080000,0x00000000ec080000,0x00000000ec300000)
 ParOldGen       total 68608K, used 17737K [0x00000000c0000000, 0x00000000c4300000, 0x00000000eab00000)
  object space 68608K, 25% used [0x00000000c0000000,0x00000000c1152600,0x00000000c4300000)
 Metaspace       used 44866K, committed 45824K, reserved 1114112K
  class space    used 4644K, committed 5056K, reserved 1048576K
}
Event: 14.602 GC heap after
{Heap after GC invocations=17 (full 2):
 PSYoungGen      total 24576K, used 1104K [0x00000000eab00000, 0x00000000ec480000, 0x0000000100000000)
  eden space 22016K, 0% used [0x00000000eab00000,0x00000000eab00000,0x00000000ec080000)
  from space 2560K, 43% used [0x00000000ec080000,0x00000000ec194010,0x00000000ec300000)
  to   space 1536K, 0% used [0x00000000ec300000,0x00000000ec300000,0x00000000ec480000)
 ParOldGen       total 68608K, used 18717K [0x00000000c0000000, 0x00000000c4300000, 0x00000000eab00000)
  object space 68608K, 27% used [0x00000000c0000000,0x00000000c1247790,0x00000000c4300000)
 Metaspace       used 44866K, committed 45824K, reserved 1114112K
  class space    used 4644K, committed 5056K, reserved 1048576K
}
Event: 14.911 GC heap before
{Heap before GC invocations=18 (full 2):
 PSYoungGen      total 24576K, used 23120K [0x00000000eab00000, 0x00000000ec480000, 0x0000000100000000)
  eden space 22016K, 100% used [0x00000000eab00000,0x00000000ec080000,0x00000000ec080000)
  from space 2560K, 43% used [0x00000000ec080000,0x00000000ec194010,0x00000000ec300000)
  to   space 1536K, 0% used [0x00000000ec300000,0x00000000ec300000,0x00000000ec480000)
 ParOldGen       total 68608K, used 18717K [0x00000000c0000000, 0x00000000c4300000, 0x00000000eab00000)
  object space 68608K, 27% used [0x00000000c0000000,0x00000000c1247790,0x00000000c4300000)
 Metaspace       used 45875K, committed 46848K, reserved 1114112K
  class space    used 4785K, committed 5248K, reserved 1048576K
}
Event: 14.914 GC heap after
{Heap after GC invocations=18 (full 2):
 PSYoungGen      total 22528K, used 1509K [0x00000000eab00000, 0x00000000ec780000, 0x0000000100000000)
  eden space 20992K, 0% used [0x00000000eab00000,0x00000000eab00000,0x00000000ebf80000)
  from space 1536K, 98% used [0x00000000ec300000,0x00000000ec479710,0x00000000ec480000)
  to   space 3584K, 0% used [0x00000000ebf80000,0x00000000ebf80000,0x00000000ec300000)
 ParOldGen       total 68608K, used 20045K [0x00000000c0000000, 0x00000000c4300000, 0x00000000eab00000)
  object space 68608K, 29% used [0x00000000c0000000,0x00000000c1393488,0x00000000c4300000)
 Metaspace       used 45875K, committed 46848K, reserved 1114112K
  class space    used 4785K, committed 5248K, reserved 1048576K
}
Event: 15.186 GC heap before
{Heap before GC invocations=19 (full 2):
 PSYoungGen      total 22528K, used 22501K [0x00000000eab00000, 0x00000000ec780000, 0x0000000100000000)
  eden space 20992K, 100% used [0x00000000eab00000,0x00000000ebf80000,0x00000000ebf80000)
  from space 1536K, 98% used [0x00000000ec300000,0x00000000ec479710,0x00000000ec480000)
  to   space 3584K, 0% used [0x00000000ebf80000,0x00000000ebf80000,0x00000000ec300000)
 ParOldGen       total 68608K, used 20045K [0x00000000c0000000, 0x00000000c4300000, 0x00000000eab00000)
  object space 68608K, 29% used [0x00000000c0000000,0x00000000c1393488,0x00000000c4300000)
 Metaspace       used 46676K, committed 47680K, reserved 1114112K
  class space    used 4882K, committed 5312K, reserved 1048576K
}
Event: 15.189 GC heap after
{Heap after GC invocations=19 (full 2):
 PSYoungGen      total 23040K, used 1696K [0x00000000eab00000, 0x00000000ec480000, 0x0000000100000000)
  eden space 20992K, 0% used [0x00000000eab00000,0x00000000eab00000,0x00000000ebf80000)
  from space 2048K, 82% used [0x00000000ebf80000,0x00000000ec128000,0x00000000ec180000)
  to   space 2560K, 0% used [0x00000000ec200000,0x00000000ec200000,0x00000000ec480000)
 ParOldGen       total 68608K, used 21493K [0x00000000c0000000, 0x00000000c4300000, 0x00000000eab00000)
  object space 68608K, 31% used [0x00000000c0000000,0x00000000c14fd4a8,0x00000000c4300000)
 Metaspace       used 46676K, committed 47680K, reserved 1114112K
  class space    used 4882K, committed 5312K, reserved 1048576K
}
Event: 15.440 GC heap before
{Heap before GC invocations=20 (full 2):
 PSYoungGen      total 23040K, used 22688K [0x00000000eab00000, 0x00000000ec480000, 0x0000000100000000)
  eden space 20992K, 100% used [0x00000000eab00000,0x00000000ebf80000,0x00000000ebf80000)
  from space 2048K, 82% used [0x00000000ebf80000,0x00000000ec128000,0x00000000ec180000)
  to   space 2560K, 0% used [0x00000000ec200000,0x00000000ec200000,0x00000000ec480000)
 ParOldGen       total 68608K, used 21493K [0x00000000c0000000, 0x00000000c4300000, 0x00000000eab00000)
  object space 68608K, 31% used [0x00000000c0000000,0x00000000c14fd4a8,0x00000000c4300000)
 Metaspace       used 47731K, committed 48704K, reserved 1114112K
  class space    used 5010K, committed 5440K, reserved 1048576K
}
Event: 15.444 GC heap after
{Heap after GC invocations=20 (full 2):
 PSYoungGen      total 23040K, used 1936K [0x00000000eab00000, 0x00000000ec400000, 0x0000000100000000)
  eden space 20992K, 0% used [0x00000000eab00000,0x00000000eab00000,0x00000000ebf80000)
  from space 2048K, 94% used [0x00000000ec200000,0x00000000ec3e4218,0x00000000ec400000)
  to   space 2048K, 0% used [0x00000000ebf80000,0x00000000ebf80000,0x00000000ec180000)
 ParOldGen       total 68608K, used 23109K [0x00000000c0000000, 0x00000000c4300000, 0x00000000eab00000)
  object space 68608K, 33% used [0x00000000c0000000,0x00000000c16914a8,0x00000000c4300000)
 Metaspace       used 47731K, committed 48704K, reserved 1114112K
  class space    used 5010K, committed 5440K, reserved 1048576K
}
Event: 15.671 GC heap before
{Heap before GC invocations=21 (full 2):
 PSYoungGen      total 23040K, used 22928K [0x00000000eab00000, 0x00000000ec400000, 0x0000000100000000)
  eden space 20992K, 100% used [0x00000000eab00000,0x00000000ebf80000,0x00000000ebf80000)
  from space 2048K, 94% used [0x00000000ec200000,0x00000000ec3e4218,0x00000000ec400000)
  to   space 2048K, 0% used [0x00000000ebf80000,0x00000000ebf80000,0x00000000ec180000)
 ParOldGen       total 68608K, used 23109K [0x00000000c0000000, 0x00000000c4300000, 0x00000000eab00000)
  object space 68608K, 33% used [0x00000000c0000000,0x00000000c16914a8,0x00000000c4300000)
 Metaspace       used 48426K, committed 49408K, reserved 1114112K
  class space    used 5089K, committed 5504K, reserved 1048576K
}
Event: 15.680 GC heap after
{Heap after GC invocations=21 (full 2):
 PSYoungGen      total 23040K, used 2019K [0x00000000eab00000, 0x00000000ec880000, 0x0000000100000000)
  eden space 20992K, 0% used [0x00000000eab00000,0x00000000eab00000,0x00000000ebf80000)
  from space 2048K, 98% used [0x00000000ebf80000,0x00000000ec178ec8,0x00000000ec180000)
  to   space 4608K, 0% used [0x00000000ec400000,0x00000000ec400000,0x00000000ec880000)
 ParOldGen       total 68608K, used 24973K [0x00000000c0000000, 0x00000000c4300000, 0x00000000eab00000)
  object space 68608K, 36% used [0x00000000c0000000,0x00000000c1863428,0x00000000c4300000)
 Metaspace       used 48426K, committed 49408K, reserved 1114112K
  class space    used 5089K, committed 5504K, reserved 1048576K
}
Event: 15.804 GC heap before
{Heap before GC invocations=22 (full 2):
 PSYoungGen      total 23040K, used 23011K [0x00000000eab00000, 0x00000000ec880000, 0x0000000100000000)
  eden space 20992K, 100% used [0x00000000eab00000,0x00000000ebf80000,0x00000000ebf80000)
  from space 2048K, 98% used [0x00000000ebf80000,0x00000000ec178ec8,0x00000000ec180000)
  to   space 4608K, 0% used [0x00000000ec400000,0x00000000ec400000,0x00000000ec880000)
 ParOldGen       total 68608K, used 24973K [0x00000000c0000000, 0x00000000c4300000, 0x00000000eab00000)
  object space 68608K, 36% used [0x00000000c0000000,0x00000000c1863428,0x00000000c4300000)
 Metaspace       used 48796K, committed 49792K, reserved 1114112K
  class space    used 5125K, committed 5568K, reserved 1048576K
}
Event: 15.811 GC heap after
{Heap after GC invocations=22 (full 2):
 PSYoungGen      total 23552K, used 2368K [0x00000000eab00000, 0x00000000ec680000, 0x0000000100000000)
  eden space 20992K, 0% used [0x00000000eab00000,0x00000000eab00000,0x00000000ebf80000)
  from space 2560K, 92% used [0x00000000ec400000,0x00000000ec650010,0x00000000ec680000)
  to   space 3072K, 0% used [0x00000000ec080000,0x00000000ec080000,0x00000000ec380000)
 ParOldGen       total 68608K, used 26984K [0x00000000c0000000, 0x00000000c4300000, 0x00000000eab00000)
  object space 68608K, 39% used [0x00000000c0000000,0x00000000c1a5a170,0x00000000c4300000)
 Metaspace       used 48796K, committed 49792K, reserved 1114112K
  class space    used 5125K, committed 5568K, reserved 1048576K
}
Event: 15.938 GC heap before
{Heap before GC invocations=23 (full 2):
 PSYoungGen      total 23552K, used 23360K [0x00000000eab00000, 0x00000000ec680000, 0x0000000100000000)
  eden space 20992K, 100% used [0x00000000eab00000,0x00000000ebf80000,0x00000000ebf80000)
  from space 2560K, 92% used [0x00000000ec400000,0x00000000ec650010,0x00000000ec680000)
  to   space 3072K, 0% used [0x00000000ec080000,0x00000000ec080000,0x00000000ec380000)
 ParOldGen       total 68608K, used 26984K [0x00000000c0000000, 0x00000000c4300000, 0x00000000eab00000)
  object space 68608K, 39% used [0x00000000c0000000,0x00000000c1a5a170,0x00000000c4300000)
 Metaspace       used 49451K, committed 50496K, reserved 1114112K
  class space    used 5197K, committed 5632K, reserved 1048576K
}
Event: 15.944 GC heap after
{Heap after GC invocations=23 (full 2):
 PSYoungGen      total 23040K, used 1974K [0x00000000eab00000, 0x00000000ec480000, 0x0000000100000000)
  eden space 20992K, 0% used [0x00000000eab00000,0x00000000eab00000,0x00000000ebf80000)
  from space 2048K, 96% used [0x00000000ec080000,0x00000000ec26d910,0x00000000ec280000)
  to   space 2048K, 0% used [0x00000000ec280000,0x00000000ec280000,0x00000000ec480000)
 ParOldGen       total 68608K, used 29286K [0x00000000c0000000, 0x00000000c4300000, 0x00000000eab00000)
  object space 68608K, 42% used [0x00000000c0000000,0x00000000c1c99b78,0x00000000c4300000)
 Metaspace       used 49451K, committed 50496K, reserved 1114112K
  class space    used 5197K, committed 5632K, reserved 1048576K
}
Event: 16.215 GC heap before
{Heap before GC invocations=24 (full 2):
 PSYoungGen      total 23040K, used 22966K [0x00000000eab00000, 0x00000000ec480000, 0x0000000100000000)
  eden space 20992K, 100% used [0x00000000eab00000,0x00000000ebf80000,0x00000000ebf80000)
  from space 2048K, 96% used [0x00000000ec080000,0x00000000ec26d910,0x00000000ec280000)
  to   space 2048K, 0% used [0x00000000ec280000,0x00000000ec280000,0x00000000ec480000)
 ParOldGen       total 68608K, used 29286K [0x00000000c0000000, 0x00000000c4300000, 0x00000000eab00000)
  object space 68608K, 42% used [0x00000000c0000000,0x00000000c1c99b78,0x00000000c4300000)
 Metaspace       used 51338K, committed 52480K, reserved 1114112K
  class space    used 5461K, committed 5952K, reserved 1048576K
}
Event: 16.219 GC heap after
{Heap after GC invocations=24 (full 2):
 PSYoungGen      total 22528K, used 1120K [0x00000000eab00000, 0x00000000ec400000, 0x0000000100000000)
  eden space 20992K, 0% used [0x00000000eab00000,0x00000000eab00000,0x00000000ebf80000)
  from space 1536K, 72% used [0x00000000ec280000,0x00000000ec398000,0x00000000ec400000)
  to   space 1536K, 0% used [0x00000000ec100000,0x00000000ec100000,0x00000000ec280000)
 ParOldGen       total 68608K, used 31130K [0x00000000c0000000, 0x00000000c4300000, 0x00000000eab00000)
  object space 68608K, 45% used [0x00000000c0000000,0x00000000c1e66a30,0x00000000c4300000)
 Metaspace       used 51338K, committed 52480K, reserved 1114112K
  class space    used 5461K, committed 5952K, reserved 1048576K
}
Event: 16.534 GC heap before
{Heap before GC invocations=25 (full 2):
 PSYoungGen      total 22528K, used 22112K [0x00000000eab00000, 0x00000000ec400000, 0x0000000100000000)
  eden space 20992K, 100% used [0x00000000eab00000,0x00000000ebf80000,0x00000000ebf80000)
  from space 1536K, 72% used [0x00000000ec280000,0x00000000ec398000,0x00000000ec400000)
  to   space 1536K, 0% used [0x00000000ec100000,0x00000000ec100000,0x00000000ec280000)
 ParOldGen       total 68608K, used 31130K [0x00000000c0000000, 0x00000000c4300000, 0x00000000eab00000)
  object space 68608K, 45% used [0x00000000c0000000,0x00000000c1e66a30,0x00000000c4300000)
 Metaspace       used 53629K, committed 54784K, reserved 1114112K
  class space    used 5741K, committed 6272K, reserved 1048576K
}
Event: 16.538 GC heap after
{Heap after GC invocations=25 (full 2):
 PSYoungGen      total 22528K, used 1360K [0x00000000eab00000, 0x00000000ec300000, 0x0000000100000000)
  eden space 20992K, 0% used [0x00000000eab00000,0x00000000eab00000,0x00000000ebf80000)
  from space 1536K, 88% used [0x00000000ec100000,0x00000000ec254030,0x00000000ec280000)
  to   space 512K, 0% used [0x00000000ec280000,0x00000000ec280000,0x00000000ec300000)
 ParOldGen       total 68608K, used 32089K [0x00000000c0000000, 0x00000000c4300000, 0x00000000eab00000)
  object space 68608K, 46% used [0x00000000c0000000,0x00000000c1f56500,0x00000000c4300000)
 Metaspace       used 53629K, committed 54784K, reserved 1114112K
  class space    used 5741K, committed 6272K, reserved 1048576K
}
Event: 16.791 GC heap before
{Heap before GC invocations=26 (full 2):
 PSYoungGen      total 22528K, used 22352K [0x00000000eab00000, 0x00000000ec300000, 0x0000000100000000)
  eden space 20992K, 100% used [0x00000000eab00000,0x00000000ebf80000,0x00000000ebf80000)
  from space 1536K, 88% used [0x00000000ec100000,0x00000000ec254030,0x00000000ec280000)
  to   space 512K, 0% used [0x00000000ec280000,0x00000000ec280000,0x00000000ec300000)
 ParOldGen       total 68608K, used 32089K [0x00000000c0000000, 0x00000000c4300000, 0x00000000eab00000)
  object space 68608K, 46% used [0x00000000c0000000,0x00000000c1f56500,0x00000000c4300000)
 Metaspace       used 55438K, committed 56512K, reserved 1114112K
  class space    used 5920K, committed 6400K, reserved 1048576K
}
Event: 16.795 GC heap after
{Heap after GC invocations=26 (full 2):
 PSYoungGen      total 21504K, used 496K [0x00000000eab00000, 0x00000000ec300000, 0x0000000100000000)
  eden space 20992K, 0% used [0x00000000eab00000,0x00000000eab00000,0x00000000ebf80000)
  from space 512K, 96% used [0x00000000ec280000,0x00000000ec2fc120,0x00000000ec300000)
  to   space 1536K, 0% used [0x00000000ec100000,0x00000000ec100000,0x00000000ec280000)
 ParOldGen       total 68608K, used 34371K [0x00000000c0000000, 0x00000000c4300000, 0x00000000eab00000)
  object space 68608K, 50% used [0x00000000c0000000,0x00000000c2190f38,0x00000000c4300000)
 Metaspace       used 55438K, committed 56512K, reserved 1114112K
  class space    used 5920K, committed 6400K, reserved 1048576K
}

Dll operation events (10 events):
Event: 0.223 Loaded shared library c:\Users\rifaa\.vscode\extensions\redhat.java-1.32.0-win32-x64\jre\17.0.11-win32-x86_64\bin\java.dll
Event: 0.997 Loaded shared library c:\Users\rifaa\.vscode\extensions\redhat.java-1.32.0-win32-x64\jre\17.0.11-win32-x86_64\bin\zip.dll
Event: 1.003 Loaded shared library C:\Users\rifaa\.vscode\extensions\redhat.java-1.32.0-win32-x64\jre\17.0.11-win32-x86_64\bin\instrument.dll
Event: 1.035 Loaded shared library C:\Users\rifaa\.vscode\extensions\redhat.java-1.32.0-win32-x64\jre\17.0.11-win32-x86_64\bin\net.dll
Event: 1.038 Loaded shared library C:\Users\rifaa\.vscode\extensions\redhat.java-1.32.0-win32-x64\jre\17.0.11-win32-x86_64\bin\nio.dll
Event: 1.050 Loaded shared library C:\Users\rifaa\.vscode\extensions\redhat.java-1.32.0-win32-x64\jre\17.0.11-win32-x86_64\bin\zip.dll
Event: 1.149 Loaded shared library C:\Users\rifaa\.vscode\extensions\redhat.java-1.32.0-win32-x64\jre\17.0.11-win32-x86_64\bin\jimage.dll
Event: 1.521 Loaded shared library c:\Users\rifaa\.vscode\extensions\redhat.java-1.32.0-win32-x64\jre\17.0.11-win32-x86_64\bin\verify.dll
Event: 6.469 Loaded shared library C:\Users\rifaa\AppData\Roaming\Code\User\globalStorage\redhat.java\1.32.0\config_win\org.eclipse.equinox.launcher\org.eclipse.equinox.launcher.win32.win32.x86_64_1.2.1100.v20240613-2013\eclipse_11903.dll
Event: 15.316 Loaded shared library C:\Users\rifaa\AppData\Local\Temp\jna-108510575\jna14906652737385254082.dll

Deoptimization events (20 events):
Event: 16.716 Thread 0x0000028e1f417ae0 DEOPT PACKING pc=0x0000028e23a6bed7 sp=0x000000db83efe330
Event: 16.716 Thread 0x0000028e1f417ae0 DEOPT UNPACKING pc=0x0000028e2ae2a9e3 sp=0x000000db83efd818 mode 0
Event: 16.797 Thread 0x0000028e3b460eb0 Uncommon trap: trap_request=0xffffffde fr.pc=0x0000028e2b4ad964 relative=0x0000000000000ec4
Event: 16.797 Thread 0x0000028e3b460eb0 Uncommon trap: reason=class_check action=maybe_recompile pc=0x0000028e2b4ad964 method=java.util.concurrent.ConcurrentHashMap.putVal(Ljava/lang/Object;Ljava/lang/Object;Z)Ljava/lang/Object; @ 242 c2
Event: 16.797 Thread 0x0000028e3b460eb0 DEOPT PACKING pc=0x0000028e2b4ad964 sp=0x000000db859fe970
Event: 16.797 Thread 0x0000028e3b460eb0 DEOPT UNPACKING pc=0x0000028e2ae29ea3 sp=0x000000db859fe8e0 mode 2
Event: 16.800 Thread 0x0000028e3b460eb0 Uncommon trap: trap_request=0xffffffde fr.pc=0x0000028e2b4ad964 relative=0x0000000000000ec4
Event: 16.800 Thread 0x0000028e3b460eb0 Uncommon trap: reason=class_check action=maybe_recompile pc=0x0000028e2b4ad964 method=java.util.concurrent.ConcurrentHashMap.putVal(Ljava/lang/Object;Ljava/lang/Object;Z)Ljava/lang/Object; @ 242 c2
Event: 16.800 Thread 0x0000028e3b460eb0 DEOPT PACKING pc=0x0000028e2b4ad964 sp=0x000000db859fe970
Event: 16.800 Thread 0x0000028e3b460eb0 DEOPT UNPACKING pc=0x0000028e2ae29ea3 sp=0x000000db859fe8e0 mode 2
Event: 16.895 Thread 0x0000028e3b462800 DEOPT PACKING pc=0x0000028e23cfd040 sp=0x000000db85cfeca0
Event: 16.895 Thread 0x0000028e3b462800 DEOPT UNPACKING pc=0x0000028e2ae2a9e3 sp=0x000000db85cfe1a8 mode 0
Event: 16.896 Thread 0x0000028e3b462800 DEOPT PACKING pc=0x0000028e23cfd040 sp=0x000000db85cfeca0
Event: 16.896 Thread 0x0000028e3b462800 DEOPT UNPACKING pc=0x0000028e2ae2a9e3 sp=0x000000db85cfe1a8 mode 0
Event: 16.898 Thread 0x0000028e3b462800 DEOPT PACKING pc=0x0000028e23cfd040 sp=0x000000db85cfeca0
Event: 16.898 Thread 0x0000028e3b462800 DEOPT UNPACKING pc=0x0000028e2ae2a9e3 sp=0x000000db85cfe1a8 mode 0
Event: 16.917 Thread 0x0000028e3b4609a0 Uncommon trap: trap_request=0xffffff45 fr.pc=0x0000028e2b3bdbd0 relative=0x0000000000000450
Event: 16.917 Thread 0x0000028e3b4609a0 Uncommon trap: reason=unstable_if action=reinterpret pc=0x0000028e2b3bdbd0 method=java.util.HashMap.putVal(ILjava/lang/Object;Ljava/lang/Object;ZZ)Ljava/lang/Object; @ 193 c2
Event: 16.917 Thread 0x0000028e3b4609a0 DEOPT PACKING pc=0x0000028e2b3bdbd0 sp=0x000000db858fd6d0
Event: 16.917 Thread 0x0000028e3b4609a0 DEOPT UNPACKING pc=0x0000028e2ae29ea3 sp=0x000000db858fd640 mode 2

Classes unloaded (7 events):
Event: 8.869 Thread 0x0000028e1f49e280 Unloading class 0x000000010024a400 'java/lang/invoke/LambdaForm$MH+0x000000010024a400'
Event: 8.869 Thread 0x0000028e1f49e280 Unloading class 0x000000010024a000 'java/lang/invoke/LambdaForm$MH+0x000000010024a000'
Event: 8.869 Thread 0x0000028e1f49e280 Unloading class 0x0000000100249c00 'java/lang/invoke/LambdaForm$MH+0x0000000100249c00'
Event: 8.869 Thread 0x0000028e1f49e280 Unloading class 0x0000000100249800 'java/lang/invoke/LambdaForm$MH+0x0000000100249800'
Event: 8.869 Thread 0x0000028e1f49e280 Unloading class 0x0000000100249400 'java/lang/invoke/LambdaForm$BMH+0x0000000100249400'
Event: 8.869 Thread 0x0000028e1f49e280 Unloading class 0x0000000100249000 'java/lang/invoke/LambdaForm$DMH+0x0000000100249000'
Event: 8.869 Thread 0x0000028e1f49e280 Unloading class 0x0000000100244400 'java/lang/invoke/LambdaForm$DMH+0x0000000100244400'

Classes redefined (0 events):
No events

Internal exceptions (20 events):
Event: 16.129 Thread 0x0000028e3b4609a0 Exception <a 'java/lang/NoSuchMethodError'{0x00000000eb92e460}: 'int java.lang.invoke.Invokers$Holder.linkToTargetMethod(java.lang.Object, java.lang.Object, java.lang.Object)'> (0x00000000eb92e460) 
thrown [s\src\hotspot\share\interpreter\linkResolver.cpp, line 759]
Event: 16.293 Thread 0x0000028e3b460eb0 Exception <a 'java/lang/NoClassDefFoundError'{0x00000000eb1f86c0}: com/google/inject/servlet/ServletModuleTargetVisitor> (0x00000000eb1f86c0) 
thrown [s\src\hotspot\share\classfile\systemDictionary.cpp, line 245]
Event: 16.350 Thread 0x0000028e1f417ae0 Exception <a 'java/lang/NoSuchMethodError'{0x00000000eb78d340}: 'void java.lang.invoke.DirectMethodHandle$Holder.invokeSpecial(java.lang.Object, java.lang.Object, java.lang.Object, java.lang.Object, java.lang.Object, java.lang.Object)'> (0x00000000eb78d340) 
thrown [s\src\hotspot\share\interpreter\linkResolver.cpp, line 759]
Event: 16.352 Thread 0x0000028e1f417ae0 Exception <a 'java/lang/IncompatibleClassChangeError'{0x00000000eb796c88}: Found class java.lang.Object, but interface was expected> (0x00000000eb796c88) 
thrown [s\src\hotspot\share\interpreter\linkResolver.cpp, line 826]
Event: 16.919 Thread 0x0000028e3b4609a0 Exception <a 'sun/nio/fs/WindowsException'{0x00000000eb394368}> (0x00000000eb394368) 
thrown [s\src\hotspot\share\prims\jni.cpp, line 516]
Event: 16.920 Thread 0x0000028e3b4609a0 Exception <a 'sun/nio/fs/WindowsException'{0x00000000eb394c40}> (0x00000000eb394c40) 
thrown [s\src\hotspot\share\prims\jni.cpp, line 516]
Event: 16.920 Thread 0x0000028e3b4609a0 Exception <a 'sun/nio/fs/WindowsException'{0x00000000eb3953f0}> (0x00000000eb3953f0) 
thrown [s\src\hotspot\share\prims\jni.cpp, line 516]
Event: 16.922 Thread 0x0000028e3b4609a0 Exception <a 'sun/nio/fs/WindowsException'{0x00000000eb396470}> (0x00000000eb396470) 
thrown [s\src\hotspot\share\prims\jni.cpp, line 516]
Event: 16.946 Thread 0x0000028e3b4609a0 Exception <a 'sun/nio/fs/WindowsException'{0x00000000eb42b2a8}> (0x00000000eb42b2a8) 
thrown [s\src\hotspot\share\prims\jni.cpp, line 516]
Event: 16.951 Thread 0x0000028e3c6f4210 Exception <a 'java/io/FileNotFoundException'{0x00000000eb48c328}> (0x00000000eb48c328) 
thrown [s\src\hotspot\share\prims\jni.cpp, line 516]
Event: 16.965 Thread 0x0000028e3b4609a0 Exception <a 'sun/nio/fs/WindowsException'{0x00000000eb4345a0}> (0x00000000eb4345a0) 
thrown [s\src\hotspot\share\prims\jni.cpp, line 516]
Event: 16.968 Thread 0x0000028e3b4609a0 Exception <a 'sun/nio/fs/WindowsException'{0x00000000eb439080}> (0x00000000eb439080) 
thrown [s\src\hotspot\share\prims\jni.cpp, line 516]
Event: 16.970 Thread 0x0000028e3b4609a0 Exception <a 'sun/nio/fs/WindowsException'{0x00000000eb43e3e8}> (0x00000000eb43e3e8) 
thrown [s\src\hotspot\share\prims\jni.cpp, line 516]
Event: 16.978 Thread 0x0000028e3b4609a0 Exception <a 'sun/nio/fs/WindowsException'{0x00000000eb592d60}> (0x00000000eb592d60) 
thrown [s\src\hotspot\share\prims\jni.cpp, line 516]
Event: 16.981 Thread 0x0000028e3b4609a0 Exception <a 'sun/nio/fs/WindowsException'{0x00000000eb5986b8}> (0x00000000eb5986b8) 
thrown [s\src\hotspot\share\prims\jni.cpp, line 516]
Event: 16.984 Thread 0x0000028e3b4609a0 Exception <a 'sun/nio/fs/WindowsException'{0x00000000eb59f1f8}> (0x00000000eb59f1f8) 
thrown [s\src\hotspot\share\prims\jni.cpp, line 516]
Event: 16.988 Thread 0x0000028e3b4609a0 Exception <a 'sun/nio/fs/WindowsException'{0x00000000eb5a62c8}> (0x00000000eb5a62c8) 
thrown [s\src\hotspot\share\prims\jni.cpp, line 516]
Event: 16.994 Thread 0x0000028e3b4609a0 Exception <a 'sun/nio/fs/WindowsException'{0x00000000eb5b78d8}> (0x00000000eb5b78d8) 
thrown [s\src\hotspot\share\prims\jni.cpp, line 516]
Event: 17.016 Thread 0x0000028e3b4609a0 Exception <a 'sun/nio/fs/WindowsException'{0x00000000eb5bdcf0}> (0x00000000eb5bdcf0) 
thrown [s\src\hotspot\share\prims\jni.cpp, line 516]
Event: 17.044 Thread 0x0000028e3b4609a0 Exception <a 'sun/nio/fs/WindowsException'{0x00000000eb5c3f40}> (0x00000000eb5c3f40) 
thrown [s\src\hotspot\share\prims\jni.cpp, line 516]

VM Operations (20 events):
Event: 16.102 Executing VM operation: HandshakeAllThreads
Event: 16.104 Executing VM operation: HandshakeAllThreads done
Event: 16.112 Executing VM operation: HandshakeAllThreads
Event: 16.112 Executing VM operation: HandshakeAllThreads done
Event: 16.123 Executing VM operation: HandshakeAllThreads
Event: 16.139 Executing VM operation: HandshakeAllThreads done
Event: 16.215 Executing VM operation: ParallelGCFailedAllocation
Event: 16.219 Executing VM operation: ParallelGCFailedAllocation done
Event: 16.362 Executing VM operation: HandshakeAllThreads
Event: 16.362 Executing VM operation: HandshakeAllThreads done
Event: 16.424 Executing VM operation: HandshakeAllThreads
Event: 16.424 Executing VM operation: HandshakeAllThreads done
Event: 16.430 Executing VM operation: HandshakeAllThreads
Event: 16.430 Executing VM operation: HandshakeAllThreads done
Event: 16.533 Executing VM operation: ParallelGCFailedAllocation
Event: 16.545 Executing VM operation: ParallelGCFailedAllocation done
Event: 16.791 Executing VM operation: ParallelGCFailedAllocation
Event: 16.797 Executing VM operation: ParallelGCFailedAllocation done
Event: 16.938 Executing VM operation: HandshakeAllThreads
Event: 16.938 Executing VM operation: HandshakeAllThreads done

Events (20 events):
Event: 16.719 loading class sun/security/provider/MD5 done
Event: 16.719 loading class sun/security/provider/ByteArrayAccess$LE
Event: 16.720 loading class sun/security/provider/ByteArrayAccess$LE done
Event: 16.735 loading class java/util/stream/MatchOps$MatchKind
Event: 16.735 loading class java/util/stream/MatchOps$MatchKind done
Event: 16.735 loading class java/util/stream/MatchOps
Event: 16.735 loading class java/util/stream/MatchOps done
Event: 16.735 loading class java/util/stream/MatchOps$MatchOp
Event: 16.754 loading class java/util/stream/MatchOps$MatchOp done
Event: 16.754 loading class java/util/stream/MatchOps$BooleanTerminalSink
Event: 16.754 loading class java/util/stream/MatchOps$BooleanTerminalSink done
Event: 16.756 loading class java/util/stream/MatchOps$1MatchSink
Event: 16.760 loading class java/util/stream/MatchOps$1MatchSink done
Event: 16.855 loading class sun/nio/ch/WindowsAsynchronousFileChannelImpl$WriteTask
Event: 16.855 loading class sun/nio/ch/WindowsAsynchronousFileChannelImpl$WriteTask done
Event: 17.083 Thread 0x0000028e3c6f0040 Thread added: 0x0000028e3c6f0040
Event: 17.084 Thread 0x0000028e3c6f2dd0 Thread added: 0x0000028e3c6f2dd0
Event: 17.084 Thread 0x0000028e3c6f0550 Thread added: 0x0000028e3c6f0550
Event: 17.084 Thread 0x0000028e3c6f0a60 Thread added: 0x0000028e3c6f0a60
Event: 17.084 Thread 0x0000028e3c6ed2b0 Thread added: 0x0000028e3c6ed2b0


Dynamic libraries:
0x00007ff6e3c30000 - 0x00007ff6e3c3e000 	c:\Users\rifaa\.vscode\extensions\redhat.java-1.32.0-win32-x64\jre\17.0.11-win32-x86_64\bin\java.exe
0x00007ffaa6a50000 - 0x00007ffaa6c67000 	C:\WINDOWS\SYSTEM32\ntdll.dll
0x00007ffaa55e0000 - 0x00007ffaa56a4000 	C:\WINDOWS\System32\KERNEL32.DLL
0x00007ffaa4100000 - 0x00007ffaa44ac000 	C:\WINDOWS\System32\KERNELBASE.dll
0x00007ffaa3fe0000 - 0x00007ffaa40f1000 	C:\WINDOWS\System32\ucrtbase.dll
0x00007ffa7c290000 - 0x00007ffa7c2a7000 	c:\Users\rifaa\.vscode\extensions\redhat.java-1.32.0-win32-x64\jre\17.0.11-win32-x86_64\bin\jli.dll
0x00007ffaa56b0000 - 0x00007ffaa585e000 	C:\WINDOWS\System32\USER32.dll
0x00007ffaa3ef0000 - 0x00007ffaa3f16000 	C:\WINDOWS\System32\win32u.dll
0x00007ffaa58f0000 - 0x00007ffaa5919000 	C:\WINDOWS\System32\GDI32.dll
0x00007ffaa44e0000 - 0x00007ffaa45f9000 	C:\WINDOWS\System32\gdi32full.dll
0x00007ffaa46f0000 - 0x00007ffaa478a000 	C:\WINDOWS\System32\msvcp_win.dll
0x00007ffa71cb0000 - 0x00007ffa71ccb000 	c:\Users\rifaa\.vscode\extensions\redhat.java-1.32.0-win32-x64\jre\17.0.11-win32-x86_64\bin\VCRUNTIME140.dll
0x00007ffa8b5c0000 - 0x00007ffa8b853000 	C:\WINDOWS\WinSxS\amd64_microsoft.windows.common-controls_6595b64144ccf1df_6.0.22621.3672_none_2713b9d173822955\COMCTL32.dll
0x00007ffaa5ac0000 - 0x00007ffaa5b67000 	C:\WINDOWS\System32\msvcrt.dll
0x00007ffaa55a0000 - 0x00007ffaa55d1000 	C:\WINDOWS\System32\IMM32.DLL
0x00007ffaa0190000 - 0x00007ffaa019c000 	c:\Users\rifaa\.vscode\extensions\redhat.java-1.32.0-win32-x64\jre\17.0.11-win32-x86_64\bin\vcruntime140_1.dll
0x00007ffa27bc0000 - 0x00007ffa27c4d000 	c:\Users\rifaa\.vscode\extensions\redhat.java-1.32.0-win32-x64\jre\17.0.11-win32-x86_64\bin\msvcp140.dll
0x00007ffa07130000 - 0x00007ffa07d92000 	c:\Users\rifaa\.vscode\extensions\redhat.java-1.32.0-win32-x64\jre\17.0.11-win32-x86_64\bin\server\jvm.dll
0x00007ffaa4cd0000 - 0x00007ffaa4d82000 	C:\WINDOWS\System32\ADVAPI32.dll
0x00007ffaa4b70000 - 0x00007ffaa4c1a000 	C:\WINDOWS\System32\sechost.dll
0x00007ffaa44b0000 - 0x00007ffaa44d8000 	C:\WINDOWS\System32\bcrypt.dll
0x00007ffaa5920000 - 0x00007ffaa5a35000 	C:\WINDOWS\System32\RPCRT4.dll
0x00007ffaa3c40000 - 0x00007ffaa3c8d000 	C:\WINDOWS\SYSTEM32\POWRPROF.dll
0x00007ffaa02d0000 - 0x00007ffaa02d9000 	C:\WINDOWS\SYSTEM32\WSOCK32.dll
0x00007ffaa5370000 - 0x00007ffaa53e1000 	C:\WINDOWS\System32\WS2_32.dll
0x00007ffa9f890000 - 0x00007ffa9f8c4000 	C:\WINDOWS\SYSTEM32\WINMM.dll
0x00007ffa9cf90000 - 0x00007ffa9cf9a000 	C:\WINDOWS\SYSTEM32\VERSION.dll
0x00007ffaa3c20000 - 0x00007ffaa3c33000 	C:\WINDOWS\SYSTEM32\UMPDC.dll
0x00007ffaa2db0000 - 0x00007ffaa2dc8000 	C:\WINDOWS\SYSTEM32\kernel.appcore.dll
0x00007ffa8c610000 - 0x00007ffa8c61a000 	c:\Users\rifaa\.vscode\extensions\redhat.java-1.32.0-win32-x64\jre\17.0.11-win32-x86_64\bin\jimage.dll
0x00007ffaa16f0000 - 0x00007ffaa1922000 	C:\WINDOWS\SYSTEM32\DBGHELP.DLL
0x00007ffaa4fe0000 - 0x00007ffaa5368000 	C:\WINDOWS\System32\combase.dll
0x00007ffaa4d90000 - 0x00007ffaa4e67000 	C:\WINDOWS\System32\OLEAUT32.dll
0x00007ffa8a1b0000 - 0x00007ffa8a1e2000 	C:\WINDOWS\SYSTEM32\dbgcore.DLL
0x00007ffaa4600000 - 0x00007ffaa467b000 	C:\WINDOWS\System32\bcryptPrimitives.dll
0x00007ffa8c600000 - 0x00007ffa8c60e000 	c:\Users\rifaa\.vscode\extensions\redhat.java-1.32.0-win32-x64\jre\17.0.11-win32-x86_64\bin\instrument.dll
0x00007ffa57270000 - 0x00007ffa57295000 	c:\Users\rifaa\.vscode\extensions\redhat.java-1.32.0-win32-x64\jre\17.0.11-win32-x86_64\bin\java.dll
0x00007ffa4f8a0000 - 0x00007ffa4f8b8000 	c:\Users\rifaa\.vscode\extensions\redhat.java-1.32.0-win32-x64\jre\17.0.11-win32-x86_64\bin\zip.dll
0x00007ffaa5bc0000 - 0x00007ffaa641c000 	C:\WINDOWS\System32\SHELL32.dll
0x00007ffaa1cd0000 - 0x00007ffaa25c7000 	C:\WINDOWS\SYSTEM32\windows.storage.dll
0x00007ffaa1b90000 - 0x00007ffaa1ccf000 	C:\WINDOWS\SYSTEM32\wintypes.dll
0x00007ffaa47c0000 - 0x00007ffaa48b4000 	C:\WINDOWS\System32\SHCORE.dll
0x00007ffaa5870000 - 0x00007ffaa58ce000 	C:\WINDOWS\System32\shlwapi.dll
0x00007ffaa3cb0000 - 0x00007ffaa3cd1000 	C:\WINDOWS\SYSTEM32\profapi.dll
0x00007ffa4f0f0000 - 0x00007ffa4f109000 	C:\Users\rifaa\.vscode\extensions\redhat.java-1.32.0-win32-x64\jre\17.0.11-win32-x86_64\bin\net.dll
0x00007ffaa05c0000 - 0x00007ffaa06f6000 	C:\WINDOWS\SYSTEM32\WINHTTP.dll
0x00007ffaa3220000 - 0x00007ffaa3289000 	C:\WINDOWS\system32\mswsock.dll
0x00007ffa49a50000 - 0x00007ffa49a66000 	C:\Users\rifaa\.vscode\extensions\redhat.java-1.32.0-win32-x64\jre\17.0.11-win32-x86_64\bin\nio.dll
0x00007ffa7e190000 - 0x00007ffa7e1a0000 	c:\Users\rifaa\.vscode\extensions\redhat.java-1.32.0-win32-x64\jre\17.0.11-win32-x86_64\bin\verify.dll
0x00007ffa459c0000 - 0x00007ffa45a04000 	C:\Users\rifaa\AppData\Roaming\Code\User\globalStorage\redhat.java\1.32.0\config_win\org.eclipse.equinox.launcher\org.eclipse.equinox.launcher.win32.win32.x86_64_1.2.1100.v20240613-2013\eclipse_11903.dll
0x00007ffaa53f0000 - 0x00007ffaa5595000 	C:\WINDOWS\System32\ole32.dll
0x00007ffaa3490000 - 0x00007ffaa34ab000 	C:\WINDOWS\SYSTEM32\CRYPTSP.dll
0x00007ffaa2d10000 - 0x00007ffaa2d45000 	C:\WINDOWS\system32\rsaenh.dll
0x00007ffaa3320000 - 0x00007ffaa3348000 	C:\WINDOWS\SYSTEM32\USERENV.dll
0x00007ffaa3480000 - 0x00007ffaa348c000 	C:\WINDOWS\SYSTEM32\CRYPTBASE.dll
0x00007ffaa2870000 - 0x00007ffaa289d000 	C:\WINDOWS\SYSTEM32\IPHLPAPI.DLL
0x00007ffaa47b0000 - 0x00007ffaa47b9000 	C:\WINDOWS\System32\NSI.dll
0x00007ffaa07b0000 - 0x00007ffaa07c9000 	C:\WINDOWS\SYSTEM32\dhcpcsvc6.DLL
0x00007ffaa0790000 - 0x00007ffaa07af000 	C:\WINDOWS\SYSTEM32\dhcpcsvc.DLL
0x00007ffaa28f0000 - 0x00007ffaa29e8000 	C:\WINDOWS\SYSTEM32\DNSAPI.dll
0x00007ffa65710000 - 0x00007ffa65755000 	C:\Users\rifaa\AppData\Local\Temp\jna-108510575\jna14906652737385254082.dll
0x00007ffaa4fd0000 - 0x00007ffaa4fd8000 	C:\WINDOWS\System32\PSAPI.DLL

dbghelp: loaded successfully - version: 4.0.5 - missing functions: none
symbol engine: initialized successfully - sym options: 0x614 - pdb path: .;c:\Users\rifaa\.vscode\extensions\redhat.java-1.32.0-win32-x64\jre\17.0.11-win32-x86_64\bin;C:\WINDOWS\SYSTEM32;C:\WINDOWS\WinSxS\amd64_microsoft.windows.common-controls_6595b64144ccf1df_6.0.22621.3672_none_2713b9d173822955;c:\Users\rifaa\.vscode\extensions\redhat.java-1.32.0-win32-x64\jre\17.0.11-win32-x86_64\bin\server;C:\Users\rifaa\AppData\Roaming\Code\User\globalStorage\redhat.java\1.32.0\config_win\org.eclipse.equinox.launcher\org.eclipse.equinox.launcher.win32.win32.x86_64_1.2.1100.v20240613-2013;C:\Users\rifaa\AppData\Local\Temp\jna-108510575

VM Arguments:
jvm_args: --add-modules=ALL-SYSTEM --add-opens=java.base/java.util=ALL-UNNAMED --add-opens=java.base/java.lang=ALL-UNNAMED --add-opens=java.base/sun.nio.fs=ALL-UNNAMED -Declipse.application=org.eclipse.jdt.ls.core.id1 -Dosgi.bundles.defaultStartLevel=4 -Declipse.product=org.eclipse.jdt.ls.core.product -Djava.import.generatesMetadataFilesAtProjectRoot=false -DDetectVMInstallationsJob.disabled=true -Dfile.encoding=utf8 -XX:+UseParallelGC -XX:GCTimeRatio=4 -XX:AdaptiveSizePolicyWeight=90 -Dsun.zip.disableMemoryMapping=true -Xmx1G -Xms100m -Xlog:disable -javaagent:c:\Users\rifaa\.vscode\extensions\redhat.java-1.32.0-win32-x64\lombok\lombok-1.18.33.jar -XX:+HeapDumpOnOutOfMemoryError -XX:HeapDumpPath=c:\Users\rifaa\AppData\Roaming\Code\User\workspaceStorage\eff9e2248ba5da2af1d37f4b9032435e\redhat.java -Daether.dependencyCollector.impl=bf 
java_command: c:\Users\rifaa\.vscode\extensions\redhat.java-1.32.0-win32-x64\server\plugins\org.eclipse.equinox.launcher_1.6.900.v20240613-2009.jar -configuration c:\Users\rifaa\AppData\Roaming\Code\User\globalStorage\redhat.java\1.32.0\config_win -data c:\Users\rifaa\AppData\Roaming\Code\User\workspaceStorage\eff9e2248ba5da2af1d37f4b9032435e\redhat.java\jdt_ws --pipe=\\.\pipe\lsp-0c5f47ad33f2677fbcea0b4167052ba2-sock
java_class_path (initial): c:\Users\rifaa\.vscode\extensions\redhat.java-1.32.0-win32-x64\server\plugins\org.eclipse.equinox.launcher_1.6.900.v20240613-2009.jar
Launcher Type: SUN_STANDARD

[Global flags]
    uintx AdaptiveSizePolicyWeight                 = 90                                        {product} {command line}
     intx CICompilerCount                          = 3                                         {product} {ergonomic}
    uintx GCTimeRatio                              = 4                                         {product} {command line}
     bool HeapDumpOnOutOfMemoryError               = true                                   {manageable} {command line}
    ccstr HeapDumpPath                             = c:\Users\rifaa\AppData\Roaming\Code\User\workspaceStorage\eff9e2248ba5da2af1d37f4b9032435e\redhat.java         {manageable} {command line}
   size_t InitialHeapSize                          = 104857600                                 {product} {command line}
   size_t MaxHeapSize                              = 1073741824                                {product} {command line}
   size_t MaxNewSize                               = 357564416                                 {product} {ergonomic}
   size_t MinHeapDeltaBytes                        = 524288                                    {product} {ergonomic}
   size_t MinHeapSize                              = 104857600                                 {product} {command line}
   size_t NewSize                                  = 34603008                                  {product} {ergonomic}
    uintx NonNMethodCodeHeapSize                   = 5832780                                {pd product} {ergonomic}
    uintx NonProfiledCodeHeapSize                  = 122912730                              {pd product} {ergonomic}
   size_t OldSize                                  = 70254592                                  {product} {ergonomic}
    uintx ProfiledCodeHeapSize                     = 122912730                              {pd product} {ergonomic}
    uintx ReservedCodeCacheSize                    = 251658240                              {pd product} {ergonomic}
     bool SegmentedCodeCache                       = true                                      {product} {ergonomic}
   size_t SoftMaxHeapSize                          = 1073741824                             {manageable} {ergonomic}
     bool UseCompressedClassPointers               = true                           {product lp64_product} {ergonomic}
     bool UseCompressedOops                        = true                           {product lp64_product} {ergonomic}
     bool UseLargePagesIndividualAllocation        = false                                  {pd product} {ergonomic}
     bool UseParallelGC                            = true                                      {product} {command line}

Logging:
Log output configuration:
 #0: stdout all=off uptime,level,tags
 #1: stderr all=off uptime,level,tags

Environment Variables:
PATH=C:\Users\rifaa\bin;C:\Program Files\Git\mingw64\bin;C:\Program Files\Git\usr\local\bin;C:\Program Files\Git\usr\bin;C:\Program Files\Git\usr\bin;C:\Program Files\Git\mingw64\bin;C:\Program Files\Git\usr\bin;C:\Users\rifaa\bin;C:\Program Files\Common Files\Oracle\Java\javapath;C:\WINDOWS\system32;C:\WINDOWS;C:\WINDOWS\System32\Wbem;C:\WINDOWS\System32\WindowsPowerShell\v1.0;C:\WINDOWS\System32\OpenSSH;C:\Program Files\Java\jdk-17\bin;C:\Users\rifaa\Downloads\apache-maven-3.9.7\bin;C:\Program Files\Git\cmd;C:\Program Files\nodejs;C:\Users\rifaa\AppData\Local\Microsoft\WindowsApps;C:\Users\rifaa\AppData\Local\Programs\Microsoft VS Code\bin;C:\Users\rifaa\AppData\Roaming\npm;C:\Program Files\Git\usr\bin\vendor_perl;C:\Program Files\Git\usr\bin\core_perl
USERNAME=rifaa
SHELL=C:\Program Files\Git\usr\bin\bash.exe
DISPLAY=needs-to-be-defined
LC_CTYPE=en_US.UTF-8
TERM=xterm
TMPDIR=C:\Users\rifaa\AppData\Local\Temp
OS=Windows_NT
PROCESSOR_IDENTIFIER=Intel64 Family 6 Model 126 Stepping 5, GenuineIntel
TMP=C:\Users\rifaa\AppData\Local\Temp
TEMP=C:\Users\rifaa\AppData\Local\Temp



Periodic native trim disabled


---------------  S Y S T E M  ---------------

OS:
 Windows 11 , 64 bit Build 22621 (10.0.22621.3672)
OS uptime: 0 days 21:34 hours

CPU: total 4 (initial active 4) (2 cores per cpu, 2 threads per core) family 6 model 126 stepping 5 microcode 0xa0, cx8, cmov, fxsr, ht, mmx, 3dnowpref, sse, sse2, sse3, ssse3, sse4.1, sse4.2, popcnt, lzcnt, tsc, tscinvbit, avx, avx2, aes, erms, clmul, bmi1, bmi2, adx, avx512f, avx512dq, avx512cd, avx512bw, avx512vl, sha, fma, vzeroupper, avx512_vpopcntdq, avx512_vpclmulqdq, avx512_vaes, avx512_vnni, clflush, clflushopt, avx512_vbmi2, avx512_vbmi
Processor Information for all 4 processors :
  Max Mhz: 1201, Current Mhz: 1201, Mhz Limit: 1201

Memory: 4k page, system-wide physical 3902M (160M free)
TotalPageFile size 15678M (AvailPageFile size 1M)
current process WorkingSet (physical memory assigned to process): 215M, peak: 215M
current process commit charge ("private bytes"): 278M, peak: 279M

vm_info: OpenJDK 64-Bit Server VM (17.0.11+9) for windows-amd64 JRE (17.0.11+9), built on Apr 17 2024 06:07:48 by "admin" with MS VC++ 16.10 / 16.11 (VS2019)

END.
