#
# There is insufficient memory for the Java Runtime Environment to continue.
# Native memory allocation (malloc) failed to allocate 2097152 bytes. Error detail: AllocateHeap
# Possible reasons:
#   The system is out of physical RAM or swap space
#   This process is running with CompressedOops enabled, and the Java Heap may be blocking the growth of the native heap
# Possible solutions:
#   Reduce memory load on the system
#   Increase physical memory or swap space
#   Check if swap backing store is full
#   Decrease Java heap size (-Xmx/-Xms)
#   Decrease number of Java threads
#   Decrease Java thread stack sizes (-Xss)
#   Set larger code cache with -XX:ReservedCodeCacheSize=
#   JVM is running with Unscaled Compressed Oops mode in which the Java heap is
#     placed in the first 4GB address space. The Java Heap base address is the
#     maximum limit for the native heap growth. Please use -XX:HeapBaseMinAddress
#     to set the Java Heap base and to place the Java Heap above 4GB virtual address.
# This output file may be truncated or incomplete.
#
#  Out of Memory Error (allocation.cpp:44), pid=23352, tid=20396
#
# JRE version: OpenJDK Runtime Environment Temurin-17.0.11+9 (17.0.11+9) (build 17.0.11+9)
# Java VM: OpenJDK 64-Bit Server VM Temurin-17.0.11+9 (17.0.11+9, mixed mode, emulated-client, tiered, compressed oops, compressed class ptrs, g1 gc, windows-amd64)
# No core dump will be written. Minidumps are not enabled by default on client versions of Windows
#

---------------  S U M M A R Y ------------

Command Line: -Xmx1024m -Dsts.lsp.client=vscode -Dsts.log.file=/dev/null -XX:TieredStopAtLevel=1 -Xlog:jni+resolve=off -Dspring.config.location=file:c:\Users\rifaa\.vscode\extensions\vmware.vscode-spring-boot-1.55.1\language-server\BOOT-INF\classes\application.properties org.springframework.ide.vscode.boot.app.BootLanguageServerBootApp

Host: Intel(R) Core(TM) i3-1005G1 CPU @ 1.20GHz, 4 cores, 3G,  Windows 11 , 64 bit Build 22621 (10.0.22621.3672)
Time: Sun Jul  7 12:44:34 2024 SE Asia Standard Time elapsed time: 25031.601242 seconds (0d 6h 57m 11s)

---------------  T H R E A D  ---------------

Current thread (0x0000027fff920ad0):  VMThread "VM Thread" [stack: 0x000000fa4d100000,0x000000fa4d200000] [id=20396]

Stack: [0x000000fa4d100000,0x000000fa4d200000]
Native frames: (J=compiled Java code, j=interpreted, Vv=VM code, C=native code)
V  [jvm.dll+0x67d429]
V  [jvm.dll+0x834b7a]
V  [jvm.dll+0x83663e]
V  [jvm.dll+0x836ca3]
V  [jvm.dll+0x247dbf]
V  [jvm.dll+0xa6cb3]
V  [jvm.dll+0x2f8b61]
V  [jvm.dll+0x2f4750]
V  [jvm.dll+0x2dcf67]
V  [jvm.dll+0x31fb67]
V  [jvm.dll+0x83b19b]
V  [jvm.dll+0x83bed2]
V  [jvm.dll+0x83c3ed]
V  [jvm.dll+0x83c7c4]
V  [jvm.dll+0x83c890]
V  [jvm.dll+0x7e410a]
V  [jvm.dll+0x67c315]
C  [ucrtbase.dll+0x29333]
C  [KERNEL32.DLL+0x1257d]
C  [ntdll.dll+0x5af28]

VM_Operation (0x000000fa4e1fed50): G1CollectFull, mode: safepoint, requested by thread 0x0000027f871a00a0


---------------  P R O C E S S  ---------------

Threads class SMR info:
_java_thread_list=0x0000027f87438150, length=23, elements={
0x0000027fff938380, 0x0000027fff938e50, 0x0000027fff977130, 0x0000027fff977c00,
0x0000027fff97a4e0, 0x0000027fff97cdc0, 0x0000027fff97fb50, 0x0000027fff9813e0,
0x0000027fffc800b0, 0x0000027fffc9d010, 0x0000027f86e55ac0, 0x0000027f871a00a0,
0x0000027f873480d0, 0x0000027ff73eb3b0, 0x0000027f870d6060, 0x0000027f873b32a0,
0x0000027f871f6020, 0x0000027f871f6500, 0x0000027f86846c30, 0x0000027f871464f0,
0x0000027f87146a00, 0x0000027f871450b0, 0x0000027f871455c0
}

Java Threads: ( => current thread )
  0x0000027fff938380 JavaThread "Reference Handler" daemon [_thread_blocked, id=23188, stack(0x000000fa4d200000,0x000000fa4d300000)]
  0x0000027fff938e50 JavaThread "Finalizer" daemon [_thread_blocked, id=22696, stack(0x000000fa4d300000,0x000000fa4d400000)]
  0x0000027fff977130 JavaThread "Signal Dispatcher" daemon [_thread_blocked, id=4808, stack(0x000000fa4d400000,0x000000fa4d500000)]
  0x0000027fff977c00 JavaThread "Attach Listener" daemon [_thread_blocked, id=6848, stack(0x000000fa4d500000,0x000000fa4d600000)]
  0x0000027fff97a4e0 JavaThread "Service Thread" daemon [_thread_blocked, id=15256, stack(0x000000fa4d600000,0x000000fa4d700000)]
  0x0000027fff97cdc0 JavaThread "Monitor Deflation Thread" daemon [_thread_blocked, id=20560, stack(0x000000fa4d700000,0x000000fa4d800000)]
  0x0000027fff97fb50 JavaThread "C1 CompilerThread0" daemon [_thread_blocked, id=23232, stack(0x000000fa4d800000,0x000000fa4d900000)]
  0x0000027fff9813e0 JavaThread "Sweeper thread" daemon [_thread_blocked, id=19364, stack(0x000000fa4d900000,0x000000fa4da00000)]
  0x0000027fffc800b0 JavaThread "Notification Thread" daemon [_thread_blocked, id=3100, stack(0x000000fa4da00000,0x000000fa4db00000)]
  0x0000027fffc9d010 JavaThread "Common-Cleaner" daemon [_thread_blocked, id=1748, stack(0x000000fa4dc00000,0x000000fa4dd00000)]
  0x0000027f86e55ac0 JavaThread "boundedElastic-evictor-1" daemon [_thread_blocked, id=17472, stack(0x000000fa4e000000,0x000000fa4e100000)]
  0x0000027f871a00a0 JavaThread "pool-13-thread-1" [_thread_blocked, id=21676, stack(0x000000fa4e100000,0x000000fa4e200000)]
  0x0000027f873480d0 JavaThread "LanguageServerApp-lifecycle" [_thread_blocked, id=23508, stack(0x000000fa4e200000,0x000000fa4e300000)]
  0x0000027ff73eb3b0 JavaThread "DestroyJavaVM" [_thread_blocked, id=3160, stack(0x000000fa4cb00000,0x000000fa4cc00000)]
  0x0000027f870d6060 JavaThread "pool-14-thread-1" [_thread_in_native, id=8944, stack(0x000000fa4e300000,0x000000fa4e400000)]
  0x0000027f873b32a0 JavaThread "Simple-Language-Server main thread" daemon [_thread_blocked, id=20912, stack(0x000000fa4e400000,0x000000fa4e500000)]
  0x0000027f871f6020 JavaThread "pool-8-thread-1" [_thread_blocked, id=18164, stack(0x000000fa4e500000,0x000000fa4e600000)]
  0x0000027f871f6500 JavaThread "parallel-1" daemon [_thread_blocked, id=19852, stack(0x000000fa4e600000,0x000000fa4e700000)]
  0x0000027f86846c30 JavaThread "parallel-2" daemon [_thread_blocked, id=2088, stack(0x000000fa4e700000,0x000000fa4e800000)]
  0x0000027f871464f0 JavaThread "parallel-3" daemon [_thread_blocked, id=8752, stack(0x000000fa4e800000,0x000000fa4e900000)]
  0x0000027f87146a00 JavaThread "Reconciler-1" daemon [_thread_blocked, id=22540, stack(0x000000fa4e900000,0x000000fa4ea00000)]
  0x0000027f871450b0 JavaThread "parallel-4" daemon [_thread_blocked, id=15068, stack(0x000000fa4ea00000,0x000000fa4eb00000)]
  0x0000027f871455c0 JavaThread "pool-6-thread-1" [_thread_blocked, id=23008, stack(0x000000fa4eb00000,0x000000fa4ec00000)]

Other Threads:
=>0x0000027fff920ad0 VMThread "VM Thread" [stack: 0x000000fa4d100000,0x000000fa4d200000] [id=20396]
  0x0000027fffc80590 WatcherThread [stack: 0x000000fa4db00000,0x000000fa4dc00000] [id=22532]
  0x0000027ff7428a80 GCTaskThread "GC Thread#0" [stack: 0x000000fa4cc00000,0x000000fa4cd00000] [id=5552]
  0x0000027f86466ad0 GCTaskThread "GC Thread#1" [stack: 0x000000fa4dd00000,0x000000fa4de00000] [id=9964]
  0x0000027f864940c0 GCTaskThread "GC Thread#2" [stack: 0x000000fa4de00000,0x000000fa4df00000] [id=11392]
  0x0000027f868965b0 GCTaskThread "GC Thread#3" [stack: 0x000000fa4df00000,0x000000fa4e000000] [id=22900]
  0x0000027ff74318e0 ConcurrentGCThread "G1 Main Marker" [stack: 0x000000fa4cd00000,0x000000fa4ce00000] [id=20720]
  0x0000027ff7433220 ConcurrentGCThread "G1 Conc#0" [stack: 0x000000fa4ce00000,0x000000fa4cf00000] [id=19008]
  0x0000027ff746f160 ConcurrentGCThread "G1 Refine#0" [stack: 0x000000fa4cf00000,0x000000fa4d000000] [id=10260]
  0x0000027ff746faa0 ConcurrentGCThread "G1 Service" [stack: 0x000000fa4d000000,0x000000fa4d100000] [id=11584]

Threads with active compile tasks:

VM state: at safepoint (normal execution)

VM Mutex/Monitor currently owned by a thread:  ([mutex/lock_event])
[0x0000027ff5217360] Threads_lock - owner thread: 0x0000027fff920ad0
[0x0000027ff73e98d0] Heap_lock - owner thread: 0x0000027f871a00a0

Heap address: 0x00000000c0000000, size: 1024 MB, Compressed Oops mode: 32-bit

CDS archive(s) not mapped
Compressed class space mapped at: 0x0000000100000000-0x0000000140000000, reserved size: 1073741824
Narrow klass base: 0x0000000000000000, Narrow klass shift: 3, Narrow klass range: 0x140000000

GC Precious Log:
 CPUs: 4 total, 4 available
 Memory: 3902M
 Large Page Support: Disabled
 NUMA Support: Disabled
 Compressed Oops: Enabled (32-bit)
 Heap Region Size: 1M
 Heap Min Capacity: 8M
 Heap Initial Capacity: 62M
 Heap Max Capacity: 1G
 Pre-touch: Disabled
 Parallel Workers: 4
 Concurrent Workers: 1
 Concurrent Refinement Workers: 4
 Periodic GC: Disabled

Heap:
 garbage-first heap   total 76800K, used 25158K [0x00000000c0000000, 0x0000000100000000)
  region size 1024K, 1 young (1024K), 0 survivors (0K)
 Metaspace       used 39619K, committed 39936K, reserved 1114112K
  class space    used 5264K, committed 5440K, reserved 1048576K

Heap Regions: E=young(eden), S=young(survivor), O=old, HS=humongous(starts), HC=humongous(continues), CS=collection set, F=free, OA=open archive, CA=closed archive, TAMS=top-at-mark-start (previous, next)
|   0|0x00000000c0000000, 0x00000000c0100000, 0x00000000c0100000|100%|HS|  |TAMS 0x00000000c0100000, 0x00000000c0000000| Untracked 
|   1|0x00000000c0100000, 0x00000000c0200000, 0x00000000c0200000|100%|HC|  |TAMS 0x00000000c0200000, 0x00000000c0100000| Untracked 
|   2|0x00000000c0200000, 0x00000000c0300000, 0x00000000c0300000|100%|HC|  |TAMS 0x00000000c0300000, 0x00000000c0200000| Untracked 
|   3|0x00000000c0300000, 0x00000000c0400000, 0x00000000c0400000|100%|HC|  |TAMS 0x00000000c0400000, 0x00000000c0300000| Untracked 
|   4|0x00000000c0400000, 0x00000000c04f9e60, 0x00000000c0500000| 97%| O|  |TAMS 0x00000000c04f9e60, 0x00000000c0400000| Untracked 
|   5|0x00000000c0500000, 0x00000000c05fe3f8, 0x00000000c0600000| 99%| O|  |TAMS 0x00000000c05fe3f8, 0x00000000c0500000| Untracked 
|   6|0x00000000c0600000, 0x00000000c06fcfc0, 0x00000000c0700000| 98%| O|  |TAMS 0x00000000c06fcfc0, 0x00000000c0600000| Untracked 
|   7|0x00000000c0700000, 0x00000000c0800000, 0x00000000c0800000|100%| O|  |TAMS 0x00000000c0800000, 0x00000000c0700000| Untracked 
|   8|0x00000000c0800000, 0x00000000c0900000, 0x00000000c0900000|100%| O|  |TAMS 0x00000000c0900000, 0x00000000c0800000| Untracked 
|   9|0x00000000c0900000, 0x00000000c0a00000, 0x00000000c0a00000|100%| O|  |TAMS 0x00000000c0a00000, 0x00000000c0900000| Untracked 
|  10|0x00000000c0a00000, 0x00000000c0b00000, 0x00000000c0b00000|100%|HS|  |TAMS 0x00000000c0b00000, 0x00000000c0a00000| Untracked 
|  11|0x00000000c0b00000, 0x00000000c0c00000, 0x00000000c0c00000|100%|HC|  |TAMS 0x00000000c0c00000, 0x00000000c0b00000| Untracked 
|  12|0x00000000c0c00000, 0x00000000c0d00000, 0x00000000c0d00000|100%| O|  |TAMS 0x00000000c0d00000, 0x00000000c0c00000| Untracked 
|  13|0x00000000c0d00000, 0x00000000c0dffff8, 0x00000000c0e00000| 99%| O|  |TAMS 0x00000000c0dffff8, 0x00000000c0d00000| Untracked 
|  14|0x00000000c0e00000, 0x00000000c0efffe8, 0x00000000c0f00000| 99%| O|  |TAMS 0x00000000c0efffe8, 0x00000000c0e00000| Untracked 
|  15|0x00000000c0f00000, 0x00000000c0fffff8, 0x00000000c1000000| 99%| O|  |TAMS 0x00000000c0fffff8, 0x00000000c0f00000| Untracked 
|  16|0x00000000c1000000, 0x00000000c10ffff0, 0x00000000c1100000| 99%| O|  |TAMS 0x00000000c10ffff0, 0x00000000c1000000| Untracked 
|  17|0x00000000c1100000, 0x00000000c11ffff8, 0x00000000c1200000| 99%| O|  |TAMS 0x00000000c11ffff8, 0x00000000c1100000| Untracked 
|  18|0x00000000c1200000, 0x00000000c12ffff0, 0x00000000c1300000| 99%| O|  |TAMS 0x00000000c12ffff0, 0x00000000c1200000| Untracked 
|  19|0x00000000c1300000, 0x00000000c13fffe8, 0x00000000c1400000| 99%| O|  |TAMS 0x00000000c13fffe8, 0x00000000c1300000| Untracked 
|  20|0x00000000c1400000, 0x00000000c14ffff8, 0x00000000c1500000| 99%| O|  |TAMS 0x00000000c14ffff8, 0x00000000c1400000| Untracked 
|  21|0x00000000c1500000, 0x00000000c15ffff0, 0x00000000c1600000| 99%| O|  |TAMS 0x00000000c15ffff0, 0x00000000c1500000| Untracked 
|  22|0x00000000c1600000, 0x00000000c1700000, 0x00000000c1700000|100%| O|  |TAMS 0x00000000c1700000, 0x00000000c1600000| Untracked 
|  23|0x00000000c1700000, 0x00000000c179c9f8, 0x00000000c1800000| 61%| O|  |TAMS 0x00000000c1700000, 0x00000000c1700000| Untracked 
|  24|0x00000000c1800000, 0x00000000c18fffe0, 0x00000000c1900000| 99%| O|  |TAMS 0x00000000c18fffe0, 0x00000000c1800000| Untracked 
|  25|0x00000000c1900000, 0x00000000c1900000, 0x00000000c1a00000|  0%| F|  |TAMS 0x00000000c1900000, 0x00000000c1900000| Untracked 
|  26|0x00000000c1a00000, 0x00000000c1a00000, 0x00000000c1b00000|  0%| F|  |TAMS 0x00000000c1a00000, 0x00000000c1a00000| Untracked 
|  27|0x00000000c1b00000, 0x00000000c1b00000, 0x00000000c1c00000|  0%| F|  |TAMS 0x00000000c1b00000, 0x00000000c1b00000| Untracked 
|  28|0x00000000c1c00000, 0x00000000c1c00000, 0x00000000c1d00000|  0%| F|  |TAMS 0x00000000c1c00000, 0x00000000c1c00000| Untracked 
|  29|0x00000000c1d00000, 0x00000000c1d00000, 0x00000000c1e00000|  0%| F|  |TAMS 0x00000000c1d00000, 0x00000000c1d00000| Untracked 
|  30|0x00000000c1e00000, 0x00000000c1e00000, 0x00000000c1f00000|  0%| F|  |TAMS 0x00000000c1e00000, 0x00000000c1e00000| Untracked 
|  31|0x00000000c1f00000, 0x00000000c1f00000, 0x00000000c2000000|  0%| F|  |TAMS 0x00000000c1f00000, 0x00000000c1f00000| Untracked 
|  32|0x00000000c2000000, 0x00000000c2000000, 0x00000000c2100000|  0%| F|  |TAMS 0x00000000c2000000, 0x00000000c2000000| Untracked 
|  33|0x00000000c2100000, 0x00000000c2100000, 0x00000000c2200000|  0%| F|  |TAMS 0x00000000c2100000, 0x00000000c2100000| Untracked 
|  34|0x00000000c2200000, 0x00000000c2200000, 0x00000000c2300000|  0%| F|  |TAMS 0x00000000c2200000, 0x00000000c2200000| Untracked 
|  35|0x00000000c2300000, 0x00000000c2300000, 0x00000000c2400000|  0%| F|  |TAMS 0x00000000c2300000, 0x00000000c2300000| Untracked 
|  36|0x00000000c2400000, 0x00000000c2400000, 0x00000000c2500000|  0%| F|  |TAMS 0x00000000c2400000, 0x00000000c2400000| Untracked 
|  37|0x00000000c2500000, 0x00000000c2500000, 0x00000000c2600000|  0%| F|  |TAMS 0x00000000c2500000, 0x00000000c2500000| Untracked 
|  38|0x00000000c2600000, 0x00000000c2600000, 0x00000000c2700000|  0%| F|  |TAMS 0x00000000c2600000, 0x00000000c2600000| Untracked 
|  39|0x00000000c2700000, 0x00000000c2700000, 0x00000000c2800000|  0%| F|  |TAMS 0x00000000c2700000, 0x00000000c2700000| Untracked 
|  40|0x00000000c2800000, 0x00000000c2800000, 0x00000000c2900000|  0%| F|  |TAMS 0x00000000c2800000, 0x00000000c2800000| Untracked 
|  41|0x00000000c2900000, 0x00000000c2900000, 0x00000000c2a00000|  0%| F|  |TAMS 0x00000000c2900000, 0x00000000c2900000| Untracked 
|  42|0x00000000c2a00000, 0x00000000c2a00000, 0x00000000c2b00000|  0%| F|  |TAMS 0x00000000c2a00000, 0x00000000c2a00000| Untracked 
|  43|0x00000000c2b00000, 0x00000000c2b00000, 0x00000000c2c00000|  0%| F|  |TAMS 0x00000000c2b00000, 0x00000000c2b00000| Untracked 
|  44|0x00000000c2c00000, 0x00000000c2c00000, 0x00000000c2d00000|  0%| F|  |TAMS 0x00000000c2c00000, 0x00000000c2c00000| Untracked 
|  45|0x00000000c2d00000, 0x00000000c2d00000, 0x00000000c2e00000|  0%| F|  |TAMS 0x00000000c2d00000, 0x00000000c2d00000| Untracked 
|  46|0x00000000c2e00000, 0x00000000c2e00000, 0x00000000c2f00000|  0%| F|  |TAMS 0x00000000c2e00000, 0x00000000c2e00000| Untracked 
|  47|0x00000000c2f00000, 0x00000000c2f00000, 0x00000000c3000000|  0%| F|  |TAMS 0x00000000c2f00000, 0x00000000c2f00000| Untracked 
|  48|0x00000000c3000000, 0x00000000c3000000, 0x00000000c3100000|  0%| F|  |TAMS 0x00000000c3000000, 0x00000000c3000000| Untracked 
|  49|0x00000000c3100000, 0x00000000c3100000, 0x00000000c3200000|  0%| F|  |TAMS 0x00000000c3100000, 0x00000000c3100000| Untracked 
|  50|0x00000000c3200000, 0x00000000c3200000, 0x00000000c3300000|  0%| F|  |TAMS 0x00000000c3200000, 0x00000000c3200000| Untracked 
|  51|0x00000000c3300000, 0x00000000c3300000, 0x00000000c3400000|  0%| F|  |TAMS 0x00000000c3300000, 0x00000000c3300000| Untracked 
|  52|0x00000000c3400000, 0x00000000c3400000, 0x00000000c3500000|  0%| F|  |TAMS 0x00000000c3400000, 0x00000000c3400000| Untracked 
|  53|0x00000000c3500000, 0x00000000c3500000, 0x00000000c3600000|  0%| F|  |TAMS 0x00000000c3500000, 0x00000000c3500000| Untracked 
|  54|0x00000000c3600000, 0x00000000c3600000, 0x00000000c3700000|  0%| F|  |TAMS 0x00000000c3600000, 0x00000000c3600000| Untracked 
|  55|0x00000000c3700000, 0x00000000c3700000, 0x00000000c3800000|  0%| F|  |TAMS 0x00000000c3700000, 0x00000000c3700000| Untracked 
|  56|0x00000000c3800000, 0x00000000c3800000, 0x00000000c3900000|  0%| F|  |TAMS 0x00000000c3800000, 0x00000000c3800000| Untracked 
|  57|0x00000000c3900000, 0x00000000c3900000, 0x00000000c3a00000|  0%| F|  |TAMS 0x00000000c3900000, 0x00000000c3900000| Untracked 
|  58|0x00000000c3a00000, 0x00000000c3a00000, 0x00000000c3b00000|  0%| F|  |TAMS 0x00000000c3a00000, 0x00000000c3a00000| Untracked 
|  59|0x00000000c3b00000, 0x00000000c3b00000, 0x00000000c3c00000|  0%| F|  |TAMS 0x00000000c3b00000, 0x00000000c3b00000| Untracked 
|  60|0x00000000c3c00000, 0x00000000c3c00000, 0x00000000c3d00000|  0%| F|  |TAMS 0x00000000c3c00000, 0x00000000c3c00000| Untracked 
|  61|0x00000000c3d00000, 0x00000000c3d00000, 0x00000000c3e00000|  0%| F|  |TAMS 0x00000000c3d00000, 0x00000000c3d00000| Untracked 
|  62|0x00000000c3e00000, 0x00000000c3e00000, 0x00000000c3f00000|  0%| F|  |TAMS 0x00000000c3e00000, 0x00000000c3e00000| Untracked 
|  63|0x00000000c3f00000, 0x00000000c3f00000, 0x00000000c4000000|  0%| F|  |TAMS 0x00000000c3f00000, 0x00000000c3f00000| Untracked 
|  64|0x00000000c4000000, 0x00000000c4000000, 0x00000000c4100000|  0%| F|  |TAMS 0x00000000c4000000, 0x00000000c4000000| Untracked 
|  65|0x00000000c4100000, 0x00000000c4100000, 0x00000000c4200000|  0%| F|  |TAMS 0x00000000c4100000, 0x00000000c4100000| Untracked 
|  66|0x00000000c4200000, 0x00000000c4200000, 0x00000000c4300000|  0%| F|  |TAMS 0x00000000c4200000, 0x00000000c4200000| Untracked 
|  67|0x00000000c4300000, 0x00000000c4300000, 0x00000000c4400000|  0%| F|  |TAMS 0x00000000c4300000, 0x00000000c4300000| Untracked 
|  68|0x00000000c4400000, 0x00000000c4400000, 0x00000000c4500000|  0%| F|  |TAMS 0x00000000c4400000, 0x00000000c4400000| Untracked 
|  69|0x00000000c4500000, 0x00000000c4500000, 0x00000000c4600000|  0%| F|  |TAMS 0x00000000c4500000, 0x00000000c4500000| Untracked 
|  70|0x00000000c4600000, 0x00000000c4600000, 0x00000000c4700000|  0%| F|  |TAMS 0x00000000c4600000, 0x00000000c4600000| Untracked 
|  71|0x00000000c4700000, 0x00000000c4700000, 0x00000000c4800000|  0%| F|  |TAMS 0x00000000c4700000, 0x00000000c4700000| Untracked 
|  72|0x00000000c4800000, 0x00000000c4800000, 0x00000000c4900000|  0%| F|  |TAMS 0x00000000c4800000, 0x00000000c4800000| Untracked 
|  73|0x00000000c4900000, 0x00000000c4900000, 0x00000000c4a00000|  0%| F|  |TAMS 0x00000000c4900000, 0x00000000c4900000| Untracked 
|  74|0x00000000c4a00000, 0x00000000c4a09958, 0x00000000c4b00000|  3%| E|  |TAMS 0x00000000c4a00000, 0x00000000c4a00000| Complete 

Card table byte_map: [0x0000027ffd070000,0x0000027ffd270000] _byte_map_base: 0x0000027ffca70000

Marking Bits (Prev, Next): (CMBitMap*) 0x0000027ff7428fb0, (CMBitMap*) 0x0000027ff7428ff0
 Prev Bits: [0x0000027ffd470000, 0x0000027ffe470000)
 Next Bits: [0x0000027ffe470000, 0x0000027fff470000)

Polling page: 0x0000027ff5560000

Metaspace:

Usage:
  Non-class:     33.55 MB used.
      Class:      5.14 MB used.
       Both:     38.69 MB used.

Virtual space:
  Non-class space:       64.00 MB reserved,      33.69 MB ( 53%) committed,  1 nodes.
      Class space:        1.00 GB reserved,       5.31 MB ( <1%) committed,  1 nodes.
             Both:        1.06 GB reserved,      39.00 MB (  4%) committed. 

Chunk freelists:
   Non-Class:  14.00 MB
       Class:  10.66 MB
        Both:  24.66 MB

MaxMetaspaceSize: unlimited
CompressedClassSpaceSize: 1.00 GB
Initial GC threshold: 21.00 MB
Current GC threshold: 64.94 MB
CDS: off
MetaspaceReclaimPolicy: balanced
 - commit_granule_bytes: 65536.
 - commit_granule_words: 8192.
 - virtual_space_node_default_size: 8388608.
 - enlarge_chunks_in_place: 1.
 - new_chunks_are_fully_committed: 0.
 - uncommit_free_chunks: 1.
 - use_allocation_guard: 0.
 - handle_deallocations: 1.


Internal statistics:

num_allocs_failed_limit: 6.
num_arena_births: 604.
num_arena_deaths: 184.
num_vsnodes_births: 2.
num_vsnodes_deaths: 0.
num_space_committed: 624.
num_space_uncommitted: 0.
num_chunks_returned_to_freelist: 210.
num_chunks_taken_from_freelist: 1862.
num_chunk_merges: 60.
num_chunk_splits: 1200.
num_chunks_enlarged: 898.
num_inconsistent_stats: 0.

CodeCache: size=49152Kb used=8121Kb max_used=8610Kb free=41030Kb
 bounds [0x0000027ffa070000, 0x0000027ffa8e0000, 0x0000027ffd070000]
 total_blobs=5015 nmethods=4469 adapters=473
 compilation: enabled
              stopped_count=0, restarted_count=0
 full_count=0

Compilation events (20 events):
Event: 19045.473 Thread 0x0000027fff97fb50 4512       1       java.lang.invoke.LambdaForm$DMH/0x0000000100259800::newInvokeSpecial (32 bytes)
Event: 19045.476 Thread 0x0000027fff97fb50 nmethod 4512 0x0000027ffa89f010 code [0x0000027ffa89f1c0, 0x0000027ffa89f388]
Event: 19046.424 Thread 0x0000027fff97fb50 4513       1       java.util.concurrent.atomic.AtomicLong::getAndIncrement (12 bytes)
Event: 19046.424 Thread 0x0000027fff97fb50 nmethod 4513 0x0000027ffa89ed10 code [0x0000027ffa89eea0, 0x0000027ffa89ef78]
Event: 19049.922 Thread 0x0000027fff97fb50 4514       1       com.google.common.collect.Iterators::forArray (51 bytes)
Event: 19049.932 Thread 0x0000027fff97fb50 nmethod 4514 0x0000027ffa89e410 code [0x0000027ffa89e600, 0x0000027ffa89ea98]
Event: 19049.932 Thread 0x0000027fff97fb50 4515       1       com.google.common.base.Preconditions::checkPositionIndexes (29 bytes)
Event: 19049.932 Thread 0x0000027fff97fb50 nmethod 4515 0x0000027ffa89e010 code [0x0000027ffa89e1c0, 0x0000027ffa89e338]
Event: 19051.177 Thread 0x0000027fff97fb50 4516       1       com.google.common.collect.ImmutableList::iterator (5 bytes)
Event: 19051.178 Thread 0x0000027fff97fb50 nmethod 4516 0x0000027ffa89dd10 code [0x0000027ffa89dea0, 0x0000027ffa89df88]
Event: 19051.179 Thread 0x0000027fff97fb50 4517       1       com.google.common.collect.ImmutableList::iterator (5 bytes)
Event: 19051.179 Thread 0x0000027fff97fb50 nmethod 4517 0x0000027ffa89da10 code [0x0000027ffa89dba0, 0x0000027ffa89dc88]
Event: 19051.179 Thread 0x0000027fff97fb50 4518       1       com.google.common.collect.ImmutableList::listIterator (6 bytes)
Event: 19051.179 Thread 0x0000027fff97fb50 nmethod 4518 0x0000027ffa89d710 code [0x0000027ffa89d8a0, 0x0000027ffa89d988]
Event: 19051.179 Thread 0x0000027fff97fb50 4519       1       com.google.common.collect.RegularImmutableList::listIterator (15 bytes)
Event: 19051.179 Thread 0x0000027fff97fb50 nmethod 4519 0x0000027ffa89d390 code [0x0000027ffa89d520, 0x0000027ffa89d608]
Event: 19083.690 Thread 0x0000027fff97fb50 4520       1       java.util.logging.Level::intValue (5 bytes)
Event: 19083.703 Thread 0x0000027fff97fb50 nmethod 4520 0x0000027ffa89d090 code [0x0000027ffa89d220, 0x0000027ffa89d2f8]
Event: 19083.744 Thread 0x0000027fff97fb50 4521       1       org.springframework.context.support.AbstractApplicationContext::assertBeanFactoryActive (55 bytes)
Event: 19083.791 Thread 0x0000027fff97fb50 nmethod 4521 0x0000027ffa89ca10 code [0x0000027ffa89cbe0, 0x0000027ffa89ce98]

GC Heap History (20 events):
Event: 24895.735 GC heap before
{Heap before GC invocations=1191 (full 1172):
 garbage-first heap   total 76800K, used 25144K [0x00000000c0000000, 0x0000000100000000)
  region size 1024K, 1 young (1024K), 0 survivors (0K)
 Metaspace       used 39595K, committed 39936K, reserved 1114112K
  class space    used 5260K, committed 5440K, reserved 1048576K
}
Event: 24895.763 GC heap after
{Heap after GC invocations=1192 (full 1173):
 garbage-first heap   total 76800K, used 25144K [0x00000000c0000000, 0x0000000100000000)
  region size 1024K, 0 young (0K), 0 survivors (0K)
 Metaspace       used 39595K, committed 39936K, reserved 1114112K
  class space    used 5260K, committed 5440K, reserved 1048576K
}
Event: 24906.636 GC heap before
{Heap before GC invocations=1192 (full 1173):
 garbage-first heap   total 76800K, used 25144K [0x00000000c0000000, 0x0000000100000000)
  region size 1024K, 1 young (1024K), 0 survivors (0K)
 Metaspace       used 39595K, committed 39936K, reserved 1114112K
  class space    used 5260K, committed 5440K, reserved 1048576K
}
Event: 24906.663 GC heap after
{Heap after GC invocations=1193 (full 1174):
 garbage-first heap   total 76800K, used 25144K [0x00000000c0000000, 0x0000000100000000)
  region size 1024K, 0 young (0K), 0 survivors (0K)
 Metaspace       used 39595K, committed 39936K, reserved 1114112K
  class space    used 5260K, committed 5440K, reserved 1048576K
}
Event: 24919.566 GC heap before
{Heap before GC invocations=1193 (full 1174):
 garbage-first heap   total 76800K, used 25144K [0x00000000c0000000, 0x0000000100000000)
  region size 1024K, 1 young (1024K), 0 survivors (0K)
 Metaspace       used 39595K, committed 39936K, reserved 1114112K
  class space    used 5260K, committed 5440K, reserved 1048576K
}
Event: 24919.702 GC heap after
{Heap after GC invocations=1194 (full 1175):
 garbage-first heap   total 76800K, used 25144K [0x00000000c0000000, 0x0000000100000000)
  region size 1024K, 0 young (0K), 0 survivors (0K)
 Metaspace       used 39595K, committed 39936K, reserved 1114112K
  class space    used 5260K, committed 5440K, reserved 1048576K
}
Event: 24933.523 GC heap before
{Heap before GC invocations=1194 (full 1175):
 garbage-first heap   total 76800K, used 25144K [0x00000000c0000000, 0x0000000100000000)
  region size 1024K, 1 young (1024K), 0 survivors (0K)
 Metaspace       used 39595K, committed 39936K, reserved 1114112K
  class space    used 5260K, committed 5440K, reserved 1048576K
}
Event: 24933.768 GC heap after
{Heap after GC invocations=1195 (full 1176):
 garbage-first heap   total 76800K, used 25144K [0x00000000c0000000, 0x0000000100000000)
  region size 1024K, 0 young (0K), 0 survivors (0K)
 Metaspace       used 39595K, committed 39936K, reserved 1114112K
  class space    used 5260K, committed 5440K, reserved 1048576K
}
Event: 24948.508 GC heap before
{Heap before GC invocations=1195 (full 1176):
 garbage-first heap   total 76800K, used 25144K [0x00000000c0000000, 0x0000000100000000)
  region size 1024K, 1 young (1024K), 0 survivors (0K)
 Metaspace       used 39595K, committed 39936K, reserved 1114112K
  class space    used 5260K, committed 5440K, reserved 1048576K
}
Event: 24948.678 GC heap after
{Heap after GC invocations=1196 (full 1177):
 garbage-first heap   total 76800K, used 25144K [0x00000000c0000000, 0x0000000100000000)
  region size 1024K, 0 young (0K), 0 survivors (0K)
 Metaspace       used 39595K, committed 39936K, reserved 1114112K
  class space    used 5260K, committed 5440K, reserved 1048576K
}
Event: 24963.452 GC heap before
{Heap before GC invocations=1196 (full 1177):
 garbage-first heap   total 76800K, used 25144K [0x00000000c0000000, 0x0000000100000000)
  region size 1024K, 1 young (1024K), 0 survivors (0K)
 Metaspace       used 39595K, committed 39936K, reserved 1114112K
  class space    used 5260K, committed 5440K, reserved 1048576K
}
Event: 24963.649 GC heap after
{Heap after GC invocations=1197 (full 1178):
 garbage-first heap   total 76800K, used 25144K [0x00000000c0000000, 0x0000000100000000)
  region size 1024K, 0 young (0K), 0 survivors (0K)
 Metaspace       used 39595K, committed 39936K, reserved 1114112K
  class space    used 5260K, committed 5440K, reserved 1048576K
}
Event: 24985.459 GC heap before
{Heap before GC invocations=1197 (full 1178):
 garbage-first heap   total 76800K, used 25144K [0x00000000c0000000, 0x0000000100000000)
  region size 1024K, 1 young (1024K), 0 survivors (0K)
 Metaspace       used 39619K, committed 39936K, reserved 1114112K
  class space    used 5264K, committed 5440K, reserved 1048576K
}
Event: 24985.867 GC heap after
{Heap after GC invocations=1198 (full 1179):
 garbage-first heap   total 76800K, used 25158K [0x00000000c0000000, 0x0000000100000000)
  region size 1024K, 0 young (0K), 0 survivors (0K)
 Metaspace       used 39619K, committed 39936K, reserved 1114112K
  class space    used 5264K, committed 5440K, reserved 1048576K
}
Event: 24996.259 GC heap before
{Heap before GC invocations=1198 (full 1179):
 garbage-first heap   total 76800K, used 25158K [0x00000000c0000000, 0x0000000100000000)
  region size 1024K, 1 young (1024K), 0 survivors (0K)
 Metaspace       used 39619K, committed 39936K, reserved 1114112K
  class space    used 5264K, committed 5440K, reserved 1048576K
}
Event: 24996.488 GC heap after
{Heap after GC invocations=1199 (full 1180):
 garbage-first heap   total 76800K, used 25158K [0x00000000c0000000, 0x0000000100000000)
  region size 1024K, 0 young (0K), 0 survivors (0K)
 Metaspace       used 39619K, committed 39936K, reserved 1114112K
  class space    used 5264K, committed 5440K, reserved 1048576K
}
Event: 25006.775 GC heap before
{Heap before GC invocations=1199 (full 1180):
 garbage-first heap   total 76800K, used 25158K [0x00000000c0000000, 0x0000000100000000)
  region size 1024K, 1 young (1024K), 0 survivors (0K)
 Metaspace       used 39619K, committed 39936K, reserved 1114112K
  class space    used 5264K, committed 5440K, reserved 1048576K
}
Event: 25006.805 GC heap after
{Heap after GC invocations=1200 (full 1181):
 garbage-first heap   total 76800K, used 25158K [0x00000000c0000000, 0x0000000100000000)
  region size 1024K, 0 young (0K), 0 survivors (0K)
 Metaspace       used 39619K, committed 39936K, reserved 1114112K
  class space    used 5264K, committed 5440K, reserved 1048576K
}
Event: 25019.150 GC heap before
{Heap before GC invocations=1200 (full 1181):
 garbage-first heap   total 76800K, used 25158K [0x00000000c0000000, 0x0000000100000000)
  region size 1024K, 1 young (1024K), 0 survivors (0K)
 Metaspace       used 39619K, committed 39936K, reserved 1114112K
  class space    used 5264K, committed 5440K, reserved 1048576K
}
Event: 25019.471 GC heap after
{Heap after GC invocations=1201 (full 1182):
 garbage-first heap   total 76800K, used 25158K [0x00000000c0000000, 0x0000000100000000)
  region size 1024K, 0 young (0K), 0 survivors (0K)
 Metaspace       used 39619K, committed 39936K, reserved 1114112K
  class space    used 5264K, committed 5440K, reserved 1048576K
}

Dll operation events (8 events):
Event: 0.218 Loaded shared library c:\Users\rifaa\.vscode\extensions\redhat.java-1.32.0-win32-x64\jre\17.0.11-win32-x86_64\bin\java.dll
Event: 4.660 Loaded shared library C:\Users\rifaa\.vscode\extensions\redhat.java-1.32.0-win32-x64\jre\17.0.11-win32-x86_64\bin\net.dll
Event: 4.842 Loaded shared library C:\Users\rifaa\.vscode\extensions\redhat.java-1.32.0-win32-x64\jre\17.0.11-win32-x86_64\bin\nio.dll
Event: 4.884 Loaded shared library C:\Users\rifaa\.vscode\extensions\redhat.java-1.32.0-win32-x64\jre\17.0.11-win32-x86_64\bin\zip.dll
Event: 9.380 Loaded shared library C:\Users\rifaa\.vscode\extensions\redhat.java-1.32.0-win32-x64\jre\17.0.11-win32-x86_64\bin\jimage.dll
Event: 35.959 Loaded shared library c:\Users\rifaa\.vscode\extensions\redhat.java-1.32.0-win32-x64\jre\17.0.11-win32-x86_64\bin\verify.dll
Event: 68.989 Loaded shared library C:\Users\rifaa\.vscode\extensions\redhat.java-1.32.0-win32-x64\jre\17.0.11-win32-x86_64\bin\management.dll
Event: 69.007 Loaded shared library C:\Users\rifaa\.vscode\extensions\redhat.java-1.32.0-win32-x64\jre\17.0.11-win32-x86_64\bin\management_ext.dll

Deoptimization events (6 events):
Event: 71.300 Thread 0x0000027f870d6060 DEOPT PACKING pc=0x0000027ffa48fa01 sp=0x000000fa4e3fe000
Event: 71.302 Thread 0x0000027f870d6060 DEOPT UNPACKING pc=0x0000027ffa0cace3 sp=0x000000fa4e3fd490 mode 3
Event: 71.321 Thread 0x0000027f871f6020 DEOPT PACKING pc=0x0000027ffa475b17 sp=0x000000fa4e5ff010
Event: 71.321 Thread 0x0000027f871f6020 DEOPT UNPACKING pc=0x0000027ffa0cace3 sp=0x000000fa4e5fe468 mode 3
Event: 2345.369 Thread 0x0000027f870d6060 DEOPT PACKING pc=0x0000027ffa55dfd4 sp=0x000000fa4e3ff1e0
Event: 2345.372 Thread 0x0000027f870d6060 DEOPT UNPACKING pc=0x0000027ffa0cace3 sp=0x000000fa4e3fe688 mode 0

Classes unloaded (20 events):
Event: 139.280 Thread 0x0000027fff920ad0 Unloading class 0x000000010008cc00 'java/lang/invoke/LambdaForm$MH+0x000000010008cc00'
Event: 139.281 Thread 0x0000027fff920ad0 Unloading class 0x000000010008c800 'java/lang/invoke/LambdaForm$MH+0x000000010008c800'
Event: 139.281 Thread 0x0000027fff920ad0 Unloading class 0x000000010008c000 'java/lang/invoke/LambdaForm$MH+0x000000010008c000'
Event: 139.281 Thread 0x0000027fff920ad0 Unloading class 0x000000010008bc00 'java/lang/invoke/LambdaForm$MH+0x000000010008bc00'
Event: 14214.613 Thread 0x0000027fff920ad0 Unloading class 0x0000000100436000 'java/lang/invoke/LambdaForm$MH+0x0000000100436000'
Event: 14214.615 Thread 0x0000027fff920ad0 Unloading class 0x000000010048c400 'java/lang/invoke/LambdaForm$MH+0x000000010048c400'
Event: 14214.615 Thread 0x0000027fff920ad0 Unloading class 0x000000010051c400 'java/lang/invoke/LambdaForm$MH+0x000000010051c400'
Event: 17390.415 Thread 0x0000027fff920ad0 Unloading class 0x00000001003b6400 'java/lang/invoke/LambdaForm$MH+0x00000001003b6400'
Event: 17390.415 Thread 0x0000027fff920ad0 Unloading class 0x0000000100410000 'java/lang/invoke/LambdaForm$MH+0x0000000100410000'
Event: 17390.415 Thread 0x0000027fff920ad0 Unloading class 0x0000000100410800 'java/lang/invoke/LambdaForm$MH+0x0000000100410800'
Event: 17390.416 Thread 0x0000027fff920ad0 Unloading class 0x000000010008c000 'java/lang/invoke/LambdaForm$MH+0x000000010008c000'
Event: 17390.416 Thread 0x0000027fff920ad0 Unloading class 0x000000010008d400 'java/lang/invoke/LambdaForm$MH+0x000000010008d400'
Event: 17390.416 Thread 0x0000027fff920ad0 Unloading class 0x000000010008e800 'java/lang/invoke/LambdaForm$MH+0x000000010008e800'
Event: 19157.287 Thread 0x0000027fff920ad0 Unloading class 0x00000001003ad000 'java/lang/invoke/LambdaForm$MH+0x00000001003ad000'
Event: 19157.288 Thread 0x0000027fff920ad0 Unloading class 0x00000001003ae400 'java/lang/invoke/LambdaForm$MH+0x00000001003ae400'
Event: 19157.288 Thread 0x0000027fff920ad0 Unloading class 0x00000001003ae000 'java/lang/invoke/LambdaForm$MH+0x00000001003ae000'
Event: 19157.288 Thread 0x0000027fff920ad0 Unloading class 0x0000000100262c00 'java/lang/invoke/LambdaForm$MH+0x0000000100262c00'
Event: 19157.288 Thread 0x0000027fff920ad0 Unloading class 0x000000010008e800 'java/lang/invoke/LambdaForm$MH+0x000000010008e800'
Event: 19157.288 Thread 0x0000027fff920ad0 Unloading class 0x000000010008d400 'java/lang/invoke/LambdaForm$MH+0x000000010008d400'
Event: 19157.288 Thread 0x0000027fff920ad0 Unloading class 0x000000010008c000 'java/lang/invoke/LambdaForm$MH+0x000000010008c000'

Classes redefined (0 events):
No events

Internal exceptions (20 events):
Event: 61.649 Thread 0x0000027ff73eb3b0 Exception <a 'java/lang/NoSuchMethodError'{0x00000000c2f03268}: 'java.lang.Object java.lang.invoke.DirectMethodHandle$Holder.invokeStaticInit(java.lang.Object, int, int, int, int)'> (0x00000000c2f03268) 
thrown [s\src\hotspot\share\interpreter\linkResolver.cpp, line 759]
Event: 62.572 Thread 0x0000027ff73eb3b0 Exception <a 'java/lang/NoSuchMethodError'{0x00000000c2fe64c8}: 'java.lang.Object java.lang.invoke.DirectMethodHandle$Holder.invokeStaticInit(java.lang.Object, java.lang.Object, int, int, int, int)'> (0x00000000c2fe64c8) 
thrown [s\src\hotspot\share\interpreter\linkResolver.cpp, line 759]
Event: 65.277 Thread 0x0000027ff73eb3b0 Exception <a 'java/lang/NoSuchMethodError'{0x00000000c3a89d50}: 'void java.lang.invoke.DirectMethodHandle$Holder.invokeSpecialIFC(java.lang.Object, java.lang.Object, java.lang.Object)'> (0x00000000c3a89d50) 
thrown [s\src\hotspot\share\interpreter\linkResolver.cpp, line 759]
Event: 67.169 Thread 0x0000027ff73eb3b0 Exception <a 'java/lang/NoSuchMethodError'{0x00000000c3d07bc8}: 'int java.lang.invoke.DirectMethodHandle$Holder.invokeStaticInit(java.lang.Object, java.lang.Object, int, java.lang.Object)'> (0x00000000c3d07bc8) 
thrown [s\src\hotspot\share\interpreter\linkResolver.cpp, line 759]
Event: 67.386 Thread 0x0000027ff73eb3b0 Exception <a 'java/lang/NoSuchMethodError'{0x00000000c3c2b428}: 'void java.lang.invoke.DirectMethodHandle$Holder.invokeSpecial(java.lang.Object, java.lang.Object, java.lang.Object, java.lang.Object, java.lang.Object, java.lang.Object, java.lang.Object)'> (0x00000000c3c2b428) 
thrown [s\src\hotspot\share\interpreter\linkResolver.cpp, line 759]
Event: 68.057 Thread 0x0000027ff73eb3b0 Exception <a 'java/lang/NoSuchMethodError'{0x00000000c37555d8}: 'java.lang.Object java.lang.invoke.DirectMethodHandle$Holder.invokeInterface(java.lang.Object, java.lang.Object, int)'> (0x00000000c37555d8) 
thrown [s\src\hotspot\share\interpreter\linkResolver.cpp, line 759]
Event: 68.061 Thread 0x0000027ff73eb3b0 Exception <a 'java/lang/IncompatibleClassChangeError'{0x00000000c376c410}: Found class java.lang.Object, but interface was expected> (0x00000000c376c410) 
thrown [s\src\hotspot\share\interpreter\linkResolver.cpp, line 826]
Event: 68.961 Thread 0x0000027ff73eb3b0 Exception <a 'java/lang/NoSuchMethodError'{0x00000000c3adc638}: 'java.lang.Object java.lang.invoke.DirectMethodHandle$Holder.newInvokeSpecial(java.lang.Object, java.lang.Object, int, java.lang.Object, java.lang.Object)'> (0x00000000c3adc638) 
thrown [s\src\hotspot\share\interpreter\linkResolver.cpp, line 759]
Event: 68.964 Thread 0x0000027ff73eb3b0 Exception <a 'java/lang/NoSuchMethodError'{0x00000000c3aefd48}: 'java.lang.Object java.lang.invoke.DirectMethodHandle$Holder.invokeSpecial(java.lang.Object, java.lang.Object, int, java.lang.Object, int, java.lang.Object)'> (0x00000000c3aefd48) 
thrown [s\src\hotspot\share\interpreter\linkResolver.cpp, line 759]
Event: 68.965 Thread 0x0000027ff73eb3b0 Exception <a 'java/lang/NoSuchMethodError'{0x00000000c3af7b50}: 'java.lang.Object java.lang.invoke.DirectMethodHandle$Holder.newInvokeSpecial(java.lang.Object, java.lang.Object, int, java.lang.Object, int)'> (0x00000000c3af7b50) 
thrown [s\src\hotspot\share\interpreter\linkResolver.cpp, line 759]
Event: 68.967 Thread 0x0000027ff73eb3b0 Exception <a 'java/lang/NoSuchMethodError'{0x00000000c3afbc50}: 'java.lang.Object java.lang.invoke.DirectMethodHandle$Holder.invokeSpecial(java.lang.Object, java.lang.Object, java.lang.Object, int, java.lang.Object, int)'> (0x00000000c3afbc50) 
thrown [s\src\hotspot\share\interpreter\linkResolver.cpp, line 759]
Event: 70.258 Thread 0x0000027f873b32a0 Exception <a 'java/lang/NoSuchMethodError'{0x00000000c2e886b0}: 'java.lang.Object java.lang.invoke.DirectMethodHandle$Holder.invokeStatic(java.lang.Object, int, java.lang.Object)'> (0x00000000c2e886b0) 
thrown [s\src\hotspot\share\interpreter\linkResolver.cpp, line 759]
Event: 71.082 Thread 0x0000027f870d6060 Exception <a 'java/lang/NoSuchMethodError'{0x00000000c2d04a08}: 'java.lang.Object java.lang.invoke.DirectMethodHandle$Holder.invokeStatic(java.lang.Object, java.lang.Object, java.lang.Object, int, java.lang.Object, java.lang.Object)'> (0x00000000c2d04a08) 
thrown [s\src\hotspot\share\interpreter\linkResolver.cpp, line 759]
Event: 71.982 Thread 0x0000027f87146a00 Exception <a 'java/lang/NoSuchMethodError'{0x00000000c4700000}: 'int java.lang.invoke.DirectMethodHandle$Holder.invokeStatic(java.lang.Object)'> (0x00000000c4700000) 
thrown [s\src\hotspot\share\interpreter\linkResolver.cpp, line 759]
Event: 71.983 Thread 0x0000027f87146a00 Exception <a 'java/lang/NoSuchMethodError'{0x00000000c47036a0}: 'int java.lang.invoke.DirectMethodHandle$Holder.invokeStaticInit(java.lang.Object)'> (0x00000000c47036a0) 
thrown [s\src\hotspot\share\interpreter\linkResolver.cpp, line 759]
Event: 109.793 Thread 0x0000027f871a00a0 Exception <a 'java/lang/NoSuchMethodError'{0x00000000c453c748}: 'void java.lang.invoke.DirectMethodHandle$Holder.invokeStatic(java.lang.Object, long)'> (0x00000000c453c748) 
thrown [s\src\hotspot\share\interpreter\linkResolver.cpp, line 759]
Event: 109.845 Thread 0x0000027f871a00a0 Exception <a 'java/lang/NoSuchMethodError'{0x00000000c4541af0}: 'java.lang.Object java.lang.invoke.DirectMethodHandle$Holder.newInvokeSpecial(java.lang.Object, long)'> (0x00000000c4541af0) 
thrown [s\src\hotspot\share\interpreter\linkResolver.cpp, line 759]
Event: 17601.131 Thread 0x0000027f8724a210 Exception <a 'java/lang/NoSuchMethodError'{0x00000000c4661530}: 'java.lang.Object java.lang.invoke.DirectMethodHandle$Holder.newInvokeSpecial(java.lang.Object, java.lang.Object, int, java.lang.Object)'> (0x00000000c4661530) 
thrown [s\src\hotspot\share\interpreter\linkResolver.cpp, line 759]
Event: 17601.139 Thread 0x0000027f8724a210 Exception <a 'java/lang/NoSuchMethodError'{0x00000000c4664e50}: 'java.lang.Object java.lang.invoke.Invokers$Holder.linkToTargetMethod(java.lang.Object, int, java.lang.Object, java.lang.Object)'> (0x00000000c4664e50) 
thrown [s\src\hotspot\share\interpreter\linkResolver.cpp, line 759]
Event: 24973.780 Thread 0x0000027f871a00a0 Exception <a 'java/io/IOException'{0x00000000c4a00628}: CreateProcess error=1455, The paging file is too small for this operation to complete> (0x00000000c4a00628) 
thrown [s\src\hotspot\share\prims\jni.cpp, line 535]

VM Operations (20 events):
Event: 24906.663 Executing VM operation: G1CollectFull done
Event: 24919.559 Executing VM operation: G1CollectFull
Event: 24919.702 Executing VM operation: G1CollectFull done
Event: 24933.518 Executing VM operation: G1CollectFull
Event: 24933.768 Executing VM operation: G1CollectFull done
Event: 24948.507 Executing VM operation: G1CollectFull
Event: 24948.678 Executing VM operation: G1CollectFull done
Event: 24963.450 Executing VM operation: G1CollectFull
Event: 24963.649 Executing VM operation: G1CollectFull done
Event: 24974.757 Executing VM operation: Cleanup
Event: 24974.759 Executing VM operation: Cleanup done
Event: 24985.452 Executing VM operation: G1CollectFull
Event: 24985.868 Executing VM operation: G1CollectFull done
Event: 24996.254 Executing VM operation: G1CollectFull
Event: 24996.489 Executing VM operation: G1CollectFull done
Event: 25006.774 Executing VM operation: G1CollectFull
Event: 25006.805 Executing VM operation: G1CollectFull done
Event: 25019.131 Executing VM operation: G1CollectFull
Event: 25019.471 Executing VM operation: G1CollectFull done
Event: 25031.563 Executing VM operation: G1CollectFull

Events (20 events):
Event: 18959.747 Thread 0x0000027f8724d9c0 Thread exited: 0x0000027f8724d9c0
Event: 19002.118 Thread 0x0000027f8724c070 Thread added: 0x0000027f8724c070
Event: 19002.183 Thread 0x0000027f87246f70 Thread added: 0x0000027f87246f70
Event: 19007.087 Thread 0x0000027f8724bb60 Thread added: 0x0000027f8724bb60
Event: 19016.559 Thread 0x0000027f87246040 Thread exited: 0x0000027f87246040
Event: 19019.413 Thread 0x0000027f872483b0 Thread added: 0x0000027f872483b0
Event: 19042.205 Thread 0x0000027f8724c580 Thread added: 0x0000027f8724c580
Event: 19044.828 Thread 0x0000027f87246040 Thread added: 0x0000027f87246040
Event: 19055.723 Thread 0x0000027f8724b140 Thread added: 0x0000027f8724b140
Event: 19055.734 Thread 0x0000027f8724ca90 Thread added: 0x0000027f8724ca90
Event: 19143.728 Thread 0x0000027f87246040 Thread exited: 0x0000027f87246040
Event: 19143.758 Thread 0x0000027f8724bb60 Thread exited: 0x0000027f8724bb60
Event: 19143.760 Thread 0x0000027f87246f70 Thread exited: 0x0000027f87246f70
Event: 19143.760 Thread 0x0000027f872483b0 Thread exited: 0x0000027f872483b0
Event: 19177.855 Thread 0x0000027f8724c580 Thread exited: 0x0000027f8724c580
Event: 19177.857 Thread 0x0000027f8724b140 Thread exited: 0x0000027f8724b140
Event: 19177.857 Thread 0x0000027f87247990 Thread exited: 0x0000027f87247990
Event: 19177.871 Thread 0x0000027f8724b650 Thread exited: 0x0000027f8724b650
Event: 19177.871 Thread 0x0000027f8724ca90 Thread exited: 0x0000027f8724ca90
Event: 19203.710 Thread 0x0000027f8724c070 Thread exited: 0x0000027f8724c070


Dynamic libraries:
0x00007ff6e3c30000 - 0x00007ff6e3c3e000 	c:\Users\rifaa\.vscode\extensions\redhat.java-1.32.0-win32-x64\jre\17.0.11-win32-x86_64\bin\java.exe
0x00007ffaa6a50000 - 0x00007ffaa6c67000 	C:\WINDOWS\SYSTEM32\ntdll.dll
0x00007ffaa55e0000 - 0x00007ffaa56a4000 	C:\WINDOWS\System32\KERNEL32.DLL
0x00007ffaa4100000 - 0x00007ffaa44ac000 	C:\WINDOWS\System32\KERNELBASE.dll
0x00007ffaa3fe0000 - 0x00007ffaa40f1000 	C:\WINDOWS\System32\ucrtbase.dll
0x00007ffa7c290000 - 0x00007ffa7c2a7000 	c:\Users\rifaa\.vscode\extensions\redhat.java-1.32.0-win32-x64\jre\17.0.11-win32-x86_64\bin\jli.dll
0x00007ffaa56b0000 - 0x00007ffaa585e000 	C:\WINDOWS\System32\USER32.dll
0x00007ffaa3ef0000 - 0x00007ffaa3f16000 	C:\WINDOWS\System32\win32u.dll
0x00007ffaa58f0000 - 0x00007ffaa5919000 	C:\WINDOWS\System32\GDI32.dll
0x00007ffaa44e0000 - 0x00007ffaa45f9000 	C:\WINDOWS\System32\gdi32full.dll
0x00007ffaa46f0000 - 0x00007ffaa478a000 	C:\WINDOWS\System32\msvcp_win.dll
0x00007ffa71cb0000 - 0x00007ffa71ccb000 	c:\Users\rifaa\.vscode\extensions\redhat.java-1.32.0-win32-x64\jre\17.0.11-win32-x86_64\bin\VCRUNTIME140.dll
0x00007ffa8b5c0000 - 0x00007ffa8b853000 	C:\WINDOWS\WinSxS\amd64_microsoft.windows.common-controls_6595b64144ccf1df_6.0.22621.3672_none_2713b9d173822955\COMCTL32.dll
0x00007ffaa5ac0000 - 0x00007ffaa5b67000 	C:\WINDOWS\System32\msvcrt.dll
0x00007ffaa55a0000 - 0x00007ffaa55d1000 	C:\WINDOWS\System32\IMM32.DLL
0x00007ffaa0190000 - 0x00007ffaa019c000 	c:\Users\rifaa\.vscode\extensions\redhat.java-1.32.0-win32-x64\jre\17.0.11-win32-x86_64\bin\vcruntime140_1.dll
0x00007ffa27bc0000 - 0x00007ffa27c4d000 	c:\Users\rifaa\.vscode\extensions\redhat.java-1.32.0-win32-x64\jre\17.0.11-win32-x86_64\bin\msvcp140.dll
0x00007ffa07130000 - 0x00007ffa07d92000 	c:\Users\rifaa\.vscode\extensions\redhat.java-1.32.0-win32-x64\jre\17.0.11-win32-x86_64\bin\server\jvm.dll
0x00007ffaa4cd0000 - 0x00007ffaa4d82000 	C:\WINDOWS\System32\ADVAPI32.dll
0x00007ffaa4b70000 - 0x00007ffaa4c1a000 	C:\WINDOWS\System32\sechost.dll
0x00007ffaa44b0000 - 0x00007ffaa44d8000 	C:\WINDOWS\System32\bcrypt.dll
0x00007ffaa5920000 - 0x00007ffaa5a35000 	C:\WINDOWS\System32\RPCRT4.dll
0x00007ffaa3c40000 - 0x00007ffaa3c8d000 	C:\WINDOWS\SYSTEM32\POWRPROF.dll
0x00007ffaa02d0000 - 0x00007ffaa02d9000 	C:\WINDOWS\SYSTEM32\WSOCK32.dll
0x00007ffaa5370000 - 0x00007ffaa53e1000 	C:\WINDOWS\System32\WS2_32.dll
0x00007ffa9cf90000 - 0x00007ffa9cf9a000 	C:\WINDOWS\SYSTEM32\VERSION.dll
0x00007ffa9f890000 - 0x00007ffa9f8c4000 	C:\WINDOWS\SYSTEM32\WINMM.dll
0x00007ffaa3c20000 - 0x00007ffaa3c33000 	C:\WINDOWS\SYSTEM32\UMPDC.dll
0x00007ffaa2db0000 - 0x00007ffaa2dc8000 	C:\WINDOWS\SYSTEM32\kernel.appcore.dll
0x00007ffa8c610000 - 0x00007ffa8c61a000 	c:\Users\rifaa\.vscode\extensions\redhat.java-1.32.0-win32-x64\jre\17.0.11-win32-x86_64\bin\jimage.dll
0x00007ffaa16f0000 - 0x00007ffaa1922000 	C:\WINDOWS\SYSTEM32\DBGHELP.DLL
0x00007ffaa4fe0000 - 0x00007ffaa5368000 	C:\WINDOWS\System32\combase.dll
0x00007ffaa4d90000 - 0x00007ffaa4e67000 	C:\WINDOWS\System32\OLEAUT32.dll
0x00007ffa8a1b0000 - 0x00007ffa8a1e2000 	C:\WINDOWS\SYSTEM32\dbgcore.DLL
0x00007ffaa4600000 - 0x00007ffaa467b000 	C:\WINDOWS\System32\bcryptPrimitives.dll
0x00007ffa57270000 - 0x00007ffa57295000 	c:\Users\rifaa\.vscode\extensions\redhat.java-1.32.0-win32-x64\jre\17.0.11-win32-x86_64\bin\java.dll
0x00007ffa4f8a0000 - 0x00007ffa4f8b8000 	c:\Users\rifaa\.vscode\extensions\redhat.java-1.32.0-win32-x64\jre\17.0.11-win32-x86_64\bin\zip.dll
0x00007ffaa5bc0000 - 0x00007ffaa641c000 	C:\WINDOWS\System32\SHELL32.dll
0x00007ffaa1cd0000 - 0x00007ffaa25c7000 	C:\WINDOWS\SYSTEM32\windows.storage.dll
0x00007ffaa1b90000 - 0x00007ffaa1ccf000 	C:\WINDOWS\SYSTEM32\wintypes.dll
0x00007ffaa47c0000 - 0x00007ffaa48b4000 	C:\WINDOWS\System32\SHCORE.dll
0x00007ffaa5870000 - 0x00007ffaa58ce000 	C:\WINDOWS\System32\shlwapi.dll
0x00007ffaa3cb0000 - 0x00007ffaa3cd1000 	C:\WINDOWS\SYSTEM32\profapi.dll
0x00007ffa4f0f0000 - 0x00007ffa4f109000 	C:\Users\rifaa\.vscode\extensions\redhat.java-1.32.0-win32-x64\jre\17.0.11-win32-x86_64\bin\net.dll
0x00007ffaa05c0000 - 0x00007ffaa06f6000 	C:\WINDOWS\SYSTEM32\WINHTTP.dll
0x00007ffaa3220000 - 0x00007ffaa3289000 	C:\WINDOWS\system32\mswsock.dll
0x00007ffa49a50000 - 0x00007ffa49a66000 	C:\Users\rifaa\.vscode\extensions\redhat.java-1.32.0-win32-x64\jre\17.0.11-win32-x86_64\bin\nio.dll
0x00007ffa7e190000 - 0x00007ffa7e1a0000 	c:\Users\rifaa\.vscode\extensions\redhat.java-1.32.0-win32-x64\jre\17.0.11-win32-x86_64\bin\verify.dll
0x00007ffaa3490000 - 0x00007ffaa34ab000 	C:\WINDOWS\SYSTEM32\CRYPTSP.dll
0x00007ffaa2d10000 - 0x00007ffaa2d45000 	C:\WINDOWS\system32\rsaenh.dll
0x00007ffaa3320000 - 0x00007ffaa3348000 	C:\WINDOWS\SYSTEM32\USERENV.dll
0x00007ffaa3480000 - 0x00007ffaa348c000 	C:\WINDOWS\SYSTEM32\CRYPTBASE.dll
0x00007ffaa2870000 - 0x00007ffaa289d000 	C:\WINDOWS\SYSTEM32\IPHLPAPI.DLL
0x00007ffaa47b0000 - 0x00007ffaa47b9000 	C:\WINDOWS\System32\NSI.dll
0x00007ffaa07b0000 - 0x00007ffaa07c9000 	C:\WINDOWS\SYSTEM32\dhcpcsvc6.DLL
0x00007ffaa0790000 - 0x00007ffaa07af000 	C:\WINDOWS\SYSTEM32\dhcpcsvc.DLL
0x00007ffaa28f0000 - 0x00007ffaa29e8000 	C:\WINDOWS\SYSTEM32\DNSAPI.dll
0x00007ffa8a220000 - 0x00007ffa8a229000 	C:\Users\rifaa\.vscode\extensions\redhat.java-1.32.0-win32-x64\jre\17.0.11-win32-x86_64\bin\management.dll
0x00007ffa8a180000 - 0x00007ffa8a18b000 	C:\Users\rifaa\.vscode\extensions\redhat.java-1.32.0-win32-x64\jre\17.0.11-win32-x86_64\bin\management_ext.dll
0x00007ffaa4fd0000 - 0x00007ffaa4fd8000 	C:\WINDOWS\System32\PSAPI.DLL

dbghelp: loaded successfully - version: 4.0.5 - missing functions: none
symbol engine: initialized successfully - sym options: 0x614 - pdb path: .;c:\Users\rifaa\.vscode\extensions\redhat.java-1.32.0-win32-x64\jre\17.0.11-win32-x86_64\bin;C:\WINDOWS\SYSTEM32;C:\WINDOWS\WinSxS\amd64_microsoft.windows.common-controls_6595b64144ccf1df_6.0.22621.3672_none_2713b9d173822955;c:\Users\rifaa\.vscode\extensions\redhat.java-1.32.0-win32-x64\jre\17.0.11-win32-x86_64\bin\server

VM Arguments:
jvm_args: -Xmx1024m -Dsts.lsp.client=vscode -Dsts.log.file=/dev/null -XX:TieredStopAtLevel=1 -Xlog:jni+resolve=off -Dspring.config.location=file:c:\Users\rifaa\.vscode\extensions\vmware.vscode-spring-boot-1.55.1\language-server\BOOT-INF\classes\application.properties 
java_command: org.springframework.ide.vscode.boot.app.BootLanguageServerBootApp
java_class_path (initial): c:\Users\rifaa\.vscode\extensions\vmware.vscode-spring-boot-1.55.1\language-server\BOOT-INF\classes;c:\Users\rifaa\.vscode\extensions\vmware.vscode-spring-boot-1.55.1\language-server\BOOT-INF\lib\annotations-24.1.0.jar;c:\Users\rifaa\.vscode\extensions\vmware.vscode-spring-boot-1.55.1\language-server\BOOT-INF\lib\antlr4-runtime-4.13.1.jar;c:\Users\rifaa\.vscode\extensions\vmware.vscode-spring-boot-1.55.1\language-server\BOOT-INF\lib\asm-9.7.jar;c:\Users\rifaa\.vscode\extensions\vmware.vscode-spring-boot-1.55.1\language-server\BOOT-INF\lib\asm-analysis-9.7.jar;c:\Users\rifaa\.vscode\extensions\vmware.vscode-spring-boot-1.55.1\language-server\BOOT-INF\lib\asm-tree-9.7.jar;c:\Users\rifaa\.vscode\extensions\vmware.vscode-spring-boot-1.55.1\language-server\BOOT-INF\lib\asm-util-9.7.jar;c:\Users\rifaa\.vscode\extensions\vmware.vscode-spring-boot-1.55.1\language-server\BOOT-INF\lib\caffeine-3.1.8.jar;c:\Users\rifaa\.vscode\extensions\vmware.vscode-spring-boot-1.55.1\language-server\BOOT-INF\lib\checker-qual-3.12.0.jar;c:\Users\rifaa\.vscode\extensions\vmware.vscode-spring-boot-1.55.1\language-server\BOOT-INF\lib\classgraph-4.8.149.jar;c:\Users\rifaa\.vscode\extensions\vmware.vscode-spring-boot-1.55.1\language-server\BOOT-INF\lib\commons-codec-1.16.1.jar;c:\Users\rifaa\.vscode\extensions\vmware.vscode-spring-boot-1.55.1\language-server\BOOT-INF\lib\commons-compress-1.26.1.jar;c:\Users\rifaa\.vscode\extensions\vmware.vscode-spring-boot-1.55.1\language-server\BOOT-INF\lib\commons-io-2.16.1.jar;c:\Users\rifaa\.vscode\extensions\vmware.vscode-spring-boot-1.55.1\language-server\BOOT-INF\lib\commons-java-1.55.1-SNAPSHOT.jar;c:\Users\rifaa\.vscode\extensions\vmware.vscode-spring-boot-1.55.1\language-server\BOOT-INF\lib\commons-lang3-3.14.0.jar;c:\Users\rifaa\.vscode\extensions\vmware.vscode-spring-boot-1.55.1\language-server\BOOT-INF\lib\commons-language-server-1.55.1-SNAPSHOT.jar;c:\Users\rifaa\.vscode\extensions\vmware.vscode-spring-boot-1.55.1\langu
Launcher Type: SUN_STANDARD

[Global flags]
     intx CICompilerCount                          = 3                                         {product} {ergonomic}
     uint ConcGCThreads                            = 1                                         {product} {ergonomic}
     uint G1ConcRefinementThreads                  = 4                                         {product} {ergonomic}
   size_t G1HeapRegionSize                         = 1048576                                   {product} {ergonomic}
    uintx GCDrainStackTargetSize                   = 64                                        {product} {ergonomic}
   size_t InitialHeapSize                          = 65011712                                  {product} {ergonomic}
   size_t MarkStackSize                            = 4194304                                   {product} {ergonomic}
   size_t MaxHeapSize                              = 1073741824                                {product} {command line}
   size_t MaxNewSize                               = 643825664                                 {product} {ergonomic}
   size_t MinHeapDeltaBytes                        = 1048576                                   {product} {ergonomic}
   size_t MinHeapSize                              = 8388608                                   {product} {ergonomic}
    uintx NonProfiledCodeHeapSize                  = 0                                      {pd product} {ergonomic}
     bool ProfileInterpreter                       = false                                  {pd product} {command line}
    uintx ProfiledCodeHeapSize                     = 0                                      {pd product} {ergonomic}
   size_t SoftMaxHeapSize                          = 1073741824                             {manageable} {ergonomic}
     intx TieredStopAtLevel                        = 1                                         {product} {command line}
     bool UseCompressedClassPointers               = true                           {product lp64_product} {ergonomic}
     bool UseCompressedOops                        = true                           {product lp64_product} {ergonomic}
     bool UseG1GC                                  = true                                      {product} {ergonomic}
     bool UseLargePagesIndividualAllocation        = false                                  {pd product} {ergonomic}

Logging:
Log output configuration:
 #0: stdout all=warning,jni+resolve=off uptime,level,tags
 #1: stderr all=off uptime,level,tags

Environment Variables:
PATH=C:\Users\rifaa\bin;C:\Program Files\Git\mingw64\bin;C:\Program Files\Git\usr\local\bin;C:\Program Files\Git\usr\bin;C:\Program Files\Git\usr\bin;C:\Program Files\Git\mingw64\bin;C:\Program Files\Git\usr\bin;C:\Users\rifaa\bin;C:\Program Files\Common Files\Oracle\Java\javapath;C:\WINDOWS\system32;C:\WINDOWS;C:\WINDOWS\System32\Wbem;C:\WINDOWS\System32\WindowsPowerShell\v1.0;C:\WINDOWS\System32\OpenSSH;C:\Program Files\Java\jdk-17\bin;C:\Users\rifaa\Downloads\apache-maven-3.9.7\bin;C:\Program Files\Git\cmd;C:\Program Files\nodejs;C:\Users\rifaa\AppData\Local\Microsoft\WindowsApps;C:\Users\rifaa\AppData\Local\Programs\Microsoft VS Code\bin;C:\Users\rifaa\AppData\Roaming\npm;C:\Program Files\Git\usr\bin\vendor_perl;C:\Program Files\Git\usr\bin\core_perl
USERNAME=rifaa
SHELL=C:\Program Files\Git\usr\bin\bash.exe
DISPLAY=needs-to-be-defined
LC_CTYPE=en_US.UTF-8
TERM=xterm
TMPDIR=C:\Users\rifaa\AppData\Local\Temp
OS=Windows_NT
PROCESSOR_IDENTIFIER=Intel64 Family 6 Model 126 Stepping 5, GenuineIntel
TMP=C:\Users\rifaa\AppData\Local\Temp
TEMP=C:\Users\rifaa\AppData\Local\Temp



Periodic native trim disabled


---------------  S Y S T E M  ---------------

OS:
 Windows 11 , 64 bit Build 22621 (10.0.22621.3672)
OS uptime: 0 days 21:34 hours

CPU: total 4 (initial active 4) (2 cores per cpu, 2 threads per core) family 6 model 126 stepping 5 microcode 0xa0, cx8, cmov, fxsr, ht, mmx, 3dnowpref, sse, sse2, sse3, ssse3, sse4.1, sse4.2, popcnt, lzcnt, tsc, tscinvbit, avx, avx2, aes, erms, clmul, bmi1, bmi2, adx, avx512f, avx512dq, avx512cd, avx512bw, avx512vl, sha, fma, vzeroupper, avx512_vpopcntdq, avx512_vpclmulqdq, avx512_vaes, avx512_vnni, clflush, clflushopt, avx512_vbmi2, avx512_vbmi
Processor Information for all 4 processors :
  Max Mhz: 1201, Current Mhz: 1201, Mhz Limit: 1201

Memory: 4k page, system-wide physical 3902M (181M free)
TotalPageFile size 15678M (AvailPageFile size 15M)
current process WorkingSet (physical memory assigned to process): 14M, peak: 119M
current process commit charge ("private bytes"): 203M, peak: 209M

vm_info: OpenJDK 64-Bit Server VM (17.0.11+9) for windows-amd64 JRE (17.0.11+9), built on Apr 17 2024 06:07:48 by "admin" with MS VC++ 16.10 / 16.11 (VS2019)

END.
